<?xml version="1.0" encoding="UTF-8"?>
<!-- Generated by org.testng.reporters.JUnitXMLReporter -->
<testsuite ignored="20" hostname="Ajit_Choudhary" failures="8" tests="11" name="Airline Project TestCases Test" time="249.804" errors="0" timestamp="2025-06-15T14:17:09 IST">
  <testcase classname="project2_Airline.TC9_MultiplePasngrs_SingleBooking" name="MultiplePasngrsTC9_SingleBooking_Ability" time="15.358"/>
  <testcase classname="project2_Airline.TC5_RoundTrip_Flight" name="SearchTC5_RoundTrip_Flight" time="4.889"/>
  <testcase classname="project2_Airline.TC8_Seat_Selection" name="CheckSeatTC8_Selection" time="20.476">
    <failure type="java.lang.NullPointerException" message="Cannot invoke &amp;quot;org.openqa.selenium.WebDriver.getClass()&amp;quot; because &amp;quot;exceptionDriver&amp;quot; is null">
      <![CDATA[java.lang.NullPointerException: Cannot invoke "org.openqa.selenium.WebDriver.getClass()" because "exceptionDriver" is null
at org.openqa.selenium.support.ui.WebDriverWait.timeoutException(WebDriverWait.java:85)
at org.openqa.selenium.support.ui.FluentWait.until(FluentWait.java:228)
at project2_Airline_Src.Airline_SeatSelection_Page.SearchDetails(Airline_SeatSelection_Page.java:98)
at project2_Airline.TC8_Seat_Selection.CheckSeatTC8_Selection(TC8_Seat_Selection.java:35)
at java.base/java.util.ArrayList.forEach(ArrayList.java:1511)
... Removed 27 stack frames]]>
    </failure>
  </testcase> <!-- CheckSeatTC8_Selection -->
  <testcase classname="project2_Airline.TC6_Econmy_Buisness_FirstClses" name="SearchTC6_Ecnmy_Business_FirstClses" time="11.742">
    <failure type="java.lang.NullPointerException" message="Cannot invoke &amp;quot;org.openqa.selenium.WebDriver.getClass()&amp;quot; because &amp;quot;exceptionDriver&amp;quot; is null">
      <![CDATA[java.lang.NullPointerException: Cannot invoke "org.openqa.selenium.WebDriver.getClass()" because "exceptionDriver" is null
at org.openqa.selenium.support.ui.WebDriverWait.timeoutException(WebDriverWait.java:85)
at org.openqa.selenium.support.ui.FluentWait.until(FluentWait.java:228)
at project2_Airline_Src.Airline_EconomyCls_Page.EconomyCls_FLight(Airline_EconomyCls_Page.java:67)
at project2_Airline.TC6_Econmy_Buisness_FirstClses.SearchTC6_Ecnmy_Business_FirstClses(TC6_Econmy_Buisness_FirstClses.java:40)
at java.base/java.util.ArrayList.forEach(ArrayList.java:1511)
... Removed 27 stack frames]]>
    </failure>
  </testcase> <!-- SearchTC6_Ecnmy_Business_FirstClses -->
  <testcase classname="project2_Airline.U_TC10_Flight_Rules_Info" name="RulesTC10_Fare_Baggage_Cancelsn" time="11.308">
    <failure type="java.lang.NullPointerException" message="Cannot invoke &amp;quot;org.openqa.selenium.WebDriver.getClass()&amp;quot; because &amp;quot;exceptionDriver&amp;quot; is null">
      <![CDATA[java.lang.NullPointerException: Cannot invoke "org.openqa.selenium.WebDriver.getClass()" because "exceptionDriver" is null
at org.openqa.selenium.support.ui.WebDriverWait.timeoutException(WebDriverWait.java:85)
at org.openqa.selenium.support.ui.FluentWait.until(FluentWait.java:228)
at project2_Airline_Src.Airline_FareRule_Page.HydTODxb(Airline_FareRule_Page.java:64)
at project2_Airline.U_TC10_Flight_Rules_Info.RulesTC10_Fare_Baggage_Cancelsn(U_TC10_Flight_Rules_Info.java:39)
at java.base/java.util.ArrayList.forEach(ArrayList.java:1511)
... Removed 27 stack frames]]>
    </failure>
  </testcase> <!-- RulesTC10_Fare_Baggage_Cancelsn -->
  <testcase classname="project2_Airline.TC4_OneWay_Flight" name="SearchTC4_OneWayFlight" time="16.745">
    <failure type="java.lang.NullPointerException" message="Cannot invoke &amp;quot;org.openqa.selenium.WebDriver.getClass()&amp;quot; because &amp;quot;exceptionDriver&amp;quot; is null">
      <![CDATA[java.lang.NullPointerException: Cannot invoke "org.openqa.selenium.WebDriver.getClass()" because "exceptionDriver" is null
at org.openqa.selenium.support.ui.WebDriverWait.timeoutException(WebDriverWait.java:85)
at org.openqa.selenium.support.ui.FluentWait.until(FluentWait.java:228)
at project2_Airline_Src.Airline_OneWayTrip_Page.OneWayTrip(Airline_OneWayTrip_Page.java:50)
at project2_Airline.TC4_OneWay_Flight.SearchTC4_OneWayFlight(TC4_OneWay_Flight.java:39)
at java.base/java.util.ArrayList.forEach(ArrayList.java:1511)
... Removed 27 stack frames]]>
    </failure>
  </testcase> <!-- SearchTC4_OneWayFlight -->
  <testcase classname="project2_Airline.Z_TC15_CreditCard_PaymentMethod" name="PaymentPageTC15_Slct_CredtCard" time="12.707">
    <failure type="java.lang.NullPointerException" message="Cannot invoke &amp;quot;org.openqa.selenium.WebDriver.getClass()&amp;quot; because &amp;quot;exceptionDriver&amp;quot; is null">
      <![CDATA[java.lang.NullPointerException: Cannot invoke "org.openqa.selenium.WebDriver.getClass()" because "exceptionDriver" is null
at org.openqa.selenium.support.ui.WebDriverWait.timeoutException(WebDriverWait.java:85)
at org.openqa.selenium.support.ui.FluentWait.until(FluentWait.java:228)
at project2_Airline_Src.Airline_CreditCardPay_Page.FlightDetails(Airline_CreditCardPay_Page.java:80)
at project2_Airline.Z_TC15_CreditCard_PaymentMethod.PaymentPageTC15_Slct_CredtCard(Z_TC15_CreditCard_PaymentMethod.java:37)
at java.base/java.util.ArrayList.forEach(ArrayList.java:1511)
... Removed 27 stack frames]]>
    </failure>
  </testcase> <!-- PaymentPageTC15_Slct_CredtCard -->
  <testcase classname="project2_Airline.V_TC11_EnterEvery_Fields" name="EnterEveryFieldsTC11_inSearchPage" time="14.669">
    <failure type="java.lang.NullPointerException" message="Cannot invoke &amp;quot;org.openqa.selenium.WebDriver.getClass()&amp;quot; because &amp;quot;exceptionDriver&amp;quot; is null">
      <![CDATA[java.lang.NullPointerException: Cannot invoke "org.openqa.selenium.WebDriver.getClass()" because "exceptionDriver" is null
at org.openqa.selenium.support.ui.WebDriverWait.timeoutException(WebDriverWait.java:85)
at org.openqa.selenium.support.ui.FluentWait.until(FluentWait.java:228)
at project2_Airline_Src.Airline_EveryFieldDetails_Page.FlightDetails(Airline_EveryFieldDetails_Page.java:80)
at project2_Airline.V_TC11_EnterEvery_Fields.EnterEveryFieldsTC11_inSearchPage(V_TC11_EnterEvery_Fields.java:39)
at java.base/java.util.ArrayList.forEach(ArrayList.java:1511)
... Removed 27 stack frames]]>
    </failure>
  </testcase> <!-- EnterEveryFieldsTC11_inSearchPage -->
  <testcase classname="project2_Airline.Y_TC14_DomesticFlight_RoundTrip" name="DomesticRoundTC14_TripFlight" time="17.188">
    <failure type="java.lang.NullPointerException" message="Cannot invoke &amp;quot;org.openqa.selenium.WebDriver.getClass()&amp;quot; because &amp;quot;exceptionDriver&amp;quot; is null">
      <![CDATA[java.lang.NullPointerException: Cannot invoke "org.openqa.selenium.WebDriver.getClass()" because "exceptionDriver" is null
at org.openqa.selenium.support.ui.WebDriverWait.timeoutException(WebDriverWait.java:85)
at org.openqa.selenium.support.ui.FluentWait.until(FluentWait.java:228)
at project2_Airline_Src.Airline_RoundTrip_Page.RoundTrip(Airline_RoundTrip_Page.java:56)
at project2_Airline.Y_TC14_DomesticFlight_RoundTrip.DomesticRoundTC14_TripFlight(Y_TC14_DomesticFlight_RoundTrip.java:37)
at java.base/java.util.ArrayList.forEach(ArrayList.java:1511)
... Removed 27 stack frames]]>
    </failure>
  </testcase> <!-- DomesticRoundTC14_TripFlight -->
  <testcase classname="project2_Airline.TC7_MultiCity_Flights" name="SearchTC7_MultiCity_Flights" time="4.422">
    <failure type="org.openqa.selenium.StaleElementReferenceException" message="stale element reference: stale element not found in the current frame
  (Session info: chrome=137.0.7151.104)
For documentation on this error, please visit: https://www.selenium.dev/documentation/webdriver/troubleshooting/errors#stale-element-reference-exception
Build info: version: &amp;apos;4.33.0&amp;apos;, revision: &amp;apos;2c6aaad03a&amp;apos;
System info: os.name: &amp;apos;Windows 11&amp;apos;, os.arch: &amp;apos;amd64&amp;apos;, os.version: &amp;apos;10.0&amp;apos;, java.version: &amp;apos;17.0.11&amp;apos;
Driver info: org.openqa.selenium.chrome.ChromeDriver
Command: [c18ef045890e412040bbcc2929861eec, clickElement {id=f.09CE44328DEAFB77DC808BF0B3E4C71A.d.B7EE3A7095DE06F16239319FACB68B74.e.72}]
Capabilities {acceptInsecureCerts: false, browserName: chrome, browserVersion: 137.0.7151.104, chrome: {chromedriverVersion: 137.0.7151.70 (dfa4dc56b2ab..., userDataDir: C:\Users\ajitc\AppData\Loca...}, fedcm:accounts: true, goog:chromeOptions: {debuggerAddress: localhost:63240}, networkConnectionEnabled: false, pageLoadStrategy: normal, platformName: windows, proxy: Proxy(), se:cdp: ws://localhost:63240/devtoo..., se:cdpVersion: 137.0.7151.104, setWindowRect: true, strictFileInteractability: false, timeouts: {implicit: 0, pageLoad: 300000, script: 30000}, unhandledPromptBehavior: dismiss and notify, webauthn:extension:credBlob: true, webauthn:extension:largeBlob: true, webauthn:extension:minPinLength: true, webauthn:extension:prf: true, webauthn:virtualAuthenticators: true}
Element: [[ChromeDriver: chrome on windows (c18ef045890e412040bbcc2929861eec)] -&amp;gt; xpath: //p[.=&amp;apos;Bangalore, IN - Kempegowda International Airport (BLR)&amp;apos;]]
Session ID: c18ef045890e412040bbcc2929861eec">
      <![CDATA[org.openqa.selenium.StaleElementReferenceException: stale element reference: stale element not found in the current frame
  (Session info: chrome=137.0.7151.104)
For documentation on this error, please visit: https://www.selenium.dev/documentation/webdriver/troubleshooting/errors#stale-element-reference-exception
Build info: version: '4.33.0', revision: '2c6aaad03a'
System info: os.name: 'Windows 11', os.arch: 'amd64', os.version: '10.0', java.version: '17.0.11'
Driver info: org.openqa.selenium.chrome.ChromeDriver
Command: [c18ef045890e412040bbcc2929861eec, clickElement {id=f.09CE44328DEAFB77DC808BF0B3E4C71A.d.B7EE3A7095DE06F16239319FACB68B74.e.72}]
Capabilities {acceptInsecureCerts: false, browserName: chrome, browserVersion: 137.0.7151.104, chrome: {chromedriverVersion: 137.0.7151.70 (dfa4dc56b2ab..., userDataDir: C:\Users\ajitc\AppData\Loca...}, fedcm:accounts: true, goog:chromeOptions: {debuggerAddress: localhost:63240}, networkConnectionEnabled: false, pageLoadStrategy: normal, platformName: windows, proxy: Proxy(), se:cdp: ws://localhost:63240/devtoo..., se:cdpVersion: 137.0.7151.104, setWindowRect: true, strictFileInteractability: false, timeouts: {implicit: 0, pageLoad: 300000, script: 30000}, unhandledPromptBehavior: dismiss and notify, webauthn:extension:credBlob: true, webauthn:extension:largeBlob: true, webauthn:extension:minPinLength: true, webauthn:extension:prf: true, webauthn:virtualAuthenticators: true}
Element: [[ChromeDriver: chrome on windows (c18ef045890e412040bbcc2929861eec)] -> xpath: //p[.='Bangalore, IN - Kempegowda International Airport (BLR)']]
Session ID: c18ef045890e412040bbcc2929861eec
at org.openqa.selenium.remote.ErrorCodec.decode(ErrorCodec.java:167)
at org.openqa.selenium.remote.codec.w3c.W3CHttpResponseCodec.decode(W3CHttpResponseCodec.java:138)
at org.openqa.selenium.remote.codec.w3c.W3CHttpResponseCodec.decode(W3CHttpResponseCodec.java:50)
at org.openqa.selenium.remote.HttpCommandExecutor.execute(HttpCommandExecutor.java:215)
at org.openqa.selenium.remote.service.DriverCommandExecutor.invokeExecute(DriverCommandExecutor.java:216)
at org.openqa.selenium.remote.service.DriverCommandExecutor.execute(DriverCommandExecutor.java:174)
at org.openqa.selenium.remote.RemoteWebDriver.execute(RemoteWebDriver.java:544)
at org.openqa.selenium.remote.RemoteWebElement.execute(RemoteWebElement.java:223)
at org.openqa.selenium.remote.RemoteWebElement.click(RemoteWebElement.java:76)
at org.openqa.selenium.support.pagefactory.internal.LocatingElementHandler.invoke(LocatingElementHandler.java:51)
at jdk.proxy2/jdk.proxy2.$Proxy21.click(Unknown Source)
at project2_Airline_Src.Airline_MultiCityFlight_Page.JprTOBlr(Airline_MultiCityFlight_Page.java:61)
at project2_Airline.TC7_MultiCity_Flights.SearchTC7_MultiCity_Flights(TC7_MultiCity_Flights.java:39)
at java.base/java.util.ArrayList.forEach(ArrayList.java:1511)
... Removed 35 stack frames]]>
    </failure>
  </testcase> <!-- SearchTC7_MultiCity_Flights -->
  <testcase classname="project2_Airline.X_TC13_CouponCode_BookingFlight" name="ApplyCouponTC13_Code_FlightBook" time="32.608"/>
  <testcase classname="project2_Airline.Airline_BaseClass" name="@AfterSuite extentreport1" time="0.0">
    <ignored/>
  </testcase> <!-- @AfterSuite extentreport1 -->
  <testcase classname="project2_Airline.Airline_BaseClass" name="@AfterSuite extentreport1" time="0.0">
    <ignored/>
  </testcase> <!-- @AfterSuite extentreport1 -->
  <testcase classname="project2_Airline.Airline_BaseClass" name="@AfterSuite extentreport1" time="0.0">
    <ignored/>
  </testcase> <!-- @AfterSuite extentreport1 -->
  <testcase classname="project2_Airline.Airline_BaseClass" name="@BeforeSuite extentreport" time="0.0">
    <ignored/>
  </testcase> <!-- @BeforeSuite extentreport -->
  <testcase classname="project2_Airline.Airline_BaseClass" name="@BeforeSuite extentreport" time="0.0">
    <ignored/>
  </testcase> <!-- @BeforeSuite extentreport -->
  <testcase classname="project2_Airline.Airline_BaseClass" name="@AfterSuite extentreport1" time="0.0">
    <ignored/>
  </testcase> <!-- @AfterSuite extentreport1 -->
  <testcase classname="project2_Airline.Airline_BaseClass" name="@AfterSuite extentreport1" time="0.0">
    <ignored/>
  </testcase> <!-- @AfterSuite extentreport1 -->
  <testcase classname="project2_Airline.Airline_BaseClass" name="@BeforeSuite extentreport" time="0.0">
    <ignored/>
  </testcase> <!-- @BeforeSuite extentreport -->
  <testcase classname="project2_Airline.Airline_BaseClass" name="@BeforeSuite extentreport" time="0.0">
    <ignored/>
  </testcase> <!-- @BeforeSuite extentreport -->
  <testcase classname="project2_Airline.Airline_BaseClass" name="@AfterSuite extentreport1" time="0.0">
    <ignored/>
  </testcase> <!-- @AfterSuite extentreport1 -->
  <testcase classname="project2_Airline.Airline_BaseClass" name="@BeforeSuite extentreport" time="0.0">
    <ignored/>
  </testcase> <!-- @BeforeSuite extentreport -->
  <testcase classname="project2_Airline.Airline_BaseClass" name="@AfterSuite extentreport1" time="0.0">
    <ignored/>
  </testcase> <!-- @AfterSuite extentreport1 -->
  <testcase classname="project2_Airline.Airline_BaseClass" name="@BeforeSuite extentreport" time="0.0">
    <ignored/>
  </testcase> <!-- @BeforeSuite extentreport -->
  <testcase classname="project2_Airline.Airline_BaseClass" name="@BeforeSuite extentreport" time="0.0">
    <ignored/>
  </testcase> <!-- @BeforeSuite extentreport -->
  <testcase classname="project2_Airline.Airline_BaseClass" name="@BeforeSuite extentreport" time="0.0">
    <ignored/>
  </testcase> <!-- @BeforeSuite extentreport -->
  <testcase classname="project2_Airline.Airline_BaseClass" name="@BeforeSuite extentreport" time="0.0">
    <ignored/>
  </testcase> <!-- @BeforeSuite extentreport -->
  <testcase classname="project2_Airline.Airline_BaseClass" name="@AfterSuite extentreport1" time="0.0">
    <ignored/>
  </testcase> <!-- @AfterSuite extentreport1 -->
  <testcase classname="project2_Airline.Airline_BaseClass" name="@BeforeSuite extentreport" time="0.0">
    <ignored/>
  </testcase> <!-- @BeforeSuite extentreport -->
  <testcase classname="project2_Airline.Airline_BaseClass" name="@AfterSuite extentreport1" time="0.0">
    <ignored/>
  </testcase> <!-- @AfterSuite extentreport1 -->
  <testcase classname="project2_Airline.Airline_BaseClass" name="@AfterSuite extentreport1" time="0.0">
    <ignored/>
  </testcase> <!-- @AfterSuite extentreport1 -->
</testsuite> <!-- Airline Project TestCases Test -->
