<?xml version="1.0" encoding="UTF-8"?>
<!-- Generated by org.testng.reporters.JUnitXMLReporter -->
<testsuite ignored="0" hostname="Ajit_Choudhary" failures="0" tests="14" name="Test" time="1.722" errors="0" timestamp="2025-05-29T08:43:46 IST">
  <testcase classname="project1_Amazon.A_Amazon_BaseClassPr" name="@BeforeMethod Launching" time="-1.748488426328E9">
    <failure type="org.testng.TestNGException" message="
Parameter &amp;apos;Browsers&amp;apos; is required by BeforeMethod on method Launching but has not been marked @Optional or defined
in C:\Users\ajitc\eclipse-workspace\Maven_Programs2\AmazonProject_testng.xml">
      <![CDATA[org.testng.TestNGException: 
Parameter 'Browsers' is required by BeforeMethod on method Launching but has not been marked @Optional or defined
in C:\Users\ajitc\eclipse-workspace\Maven_Programs2\AmazonProject_testng.xml
at java.base/java.util.ArrayList.forEach(ArrayList.java:1511)
... Removed 28 stack frames]]>
    </failure>
  </testcase> <!-- @BeforeMethod Launching -->
  <testcase classname="project1_Amazon.A_Amazon_BaseClassPr" name="@AfterMethod Closing" time="0.0">
    <skipped/>
  </testcase> <!-- @AfterMethod Closing -->
  <testcase classname="project1_Amazon.A_Amazon_BaseClassPr" name="@BeforeMethod Launching" time="-1.748488426427E9">
    <failure type="org.testng.TestNGException" message="
Parameter &amp;apos;Browsers&amp;apos; is required by BeforeMethod on method Launching but has not been marked @Optional or defined
in C:\Users\ajitc\eclipse-workspace\Maven_Programs2\AmazonProject_testng.xml">
      <![CDATA[org.testng.TestNGException: 
Parameter 'Browsers' is required by BeforeMethod on method Launching but has not been marked @Optional or defined
in C:\Users\ajitc\eclipse-workspace\Maven_Programs2\AmazonProject_testng.xml
at java.base/java.util.ArrayList.forEach(ArrayList.java:1511)
... Removed 28 stack frames]]>
    </failure>
  </testcase> <!-- @BeforeMethod Launching -->
  <testcase classname="project1_Amazon.A_Amazon_BaseClassPr" name="@AfterMethod Closing" time="0.0">
    <skipped/>
  </testcase> <!-- @AfterMethod Closing -->
  <testcase classname="project1_Amazon.A_Amazon_BaseClassPr" name="@BeforeMethod Launching" time="-1.748488426479E9">
    <failure type="org.testng.TestNGException" message="
Parameter &amp;apos;Browsers&amp;apos; is required by BeforeMethod on method Launching but has not been marked @Optional or defined
in C:\Users\ajitc\eclipse-workspace\Maven_Programs2\AmazonProject_testng.xml">
      <![CDATA[org.testng.TestNGException: 
Parameter 'Browsers' is required by BeforeMethod on method Launching but has not been marked @Optional or defined
in C:\Users\ajitc\eclipse-workspace\Maven_Programs2\AmazonProject_testng.xml
at java.base/java.util.ArrayList.forEach(ArrayList.java:1511)
... Removed 28 stack frames]]>
    </failure>
  </testcase> <!-- @BeforeMethod Launching -->
  <testcase classname="project1_Amazon.A_Amazon_BaseClassPr" name="@AfterMethod Closing" time="0.0">
    <skipped/>
  </testcase> <!-- @AfterMethod Closing -->
  <testcase classname="project1_Amazon.A_Amazon_BaseClassPr" name="@BeforeMethod Launching" time="-1.748488426527E9">
    <failure type="org.testng.TestNGException" message="
Parameter &amp;apos;Browsers&amp;apos; is required by BeforeMethod on method Launching but has not been marked @Optional or defined
in C:\Users\ajitc\eclipse-workspace\Maven_Programs2\AmazonProject_testng.xml">
      <![CDATA[org.testng.TestNGException: 
Parameter 'Browsers' is required by BeforeMethod on method Launching but has not been marked @Optional or defined
in C:\Users\ajitc\eclipse-workspace\Maven_Programs2\AmazonProject_testng.xml
at java.base/java.util.ArrayList.forEach(ArrayList.java:1511)
... Removed 28 stack frames]]>
    </failure>
  </testcase> <!-- @BeforeMethod Launching -->
  <testcase classname="project1_Amazon.A_Amazon_BaseClassPr" name="@AfterMethod Closing" time="0.0">
    <skipped/>
  </testcase> <!-- @AfterMethod Closing -->
  <testcase classname="project1_Amazon.A_Amazon_BaseClassPr" name="@BeforeMethod Launching" time="-1.748488426568E9">
    <failure type="org.testng.TestNGException" message="
Parameter &amp;apos;Browsers&amp;apos; is required by BeforeMethod on method Launching but has not been marked @Optional or defined
in C:\Users\ajitc\eclipse-workspace\Maven_Programs2\AmazonProject_testng.xml">
      <![CDATA[org.testng.TestNGException: 
Parameter 'Browsers' is required by BeforeMethod on method Launching but has not been marked @Optional or defined
in C:\Users\ajitc\eclipse-workspace\Maven_Programs2\AmazonProject_testng.xml
at java.base/java.util.ArrayList.forEach(ArrayList.java:1511)
... Removed 28 stack frames]]>
    </failure>
  </testcase> <!-- @BeforeMethod Launching -->
  <testcase classname="project1_Amazon.A_Amazon_BaseClassPr" name="@AfterMethod Closing" time="0.0">
    <skipped/>
  </testcase> <!-- @AfterMethod Closing -->
  <testcase classname="project1_Amazon.A_Amazon_BaseClassPr" name="@BeforeMethod Launching" time="-1.748488426609E9">
    <failure type="org.testng.TestNGException" message="
Parameter &amp;apos;Browsers&amp;apos; is required by BeforeMethod on method Launching but has not been marked @Optional or defined
in C:\Users\ajitc\eclipse-workspace\Maven_Programs2\AmazonProject_testng.xml">
      <![CDATA[org.testng.TestNGException: 
Parameter 'Browsers' is required by BeforeMethod on method Launching but has not been marked @Optional or defined
in C:\Users\ajitc\eclipse-workspace\Maven_Programs2\AmazonProject_testng.xml
at java.base/java.util.ArrayList.forEach(ArrayList.java:1511)
... Removed 28 stack frames]]>
    </failure>
  </testcase> <!-- @BeforeMethod Launching -->
  <testcase classname="project1_Amazon.A_Amazon_BaseClassPr" name="@AfterMethod Closing" time="0.0">
    <skipped/>
  </testcase> <!-- @AfterMethod Closing -->
  <testcase classname="project1_Amazon.A_Amazon_BaseClassPr" name="@BeforeMethod Launching" time="-1.748488426654E9">
    <failure type="org.testng.TestNGException" message="
Parameter &amp;apos;Browsers&amp;apos; is required by BeforeMethod on method Launching but has not been marked @Optional or defined
in C:\Users\ajitc\eclipse-workspace\Maven_Programs2\AmazonProject_testng.xml">
      <![CDATA[org.testng.TestNGException: 
Parameter 'Browsers' is required by BeforeMethod on method Launching but has not been marked @Optional or defined
in C:\Users\ajitc\eclipse-workspace\Maven_Programs2\AmazonProject_testng.xml
at java.base/java.util.ArrayList.forEach(ArrayList.java:1511)
... Removed 28 stack frames]]>
    </failure>
  </testcase> <!-- @BeforeMethod Launching -->
  <testcase classname="project1_Amazon.A_Amazon_BaseClassPr" name="@AfterMethod Closing" time="0.0">
    <skipped/>
  </testcase> <!-- @AfterMethod Closing -->
  <testcase classname="project1_Amazon.A_Amazon_BaseClassPr" name="@BeforeMethod Launching" time="-1.7484884267E9">
    <failure type="org.testng.TestNGException" message="
Parameter &amp;apos;Browsers&amp;apos; is required by BeforeMethod on method Launching but has not been marked @Optional or defined
in C:\Users\ajitc\eclipse-workspace\Maven_Programs2\AmazonProject_testng.xml">
      <![CDATA[org.testng.TestNGException: 
Parameter 'Browsers' is required by BeforeMethod on method Launching but has not been marked @Optional or defined
in C:\Users\ajitc\eclipse-workspace\Maven_Programs2\AmazonProject_testng.xml
at java.base/java.util.ArrayList.forEach(ArrayList.java:1511)
... Removed 28 stack frames]]>
    </failure>
  </testcase> <!-- @BeforeMethod Launching -->
  <testcase classname="project1_Amazon.A_Amazon_BaseClassPr" name="@AfterMethod Closing" time="0.0">
    <skipped/>
  </testcase> <!-- @AfterMethod Closing -->
  <testcase classname="project1_Amazon.A_Amazon_BaseClassPr" name="@BeforeMethod Launching" time="-1.748488426735E9">
    <failure type="org.testng.TestNGException" message="
Parameter &amp;apos;Browsers&amp;apos; is required by BeforeMethod on method Launching but has not been marked @Optional or defined
in C:\Users\ajitc\eclipse-workspace\Maven_Programs2\AmazonProject_testng.xml">
      <![CDATA[org.testng.TestNGException: 
Parameter 'Browsers' is required by BeforeMethod on method Launching but has not been marked @Optional or defined
in C:\Users\ajitc\eclipse-workspace\Maven_Programs2\AmazonProject_testng.xml
at java.base/java.util.ArrayList.forEach(ArrayList.java:1511)
... Removed 28 stack frames]]>
    </failure>
  </testcase> <!-- @BeforeMethod Launching -->
  <testcase classname="project1_Amazon.A_Amazon_BaseClassPr" name="@AfterMethod Closing" time="0.0">
    <skipped/>
  </testcase> <!-- @AfterMethod Closing -->
  <testcase classname="project1_Amazon.A_Amazon_BaseClassPr" name="@BeforeMethod Launching" time="-1.748488426785E9">
    <failure type="org.testng.TestNGException" message="
Parameter &amp;apos;Browsers&amp;apos; is required by BeforeMethod on method Launching but has not been marked @Optional or defined
in C:\Users\ajitc\eclipse-workspace\Maven_Programs2\AmazonProject_testng.xml">
      <![CDATA[org.testng.TestNGException: 
Parameter 'Browsers' is required by BeforeMethod on method Launching but has not been marked @Optional or defined
in C:\Users\ajitc\eclipse-workspace\Maven_Programs2\AmazonProject_testng.xml
at java.base/java.util.ArrayList.forEach(ArrayList.java:1511)
... Removed 28 stack frames]]>
    </failure>
  </testcase> <!-- @BeforeMethod Launching -->
  <testcase classname="project1_Amazon.A_Amazon_BaseClassPr" name="@AfterMethod Closing" time="0.0">
    <skipped/>
  </testcase> <!-- @AfterMethod Closing -->
  <testcase classname="project1_Amazon.A_Amazon_BaseClassPr" name="@BeforeMethod Launching" time="-1.748488426833E9">
    <failure type="org.testng.TestNGException" message="
Parameter &amp;apos;Browsers&amp;apos; is required by BeforeMethod on method Launching but has not been marked @Optional or defined
in C:\Users\ajitc\eclipse-workspace\Maven_Programs2\AmazonProject_testng.xml">
      <![CDATA[org.testng.TestNGException: 
Parameter 'Browsers' is required by BeforeMethod on method Launching but has not been marked @Optional or defined
in C:\Users\ajitc\eclipse-workspace\Maven_Programs2\AmazonProject_testng.xml
at java.base/java.util.ArrayList.forEach(ArrayList.java:1511)
... Removed 28 stack frames]]>
    </failure>
  </testcase> <!-- @BeforeMethod Launching -->
  <testcase classname="project1_Amazon.A_Amazon_BaseClassPr" name="@AfterMethod Closing" time="0.0">
    <skipped/>
  </testcase> <!-- @AfterMethod Closing -->
  <testcase classname="project1_Amazon.A_Amazon_BaseClassPr" name="@BeforeMethod Launching" time="-1.748488426858E9">
    <failure type="org.testng.TestNGException" message="
Parameter &amp;apos;Browsers&amp;apos; is required by BeforeMethod on method Launching but has not been marked @Optional or defined
in C:\Users\ajitc\eclipse-workspace\Maven_Programs2\AmazonProject_testng.xml">
      <![CDATA[org.testng.TestNGException: 
Parameter 'Browsers' is required by BeforeMethod on method Launching but has not been marked @Optional or defined
in C:\Users\ajitc\eclipse-workspace\Maven_Programs2\AmazonProject_testng.xml
at java.base/java.util.ArrayList.forEach(ArrayList.java:1511)
... Removed 28 stack frames]]>
    </failure>
  </testcase> <!-- @BeforeMethod Launching -->
  <testcase classname="project1_Amazon.A_Amazon_BaseClassPr" name="@AfterMethod Closing" time="0.0">
    <skipped/>
  </testcase> <!-- @AfterMethod Closing -->
  <testcase classname="project1_Amazon.A_Amazon_BaseClassPr" name="@BeforeMethod Launching" time="-1.748488426891E9">
    <failure type="org.testng.TestNGException" message="
Parameter &amp;apos;Browsers&amp;apos; is required by BeforeMethod on method Launching but has not been marked @Optional or defined
in C:\Users\ajitc\eclipse-workspace\Maven_Programs2\AmazonProject_testng.xml">
      <![CDATA[org.testng.TestNGException: 
Parameter 'Browsers' is required by BeforeMethod on method Launching but has not been marked @Optional or defined
in C:\Users\ajitc\eclipse-workspace\Maven_Programs2\AmazonProject_testng.xml
at java.base/java.util.ArrayList.forEach(ArrayList.java:1511)
... Removed 28 stack frames]]>
    </failure>
  </testcase> <!-- @BeforeMethod Launching -->
  <testcase classname="project1_Amazon.A_Amazon_BaseClassPr" name="@AfterMethod Closing" time="0.0">
    <skipped/>
  </testcase> <!-- @AfterMethod Closing -->
  <testcase classname="project1_Amazon.A_Amazon_BaseClassPr" name="@BeforeMethod Launching" time="-1.748488426898E9">
    <failure type="org.testng.TestNGException" message="
Parameter &amp;apos;Browsers&amp;apos; is required by BeforeMethod on method Launching but has not been marked @Optional or defined
in C:\Users\ajitc\eclipse-workspace\Maven_Programs2\AmazonProject_testng.xml">
      <![CDATA[org.testng.TestNGException: 
Parameter 'Browsers' is required by BeforeMethod on method Launching but has not been marked @Optional or defined
in C:\Users\ajitc\eclipse-workspace\Maven_Programs2\AmazonProject_testng.xml
at java.base/java.util.ArrayList.forEach(ArrayList.java:1511)
... Removed 28 stack frames]]>
    </failure>
  </testcase> <!-- @BeforeMethod Launching -->
  <testcase classname="project1_Amazon.A_Amazon_BaseClassPr" name="@AfterMethod Closing" time="0.0">
    <skipped/>
  </testcase> <!-- @AfterMethod Closing -->
  <testcase classname="project1_Amazon.B_TC2_Login" name="LoginToAmazon" time="0.0">
    <skipped/>
  </testcase> <!-- LoginToAmazon -->
  <testcase classname="project1_Amazon.C_TC3_Fail_Login" name="LoginFail_ToAmazon" time="0.0">
    <skipped/>
  </testcase> <!-- LoginFail_ToAmazon -->
  <testcase classname="project1_Amazon.D_TC4_EditProfile" name="EditProfileAmazon" time="0.0">
    <skipped/>
  </testcase> <!-- EditProfileAmazon -->
  <testcase classname="project1_Amazon.E_TC5_SearchProduct" name="SearchProductAmazon" time="0.0">
    <skipped/>
  </testcase> <!-- SearchProductAmazon -->
  <testcase classname="project1_Amazon.F_TC6_SearchingByFilters" name="SearchProduct_FilterAmazon" time="0.0">
    <skipped/>
  </testcase> <!-- SearchProduct_FilterAmazon -->
  <testcase classname="project1_Amazon.G_TC7_Product_details_Display" name="ProductDetails_DisplayAmazon" time="0.0">
    <skipped/>
  </testcase> <!-- ProductDetails_DisplayAmazon -->
  <testcase classname="project1_Amazon.H_TC8_ProductSort" name="Product_SortAmazon" time="0.0">
    <skipped/>
  </testcase> <!-- Product_SortAmazon -->
  <testcase classname="project1_Amazon.I_TC9_AddToCart" name="Product_AddToCartAmazon" time="0.0">
    <skipped/>
  </testcase> <!-- Product_AddToCartAmazon -->
  <testcase classname="project1_Amazon.TC_10_Add_Update_RemoveCart" name="AddProduct_RemoveCartAmazon" time="0.0">
    <skipped/>
  </testcase> <!-- AddProduct_RemoveCartAmazon -->
  <testcase classname="project1_Amazon.TC11_BuyCheckout_PaymentReview" name="BuyProduct_Checkout_PaymentAmazon" time="0.0">
    <skipped/>
  </testcase> <!-- BuyProduct_Checkout_PaymentAmazon -->
  <testcase classname="project1_Amazon.TC12_SelectEach_PaymentMthd" name="Select_AllPaymentAmazon" time="0.0">
    <skipped/>
  </testcase> <!-- Select_AllPaymentAmazon -->
  <testcase classname="project1_Amazon.TC13_Apply_CouponCode" name="ApplyCouponCode_OrderingAmazon" time="0.0">
    <skipped/>
  </testcase> <!-- ApplyCouponCode_OrderingAmazon -->
  <testcase classname="project1_Amazon.TC14_5StarRating" name="Star5_Rating_LastOrder_Amazon" time="0.0">
    <skipped/>
  </testcase> <!-- Star5_Rating_LastOrder_Amazon -->
  <testcase classname="project1_Amazon.TC15_WithOut_Login_Cart" name="ReachTill_Cart_WithoutLoginAmazon" time="0.0">
    <skipped/>
  </testcase> <!-- ReachTill_Cart_WithoutLoginAmazon -->
</testsuite> <!-- Test -->
