<?xml version="1.0" encoding="UTF-8"?>
<!-- Generated by org.testng.reporters.JUnitXMLReporter -->
<testsuite ignored="0" hostname="Ajit_Choudhary" failures="2" tests="14" name="CrossBrowser Edge Test" time="346.764" errors="0" timestamp="2025-05-29T12:15:16 IST">
  <testcase classname="project1_Amazon.B_TC2_Login" name="LoginToAmazon" time="3.441"/>
  <testcase classname="project1_Amazon.C_TC3_Fail_Login" name="LoginFail_ToAmazon" time="3.857"/>
  <testcase classname="project1_Amazon.D_TC4_EditProfile" name="EditProfileAmazon" time="12.904"/>
  <testcase classname="project1_Amazon.E_TC5_SearchProduct" name="SearchProductAmazon" time="10.405"/>
  <testcase classname="project1_Amazon.F_TC6_SearchingByFilters" name="SearchProduct_FilterAmazon" time="21.308"/>
  <testcase classname="project1_Amazon.G_TC7_Product_details_Display" name="ProductDetails_DisplayAmazon" time="27.668">
    <failure type="org.openqa.selenium.NoSuchElementException" message="no such element: Unable to locate element: {&amp;quot;method&amp;quot;:&amp;quot;xpath&amp;quot;,&amp;quot;selector&amp;quot;:&amp;quot;//span[@class=&amp;apos;a-price aok-align-center reinventPricePriceToPayMargin priceToPay&amp;apos;]&amp;quot;}
  (Session info: MicrosoftEdge=136.0.3240.92)
For documentation on this error, please visit: https://www.selenium.dev/documentation/webdriver/troubleshooting/errors#no-such-element-exception
Build info: version: &amp;apos;4.32.0&amp;apos;, revision: &amp;apos;d17c8aa950&amp;apos;
System info: os.name: &amp;apos;Windows 11&amp;apos;, os.arch: &amp;apos;amd64&amp;apos;, os.version: &amp;apos;10.0&amp;apos;, java.version: &amp;apos;17.0.11&amp;apos;
Driver info: org.openqa.selenium.edge.EdgeDriver
Command: [086aec75b6463de8fe3f4434efacbae6, findElement {value=//span[@class=&amp;apos;a-price aok-align-center reinventPricePriceToPayMargin priceToPay&amp;apos;], using=xpath}]
Capabilities {acceptInsecureCerts: false, browserName: MicrosoftEdge, browserVersion: 136.0.3240.92, fedcm:accounts: true, ms:edgeOptions: {debuggerAddress: localhost:51928}, msedge: {msedgedriverVersion: 136.0.3240.92 (a30c59ee983a..., userDataDir: C:\Users\ajitc\AppData\Loca...}, networkConnectionEnabled: false, pageLoadStrategy: normal, platformName: windows, proxy: Proxy(), se:cdp: ws://localhost:51928/devtoo..., se:cdpVersion: 136.0.3240.92, setWindowRect: true, strictFileInteractability: false, timeouts: {implicit: 0, pageLoad: 300000, script: 30000}, unhandledPromptBehavior: dismiss and notify, webauthn:extension:credBlob: true, webauthn:extension:largeBlob: true, webauthn:extension:minPinLength: true, webauthn:extension:prf: true, webauthn:virtualAuthenticators: true}
Session ID: 086aec75b6463de8fe3f4434efacbae6">
      <![CDATA[org.openqa.selenium.NoSuchElementException: no such element: Unable to locate element: {"method":"xpath","selector":"//span[@class='a-price aok-align-center reinventPricePriceToPayMargin priceToPay']"}
  (Session info: MicrosoftEdge=136.0.3240.92)
For documentation on this error, please visit: https://www.selenium.dev/documentation/webdriver/troubleshooting/errors#no-such-element-exception
Build info: version: '4.32.0', revision: 'd17c8aa950'
System info: os.name: 'Windows 11', os.arch: 'amd64', os.version: '10.0', java.version: '17.0.11'
Driver info: org.openqa.selenium.edge.EdgeDriver
Command: [086aec75b6463de8fe3f4434efacbae6, findElement {value=//span[@class='a-price aok-align-center reinventPricePriceToPayMargin priceToPay'], using=xpath}]
Capabilities {acceptInsecureCerts: false, browserName: MicrosoftEdge, browserVersion: 136.0.3240.92, fedcm:accounts: true, ms:edgeOptions: {debuggerAddress: localhost:51928}, msedge: {msedgedriverVersion: 136.0.3240.92 (a30c59ee983a..., userDataDir: C:\Users\ajitc\AppData\Loca...}, networkConnectionEnabled: false, pageLoadStrategy: normal, platformName: windows, proxy: Proxy(), se:cdp: ws://localhost:51928/devtoo..., se:cdpVersion: 136.0.3240.92, setWindowRect: true, strictFileInteractability: false, timeouts: {implicit: 0, pageLoad: 300000, script: 30000}, unhandledPromptBehavior: dismiss and notify, webauthn:extension:credBlob: true, webauthn:extension:largeBlob: true, webauthn:extension:minPinLength: true, webauthn:extension:prf: true, webauthn:virtualAuthenticators: true}
Session ID: 086aec75b6463de8fe3f4434efacbae6
at org.openqa.selenium.remote.ErrorCodec.decode(ErrorCodec.java:167)
at org.openqa.selenium.remote.codec.w3c.W3CHttpResponseCodec.decode(W3CHttpResponseCodec.java:138)
at org.openqa.selenium.remote.codec.w3c.W3CHttpResponseCodec.decode(W3CHttpResponseCodec.java:50)
at org.openqa.selenium.remote.HttpCommandExecutor.execute(HttpCommandExecutor.java:215)
at org.openqa.selenium.remote.service.DriverCommandExecutor.invokeExecute(DriverCommandExecutor.java:216)
at org.openqa.selenium.remote.service.DriverCommandExecutor.execute(DriverCommandExecutor.java:174)
at org.openqa.selenium.remote.RemoteWebDriver.execute(RemoteWebDriver.java:545)
at org.openqa.selenium.remote.ElementLocation$ElementFinder$2.findElement(ElementLocation.java:165)
at org.openqa.selenium.remote.ElementLocation.findElement(ElementLocation.java:59)
at org.openqa.selenium.remote.RemoteWebDriver.findElement(RemoteWebDriver.java:368)
at org.openqa.selenium.remote.RemoteWebDriver.findElement(RemoteWebDriver.java:362)
at org.openqa.selenium.support.pagefactory.DefaultElementLocator.findElement(DefaultElementLocator.java:68)
at org.openqa.selenium.support.pagefactory.internal.LocatingElementHandler.invoke(LocatingElementHandler.java:38)
at jdk.proxy2/jdk.proxy2.$Proxy14.isDisplayed(Unknown Source)
at project1_Amazon_Src.Amazon_ProductPage1.DetailsDisplays(Amazon_ProductPage1.java:68)
at project1_Amazon.G_TC7_Product_details_Display.ProductDetails_DisplayAmazon(G_TC7_Product_details_Display.java:44)
at java.base/java.util.ArrayList.forEach(ArrayList.java:1511)
... Removed 32 stack frames]]>
    </failure>
  </testcase> <!-- ProductDetails_DisplayAmazon -->
  <testcase classname="project1_Amazon.H_TC8_ProductSort" name="Product_SortAmazon" time="10.491"/>
  <testcase classname="project1_Amazon.I_TC9_AddToCart" name="Product_AddToCartAmazon" time="17.585"/>
  <testcase classname="project1_Amazon.TC_10_Add_Update_RemoveCart" name="AddProduct_RemoveCartAmazon" time="29.97"/>
  <testcase classname="project1_Amazon.TC11_BuyCheckout_PaymentReview" name="BuyProduct_Checkout_PaymentAmazon" time="26.041">
    <failure type="org.openqa.selenium.ElementClickInterceptedException" message="element click intercepted: Element &amp;lt;input id=&amp;quot;pp-cVOZrh-139&amp;quot; type=&amp;quot;radio&amp;quot; name=&amp;quot;ppw-instrumentRowSelection&amp;quot; value=&amp;quot;instrumentId=EMI&amp;amp;amp;isExpired=false&amp;amp;amp;paymentMethod=CC&amp;amp;amp;tfxEligible=false&amp;quot; disabled=&amp;quot;&amp;quot;&amp;gt; is not clickable at point (91, 655). Other element would receive the click: &amp;lt;span role=&amp;quot;radio&amp;quot;&amp;gt;...&amp;lt;/span&amp;gt;
  (Session info: MicrosoftEdge=136.0.3240.92)
Build info: version: &amp;apos;4.32.0&amp;apos;, revision: &amp;apos;d17c8aa950&amp;apos;
System info: os.name: &amp;apos;Windows 11&amp;apos;, os.arch: &amp;apos;amd64&amp;apos;, os.version: &amp;apos;10.0&amp;apos;, java.version: &amp;apos;17.0.11&amp;apos;
Driver info: org.openqa.selenium.edge.EdgeDriver
Command: [e3d2c2c1dd421d5da1c038666648b4aa, clickElement {id=f.5F4B33B63DF63E36421A74B4D9978706.d.0B9D8A2EBC18700CD436277190DC7084.e.133}]
Capabilities {acceptInsecureCerts: false, browserName: MicrosoftEdge, browserVersion: 136.0.3240.92, fedcm:accounts: true, ms:edgeOptions: {debuggerAddress: localhost:53706}, msedge: {msedgedriverVersion: 136.0.3240.92 (a30c59ee983a..., userDataDir: C:\Users\ajitc\AppData\Loca...}, networkConnectionEnabled: false, pageLoadStrategy: normal, platformName: windows, proxy: Proxy(), se:cdp: ws://localhost:53706/devtoo..., se:cdpVersion: 136.0.3240.92, setWindowRect: true, strictFileInteractability: false, timeouts: {implicit: 0, pageLoad: 300000, script: 30000}, unhandledPromptBehavior: dismiss and notify, webauthn:extension:credBlob: true, webauthn:extension:largeBlob: true, webauthn:extension:minPinLength: true, webauthn:extension:prf: true, webauthn:virtualAuthenticators: true}
Element: [[EdgeDriver: MicrosoftEdge on windows (e3d2c2c1dd421d5da1c038666648b4aa)] -&amp;gt; xpath: (//input[@name=&amp;apos;ppw-instrumentRowSelection&amp;apos;])[5]]
Session ID: e3d2c2c1dd421d5da1c038666648b4aa">
      <![CDATA[org.openqa.selenium.ElementClickInterceptedException: element click intercepted: Element <input id="pp-cVOZrh-139" type="radio" name="ppw-instrumentRowSelection" value="instrumentId=EMI&amp;isExpired=false&amp;paymentMethod=CC&amp;tfxEligible=false" disabled=""> is not clickable at point (91, 655). Other element would receive the click: <span role="radio">...</span>
  (Session info: MicrosoftEdge=136.0.3240.92)
Build info: version: '4.32.0', revision: 'd17c8aa950'
System info: os.name: 'Windows 11', os.arch: 'amd64', os.version: '10.0', java.version: '17.0.11'
Driver info: org.openqa.selenium.edge.EdgeDriver
Command: [e3d2c2c1dd421d5da1c038666648b4aa, clickElement {id=f.5F4B33B63DF63E36421A74B4D9978706.d.0B9D8A2EBC18700CD436277190DC7084.e.133}]
Capabilities {acceptInsecureCerts: false, browserName: MicrosoftEdge, browserVersion: 136.0.3240.92, fedcm:accounts: true, ms:edgeOptions: {debuggerAddress: localhost:53706}, msedge: {msedgedriverVersion: 136.0.3240.92 (a30c59ee983a..., userDataDir: C:\Users\ajitc\AppData\Loca...}, networkConnectionEnabled: false, pageLoadStrategy: normal, platformName: windows, proxy: Proxy(), se:cdp: ws://localhost:53706/devtoo..., se:cdpVersion: 136.0.3240.92, setWindowRect: true, strictFileInteractability: false, timeouts: {implicit: 0, pageLoad: 300000, script: 30000}, unhandledPromptBehavior: dismiss and notify, webauthn:extension:credBlob: true, webauthn:extension:largeBlob: true, webauthn:extension:minPinLength: true, webauthn:extension:prf: true, webauthn:virtualAuthenticators: true}
Element: [[EdgeDriver: MicrosoftEdge on windows (e3d2c2c1dd421d5da1c038666648b4aa)] -> xpath: (//input[@name='ppw-instrumentRowSelection'])[5]]
Session ID: e3d2c2c1dd421d5da1c038666648b4aa
at org.openqa.selenium.remote.ErrorCodec.decode(ErrorCodec.java:167)
at org.openqa.selenium.remote.codec.w3c.W3CHttpResponseCodec.decode(W3CHttpResponseCodec.java:138)
at org.openqa.selenium.remote.codec.w3c.W3CHttpResponseCodec.decode(W3CHttpResponseCodec.java:50)
at org.openqa.selenium.remote.HttpCommandExecutor.execute(HttpCommandExecutor.java:215)
at org.openqa.selenium.remote.service.DriverCommandExecutor.invokeExecute(DriverCommandExecutor.java:216)
at org.openqa.selenium.remote.service.DriverCommandExecutor.execute(DriverCommandExecutor.java:174)
at org.openqa.selenium.remote.RemoteWebDriver.execute(RemoteWebDriver.java:545)
at org.openqa.selenium.remote.RemoteWebElement.execute(RemoteWebElement.java:223)
at org.openqa.selenium.remote.RemoteWebElement.click(RemoteWebElement.java:76)
at org.openqa.selenium.support.pagefactory.internal.LocatingElementHandler.invoke(LocatingElementHandler.java:51)
at jdk.proxy2/jdk.proxy2.$Proxy14.click(Unknown Source)
at project1_Amazon_Src.Amazon_BuyCheckOutPage.CheckOut(Amazon_BuyCheckOutPage.java:76)
at project1_Amazon.TC11_BuyCheckout_PaymentReview.BuyProduct_Checkout_PaymentAmazon(TC11_BuyCheckout_PaymentReview.java:44)
at java.base/java.util.ArrayList.forEach(ArrayList.java:1511)
... Removed 35 stack frames]]>
    </failure>
  </testcase> <!-- BuyProduct_Checkout_PaymentAmazon -->
  <testcase classname="project1_Amazon.TC12_SelectEach_PaymentMthd" name="Select_AllPaymentAmazon" time="29.246"/>
  <testcase classname="project1_Amazon.TC13_Apply_CouponCode" name="ApplyCouponCode_OrderingAmazon" time="19.324"/>
  <testcase classname="project1_Amazon.TC14_5StarRating" name="Star5_Rating_LastOrder_Amazon" time="16.977"/>
  <testcase classname="project1_Amazon.TC15_WithOut_Login_Cart" name="ReachTill_Cart_WithoutLoginAmazon" time="12.078"/>
</testsuite> <!-- CrossBrowser Edge Test -->
