<!DOCTYPE html PUBLIC "-//W3C//DTD XHTML 1.1//EN" "https://www.w3.org/TR/xhtml11/DTD/xhtml11.dtd">
<html xmlns="https://www.w3.org/1999/xhtml">
<head>
<meta http-equiv="content-type" content="text/html; charset=UTF-8"/>
<title>TestNG Report</title>
<style type="text/css">table {margin-bottom:10px;border-collapse:collapse;empty-cells:show}th,td {border:1px solid #009;padding:.25em .5em}th {vertical-align:bottom}td {vertical-align:top}table a {font-weight:bold}.stripe td {background-color: #E6EBF9}.num {text-align:right}.passedodd td {background-color: #3F3}.passedeven td {background-color: #0A0}.skippedodd td {background-color: #DDD}.skippedeven td {background-color: #CCC}.failedodd td,.attn {background-color: #F33}.failedeven td,.stripe .attn {background-color: #D00}.stacktrace {white-space:pre;font-family:monospace}.totop {font-size:85%;text-align:center;border-bottom:2px solid #000}.invisible {display:none}</style>
</head>
<body>
<table>
<tr><th>Test</th><th># Passed</th><th># Skipped</th><th># Retried</th><th># Failed</th><th>Time (ms)</th><th>Included Groups</th><th>Excluded Groups</th></tr>
<tr><th colspan="8">Amazon Project Suite</th></tr>
<tr><td><a href="#t0">Amazon Project TestCases Test</a></td><td class="num">12</td><td class="num">0</td><td class="num attn">4</td><td class="num attn">3</td><td class="num">632,619</td><td></td><td></td></tr>
</table>
<table id='summary'><thead><tr><th>Class</th><th>Method</th><th>Start</th><th>Time (ms)</th></tr></thead><tbody><tr><th colspan="4">Amazon Project Suite</th></tr></tbody><tbody id="t0"><tr><th colspan="4">Amazon Project TestCases Test &#8212; failed</th></tr><tr class="failedeven"><td rowspan="1">project1_Amazon.W_TC12_SelectEach_PaymentMthd</td><td><a href="#m0">SelectTC12_AllPaymentAmazon</a></td><td rowspan="1">1749836083534</td><td rowspan="1">34865</td></tr><tr class="failedodd"><td rowspan="1">project1_Amazon.X_TC13_Apply_CouponCode</td><td><a href="#m1">ApplyCouponCodeTC13_OrderingAmazon</a></td><td rowspan="1">1749836194560</td><td rowspan="1">33191</td></tr><tr class="failedeven"><td rowspan="1">project1_Amazon.Y_TC14_StarRating</td><td><a href="#m2">Star5TC14_Rating_LastOrder_Amazon</a></td><td rowspan="1">1749836382246</td><td rowspan="1">35704</td></tr><tr><th colspan="4">Amazon Project TestCases Test &#8212; retried</th></tr><tr class="retriedeven"><td rowspan="1">project1_Amazon.TC8_ProductSort</td><td><a href="#m3">ProductTC8_SortAmazon</a></td><td rowspan="1">1749836282143</td><td rowspan="1">22506</td></tr><tr class="retriedodd"><td rowspan="1">project1_Amazon.W_TC12_SelectEach_PaymentMthd</td><td><a href="#m4">SelectTC12_AllPaymentAmazon</a></td><td rowspan="1">1749836029411</td><td rowspan="1">46008</td></tr><tr class="retriedeven"><td rowspan="1">project1_Amazon.X_TC13_Apply_CouponCode</td><td><a href="#m5">ApplyCouponCodeTC13_OrderingAmazon</a></td><td rowspan="1">1749836160467</td><td rowspan="1">28589</td></tr><tr class="retriedodd"><td rowspan="1">project1_Amazon.Y_TC14_StarRating</td><td><a href="#m6">Star5TC14_Rating_LastOrder_Amazon</a></td><td rowspan="1">1749836358022</td><td rowspan="1">11879</td></tr><tr><th colspan="4">Amazon Project TestCases Test &#8212; passed</th></tr><tr class="passedeven"><td rowspan="1">project1_Amazon.TC2_Login</td><td><a href="#m7">LoginTC2_ToAmazon</a></td><td rowspan="1">1749835912958</td><td rowspan="1">11586</td></tr><tr class="passedodd"><td rowspan="1">project1_Amazon.TC3_Fail_Login</td><td><a href="#m8">LoginFailTC3_ToAmazon</a></td><td rowspan="1">1749835898548</td><td rowspan="1">7292</td></tr><tr class="passedeven"><td rowspan="1">project1_Amazon.TC4_EditProfile</td><td><a href="#m9">EditProfileTC4_Amazon</a></td><td rowspan="1">1749836003196</td><td rowspan="1">18884</td></tr><tr class="passedodd"><td rowspan="1">project1_Amazon.TC5_SearchProduct</td><td><a href="#m10">SearchProductTC5_Amazon</a></td><td rowspan="1">1749835794592</td><td rowspan="1">12285</td></tr><tr class="passedeven"><td rowspan="1">project1_Amazon.TC6_SearchingByFilters</td><td><a href="#m11">SearchProductTC6_FilterAmazon</a></td><td rowspan="1">1749835868358</td><td rowspan="1">22920</td></tr><tr class="passedodd"><td rowspan="1">project1_Amazon.TC7_Product_details_Display</td><td><a href="#m12">ProductDetailsTC7_DisplayAmazon</a></td><td rowspan="1">1749836127352</td><td rowspan="1">25252</td></tr><tr class="passedeven"><td rowspan="1">project1_Amazon.TC8_ProductSort</td><td><a href="#m13">ProductTC8_SortAmazon</a></td><td rowspan="1">1749836317556</td><td rowspan="1">28165</td></tr><tr class="passedodd"><td rowspan="1">project1_Amazon.TC9_AddToCart</td><td><a href="#m14">ProductTC9_AddToCartAmazon</a></td><td rowspan="1">1749835933683</td><td rowspan="1">22411</td></tr><tr class="passedeven"><td rowspan="1">project1_Amazon.U_TC10_Add_Update_RemoveCart</td><td><a href="#m15">AddProductTC10_RemoveCartAmazon</a></td><td rowspan="1">1749836236770</td><td rowspan="1">35829</td></tr><tr class="passedodd"><td rowspan="1">project1_Amazon.V_TC11_BuyCheckout_PaymentReview</td><td><a href="#m16">BuyProductTC11_Checkout_PaymentAmazon</a></td><td rowspan="1">1749835964891</td><td rowspan="1">27409</td></tr><tr class="passedeven"><td rowspan="1">project1_Amazon.Z_TC15_WithOut_Login_Cart</td><td><a href="#m17">ReachTillTC15_Cart_WithoutLoginAmazon</a></td><td rowspan="1">1749835815648</td><td rowspan="1">13335</td></tr><tr class="passedodd"><td rowspan="1">project1_Amazon.Z_TC16_SelectCard_PaymentMthd</td><td><a href="#m18">SelectTC16_CardPaymentAmazon</a></td><td rowspan="1">1749835836304</td><td rowspan="1">25440</td></tr></tbody>
</table>
<h2>Amazon Project TestCases Test</h2><h3 id="m0">project1_Amazon.W_TC12_SelectEach_PaymentMthd#SelectTC12_AllPaymentAmazon</h3><table class="result"><tr><th>Messages</th></tr><tr><td><div class="messages">Test Case Is Fail</div></td></tr><tr><th>Exception</th></tr><tr><td><div class="stacktrace">java.lang.AssertionError: All assertion not passed
	expected [Ajit Choudhary] but found [Credit or debit card]
	at project1_Amazon_Src.Amazon_PaymentMethodPage.AllPaymentMethods(Amazon_PaymentMethodPage.java:143)
	at project1_Amazon.W_TC12_SelectEach_PaymentMthd.SelectTC12_AllPaymentAmazon(W_TC12_SelectEach_PaymentMthd.java:55)
	at java.base/java.util.ArrayList.forEach(ArrayList.java:1511)
... Removed 32 stack frames</div></td></tr></table><p class="totop"><a href="#summary">back to summary</a></p>
<h3 id="m1">project1_Amazon.X_TC13_Apply_CouponCode#ApplyCouponCodeTC13_OrderingAmazon</h3><table class="result"><tr><th>Messages</th></tr><tr><td><div class="messages">Test Case Is Fail</div></td></tr><tr><th>Exception</th></tr><tr><td><div class="stacktrace">java.lang.AssertionError: All assertion not passed
	expected [Ajit Choudhary] but found [Credit or debit card]
	at project1_Amazon_Src.Amazon_BuyCheckOutPage.ApplyCode(Amazon_BuyCheckOutPage.java:176)
	at project1_Amazon.X_TC13_Apply_CouponCode.ApplyCouponCodeTC13_OrderingAmazon(X_TC13_Apply_CouponCode.java:55)
	at java.base/java.util.ArrayList.forEach(ArrayList.java:1511)
... Removed 32 stack frames</div></td></tr></table><p class="totop"><a href="#summary">back to summary</a></p>
<h3 id="m2">project1_Amazon.Y_TC14_StarRating#Star5TC14_Rating_LastOrder_Amazon</h3><table class="result"><tr><th>Messages</th></tr><tr><td><div class="messages">Test Case Is Fail</div></td></tr><tr><th>Exception</th></tr><tr><td><div class="stacktrace">java.lang.NullPointerException: Cannot invoke &quot;org.openqa.selenium.WebDriver.getClass()&quot; because &quot;exceptionDriver&quot; is null
	at org.openqa.selenium.support.ui.WebDriverWait.timeoutException(WebDriverWait.java:85)
	at org.openqa.selenium.support.ui.FluentWait.until(FluentWait.java:228)
	at project1_Amazon_Src.Amazon_RatingPage.Rating(Amazon_RatingPage.java:53)
	at project1_Amazon.Y_TC14_StarRating.Star5TC14_Rating_LastOrder_Amazon(Y_TC14_StarRating.java:50)
	at java.base/java.util.ArrayList.forEach(ArrayList.java:1511)
... Removed 31 stack frames</div></td></tr></table><p class="totop"><a href="#summary">back to summary</a></p>
<h3 id="m3">project1_Amazon.TC8_ProductSort#ProductTC8_SortAmazon</h3><table class="result"><tr><th>Exception</th></tr><tr><td><div class="stacktrace">java.lang.AssertionError: All Assertion Not Passed
	expected [true] but found [false]
	at project1_Amazon_Src.Amazon_ProductPage2.sortbyLowToHigh(Amazon_ProductPage2.java:69)
	at project1_Amazon.TC8_ProductSort.ProductTC8_SortAmazon(TC8_ProductSort.java:58)
	at java.base/java.util.ArrayList.forEach(ArrayList.java:1511)
... Removed 32 stack frames</div></td></tr></table><p class="totop"><a href="#summary">back to summary</a></p>
<h3 id="m4">project1_Amazon.W_TC12_SelectEach_PaymentMthd#SelectTC12_AllPaymentAmazon</h3><table class="result"><tr><th>Exception</th></tr><tr><td><div class="stacktrace">org.openqa.selenium.ElementClickInterceptedException: element click intercepted: Element &lt;input id=&quot;pp-6H3mAF-139&quot; type=&quot;radio&quot; name=&quot;ppw-instrumentRowSelection&quot; value=&quot;instrumentId=EMI&amp;amp;isExpired=false&amp;amp;paymentMethod=CC&amp;amp;tfxEligible=false&quot; disabled=&quot;&quot;&gt; is not clickable at point (91, 481). Other element would receive the click: &lt;span role=&quot;radio&quot;&gt;...&lt;/span&gt;
  (Session info: MicrosoftEdge=137.0.3296.68)
Build info: version: &apos;4.33.0&apos;, revision: &apos;2c6aaad03a&apos;
System info: os.name: &apos;Windows 11&apos;, os.arch: &apos;amd64&apos;, os.version: &apos;10.0&apos;, java.version: &apos;17.0.11&apos;
Driver info: org.openqa.selenium.edge.EdgeDriver
Command: [94462334f6275891e04d5f1efd47a892, clickElement {id=f.3C85F66B02CB64538A67930A5BF2BBF9.d.8F1103B42F4A04ED9C7282AF34D5BD6C.e.339}]
Capabilities {acceptInsecureCerts: false, browserName: MicrosoftEdge, browserVersion: 137.0.3296.68, fedcm:accounts: true, ms:edgeOptions: {debuggerAddress: localhost:57312}, msedge: {msedgedriverVersion: 137.0.3296.68 (f3affdcf267b..., userDataDir: C:\Users\ajitc\AppData\Loca...}, networkConnectionEnabled: false, pageLoadStrategy: normal, platformName: windows, proxy: Proxy(), se:cdp: ws://localhost:57312/devtoo..., se:cdpVersion: 137.0.3296.68, setWindowRect: true, strictFileInteractability: false, timeouts: {implicit: 0, pageLoad: 300000, script: 30000}, unhandledPromptBehavior: dismiss and notify, webauthn:extension:credBlob: true, webauthn:extension:largeBlob: true, webauthn:extension:minPinLength: true, webauthn:extension:prf: true, webauthn:virtualAuthenticators: true}
Element: [[EdgeDriver: MicrosoftEdge on windows (94462334f6275891e04d5f1efd47a892)] -&gt; xpath: (//input[@name=&apos;ppw-instrumentRowSelection&apos;])[5]]
Session ID: 94462334f6275891e04d5f1efd47a892
	at org.openqa.selenium.remote.ErrorCodec.decode(ErrorCodec.java:167)
	at org.openqa.selenium.remote.codec.w3c.W3CHttpResponseCodec.decode(W3CHttpResponseCodec.java:138)
	at org.openqa.selenium.remote.codec.w3c.W3CHttpResponseCodec.decode(W3CHttpResponseCodec.java:50)
	at org.openqa.selenium.remote.HttpCommandExecutor.execute(HttpCommandExecutor.java:215)
	at org.openqa.selenium.remote.service.DriverCommandExecutor.invokeExecute(DriverCommandExecutor.java:216)
	at org.openqa.selenium.remote.service.DriverCommandExecutor.execute(DriverCommandExecutor.java:174)
	at org.openqa.selenium.remote.RemoteWebDriver.execute(RemoteWebDriver.java:544)
	at org.openqa.selenium.remote.RemoteWebElement.execute(RemoteWebElement.java:223)
	at org.openqa.selenium.remote.RemoteWebElement.click(RemoteWebElement.java:76)
	at org.openqa.selenium.support.pagefactory.internal.LocatingElementHandler.invoke(LocatingElementHandler.java:51)
	at jdk.proxy2/jdk.proxy2.$Proxy17.click(Unknown Source)
	at project1_Amazon_Src.Amazon_PaymentMethodPage.AllPaymentMethods(Amazon_PaymentMethodPage.java:138)
	at project1_Amazon.W_TC12_SelectEach_PaymentMthd.SelectTC12_AllPaymentAmazon(W_TC12_SelectEach_PaymentMthd.java:55)
	at java.base/java.util.ArrayList.forEach(ArrayList.java:1511)
... Removed 39 stack frames</div></td></tr></table><p class="totop"><a href="#summary">back to summary</a></p>
<h3 id="m5">project1_Amazon.X_TC13_Apply_CouponCode#ApplyCouponCodeTC13_OrderingAmazon</h3><table class="result"><tr><th>Exception</th></tr><tr><td><div class="stacktrace">java.lang.AssertionError: All assertion not passed
	expected [Ajit Choudhary] but found [Credit or debit card]
	at project1_Amazon_Src.Amazon_BuyCheckOutPage.ApplyCode(Amazon_BuyCheckOutPage.java:176)
	at project1_Amazon.X_TC13_Apply_CouponCode.ApplyCouponCodeTC13_OrderingAmazon(X_TC13_Apply_CouponCode.java:55)
	at java.base/java.util.ArrayList.forEach(ArrayList.java:1511)
... Removed 32 stack frames</div></td></tr></table><p class="totop"><a href="#summary">back to summary</a></p>
<h3 id="m6">project1_Amazon.Y_TC14_StarRating#Star5TC14_Rating_LastOrder_Amazon</h3><table class="result"><tr><th>Exception</th></tr><tr><td><div class="stacktrace">org.openqa.selenium.NoSuchElementException: no such element: Unable to locate element: {&quot;method&quot;:&quot;xpath&quot;,&quot;selector&quot;:&quot;(//span[@class=&apos;nav-line-1 nav-progressive-content&apos;])[2]&quot;}
  (Session info: MicrosoftEdge=137.0.3296.68)
For documentation on this error, please visit: https://www.selenium.dev/documentation/webdriver/troubleshooting/errors#no-such-element-exception
Build info: version: &apos;4.33.0&apos;, revision: &apos;2c6aaad03a&apos;
System info: os.name: &apos;Windows 11&apos;, os.arch: &apos;amd64&apos;, os.version: &apos;10.0&apos;, java.version: &apos;17.0.11&apos;
Driver info: org.openqa.selenium.edge.EdgeDriver
Command: [b5555739efb72aff6ac72dd061c9fefc, findElement {using=xpath, value=(//span[@class=&apos;nav-line-1 nav-progressive-content&apos;])[2]}]
Capabilities {acceptInsecureCerts: false, browserName: MicrosoftEdge, browserVersion: 137.0.3296.68, fedcm:accounts: true, ms:edgeOptions: {debuggerAddress: localhost:60643}, msedge: {msedgedriverVersion: 137.0.3296.68 (f3affdcf267b..., userDataDir: C:\Users\ajitc\AppData\Loca...}, networkConnectionEnabled: false, pageLoadStrategy: normal, platformName: windows, proxy: Proxy(), se:cdp: ws://localhost:60643/devtoo..., se:cdpVersion: 137.0.3296.68, setWindowRect: true, strictFileInteractability: false, timeouts: {implicit: 0, pageLoad: 300000, script: 30000}, unhandledPromptBehavior: dismiss and notify, webauthn:extension:credBlob: true, webauthn:extension:largeBlob: true, webauthn:extension:minPinLength: true, webauthn:extension:prf: true, webauthn:virtualAuthenticators: true}
Session ID: b5555739efb72aff6ac72dd061c9fefc
	at org.openqa.selenium.remote.ErrorCodec.decode(ErrorCodec.java:167)
	at org.openqa.selenium.remote.codec.w3c.W3CHttpResponseCodec.decode(W3CHttpResponseCodec.java:138)
	at org.openqa.selenium.remote.codec.w3c.W3CHttpResponseCodec.decode(W3CHttpResponseCodec.java:50)
	at org.openqa.selenium.remote.HttpCommandExecutor.execute(HttpCommandExecutor.java:215)
	at org.openqa.selenium.remote.service.DriverCommandExecutor.invokeExecute(DriverCommandExecutor.java:216)
	at org.openqa.selenium.remote.service.DriverCommandExecutor.execute(DriverCommandExecutor.java:174)
	at org.openqa.selenium.remote.RemoteWebDriver.execute(RemoteWebDriver.java:544)
	at org.openqa.selenium.remote.ElementLocation$ElementFinder$2.findElement(ElementLocation.java:165)
	at org.openqa.selenium.remote.ElementLocation.findElement(ElementLocation.java:59)
	at org.openqa.selenium.remote.RemoteWebDriver.findElement(RemoteWebDriver.java:367)
	at org.openqa.selenium.remote.RemoteWebDriver.findElement(RemoteWebDriver.java:361)
	at org.openqa.selenium.support.pagefactory.DefaultElementLocator.findElement(DefaultElementLocator.java:68)
	at org.openqa.selenium.support.pagefactory.internal.LocatingElementHandler.invoke(LocatingElementHandler.java:38)
	at jdk.proxy2/jdk.proxy2.$Proxy17.getText(Unknown Source)
	at project1_Amazon_Src.Amazon_LoginPage.SigninPressTC14(Amazon_LoginPage.java:153)
	at project1_Amazon.Y_TC14_StarRating.Star5TC14_Rating_LastOrder_Amazon(Y_TC14_StarRating.java:45)
	at java.base/java.util.ArrayList.forEach(ArrayList.java:1511)
... Removed 36 stack frames</div></td></tr></table><p class="totop"><a href="#summary">back to summary</a></p>
<h3 id="m7">project1_Amazon.TC2_Login#LoginTC2_ToAmazon</h3><table class="result"><tr><th>Messages</th></tr><tr><td><div class="messages">Test Case Is Pass</div></td></tr></table><p class="totop"><a href="#summary">back to summary</a></p>
<h3 id="m8">project1_Amazon.TC3_Fail_Login#LoginFailTC3_ToAmazon</h3><table class="result"><tr><th>Messages</th></tr><tr><td><div class="messages">Test Case Is Pass</div></td></tr></table><p class="totop"><a href="#summary">back to summary</a></p>
<h3 id="m9">project1_Amazon.TC4_EditProfile#EditProfileTC4_Amazon</h3><table class="result"><tr><th>Messages</th></tr><tr><td><div class="messages">Test Case Is Pass</div></td></tr></table><p class="totop"><a href="#summary">back to summary</a></p>
<h3 id="m10">project1_Amazon.TC5_SearchProduct#SearchProductTC5_Amazon</h3><table class="result"><tr><th>Messages</th></tr><tr><td><div class="messages">Test Case Is Pass</div></td></tr></table><p class="totop"><a href="#summary">back to summary</a></p>
<h3 id="m11">project1_Amazon.TC6_SearchingByFilters#SearchProductTC6_FilterAmazon</h3><table class="result"><tr><th>Messages</th></tr><tr><td><div class="messages">Test Case Is Pass</div></td></tr></table><p class="totop"><a href="#summary">back to summary</a></p>
<h3 id="m12">project1_Amazon.TC7_Product_details_Display#ProductDetailsTC7_DisplayAmazon</h3><table class="result"><tr><th>Messages</th></tr><tr><td><div class="messages">Test Case Is Pass</div></td></tr></table><p class="totop"><a href="#summary">back to summary</a></p>
<h3 id="m13">project1_Amazon.TC8_ProductSort#ProductTC8_SortAmazon</h3><table class="result"><tr><th>Messages</th></tr><tr><td><div class="messages">Test Case Is Pass</div></td></tr></table><p class="totop"><a href="#summary">back to summary</a></p>
<h3 id="m14">project1_Amazon.TC9_AddToCart#ProductTC9_AddToCartAmazon</h3><table class="result"><tr><th>Messages</th></tr><tr><td><div class="messages">Test Case Is Pass</div></td></tr></table><p class="totop"><a href="#summary">back to summary</a></p>
<h3 id="m15">project1_Amazon.U_TC10_Add_Update_RemoveCart#AddProductTC10_RemoveCartAmazon</h3><table class="result"><tr><th>Messages</th></tr><tr><td><div class="messages">Test Case Is Pass</div></td></tr></table><p class="totop"><a href="#summary">back to summary</a></p>
<h3 id="m16">project1_Amazon.V_TC11_BuyCheckout_PaymentReview#BuyProductTC11_Checkout_PaymentAmazon</h3><table class="result"><tr><th>Messages</th></tr><tr><td><div class="messages">Test Case Is Pass</div></td></tr></table><p class="totop"><a href="#summary">back to summary</a></p>
<h3 id="m17">project1_Amazon.Z_TC15_WithOut_Login_Cart#ReachTillTC15_Cart_WithoutLoginAmazon</h3><table class="result"><tr><th>Messages</th></tr><tr><td><div class="messages">Test Case Is Pass</div></td></tr></table><p class="totop"><a href="#summary">back to summary</a></p>
<h3 id="m18">project1_Amazon.Z_TC16_SelectCard_PaymentMthd#SelectTC16_CardPaymentAmazon</h3><table class="result"><tr><th>Messages</th></tr><tr><td><div class="messages">Test Case Is Pass</div></td></tr></table><p class="totop"><a href="#summary">back to summary</a></p>
</body>
</html>
