<?xml version="1.0" encoding="UTF-8"?>
<!-- Generated by org.testng.reporters.JUnitXMLReporter -->
<testsuite ignored="20" hostname="Ajit_Choudhary" failures="6" tests="17" name="Airline Project TestCases Parallel Browser Test Edge" time="2966.645" errors="0" timestamp="2025-06-18T10:55:54 IST">
  <testcase classname="project2_Airline.TC9_MultiplePasngrs_SingleBooking" name="MultiplePasngrsTC9_SingleBooking_Ability" time="0.939">
    <skipped/>
  </testcase> <!-- MultiplePasngrsTC9_SingleBooking_Ability -->
  <testcase classname="project2_Airline.TC9_MultiplePasngrs_SingleBooking" name="MultiplePasngrsTC9_SingleBooking_Ability" time="20.015">
    <failure type="java.util.NoSuchElementException">
      <![CDATA[java.util.NoSuchElementException
at java.base/java.util.LinkedHashMap$LinkedHashIterator.nextNode(LinkedHashMap.java:758)
at java.base/java.util.LinkedHashMap$LinkedKeyIterator.next(LinkedHashMap.java:778)
at project2_Airline_Src.Airline_MultiplePsngr_Page.ControlChild(Airline_MultiplePsngr_Page.java:144)
at project2_Airline.TC9_MultiplePasngrs_SingleBooking.MultiplePasngrsTC9_SingleBooking_Ability(TC9_MultiplePasngrs_SingleBooking.java:42)
at java.base/java.util.ArrayList.forEach(ArrayList.java:1511)
at java.base/java.util.concurrent.FutureTask.run(FutureTask.java:264)
at java.base/java.util.concurrent.ThreadPoolExecutor.runWorker(ThreadPoolExecutor.java:1136)
at java.base/java.util.concurrent.ThreadPoolExecutor$Worker.run(ThreadPoolExecutor.java:635)
at java.base/java.lang.Thread.run(Thread.java:840)
... Removed 17 stack frames]]>
    </failure>
  </testcase> <!-- MultiplePasngrsTC9_SingleBooking_Ability -->
  <testcase classname="project2_Airline.TC5_RoundTrip_Flight" name="SearchTC5_RoundTrip_Flight" time="12.03">
    <skipped/>
  </testcase> <!-- SearchTC5_RoundTrip_Flight -->
  <testcase classname="project2_Airline.TC5_RoundTrip_Flight" name="SearchTC5_RoundTrip_Flight" time="10.38">
    <failure type="java.lang.NullPointerException" message="Cannot invoke &amp;quot;org.openqa.selenium.WebDriver.getClass()&amp;quot; because &amp;quot;exceptionDriver&amp;quot; is null">
      <![CDATA[java.lang.NullPointerException: Cannot invoke "org.openqa.selenium.WebDriver.getClass()" because "exceptionDriver" is null
at org.openqa.selenium.support.ui.WebDriverWait.timeoutException(WebDriverWait.java:85)
at org.openqa.selenium.support.ui.FluentWait.until(FluentWait.java:228)
at project2_Airline_Src.Airline_HomePage.RemoveLogin(Airline_HomePage.java:38)
at project2_Airline.TC5_RoundTrip_Flight.SearchTC5_RoundTrip_Flight(TC5_RoundTrip_Flight.java:32)
at java.base/java.util.ArrayList.forEach(ArrayList.java:1511)
at java.base/java.util.concurrent.FutureTask.run(FutureTask.java:264)
at java.base/java.util.concurrent.ThreadPoolExecutor.runWorker(ThreadPoolExecutor.java:1136)
at java.base/java.util.concurrent.ThreadPoolExecutor$Worker.run(ThreadPoolExecutor.java:635)
at java.base/java.lang.Thread.run(Thread.java:840)
... Removed 17 stack frames]]>
    </failure>
  </testcase> <!-- SearchTC5_RoundTrip_Flight -->
  <testcase classname="project2_Airline.TC8_Seat_Selection" name="CheckSeatTC8_Selection" time="22.107">
    <skipped/>
  </testcase> <!-- CheckSeatTC8_Selection -->
  <testcase classname="project2_Airline.TC8_Seat_Selection" name="CheckSeatTC8_Selection" time="37.578">
    <failure type="java.lang.NullPointerException" message="Cannot invoke &amp;quot;org.openqa.selenium.WebDriver.getClass()&amp;quot; because &amp;quot;exceptionDriver&amp;quot; is null">
      <![CDATA[java.lang.NullPointerException: Cannot invoke "org.openqa.selenium.WebDriver.getClass()" because "exceptionDriver" is null
at org.openqa.selenium.support.ui.WebDriverWait.timeoutException(WebDriverWait.java:85)
at org.openqa.selenium.support.ui.FluentWait.until(FluentWait.java:228)
at project2_Airline_Src.Airline_SeatSelection_Page.SearchDetails(Airline_SeatSelection_Page.java:97)
at project2_Airline.TC8_Seat_Selection.CheckSeatTC8_Selection(TC8_Seat_Selection.java:35)
at java.base/java.util.ArrayList.forEach(ArrayList.java:1511)
at java.base/java.util.concurrent.FutureTask.run(FutureTask.java:264)
at java.base/java.util.concurrent.ThreadPoolExecutor.runWorker(ThreadPoolExecutor.java:1136)
at java.base/java.util.concurrent.ThreadPoolExecutor$Worker.run(ThreadPoolExecutor.java:635)
at java.base/java.lang.Thread.run(Thread.java:840)
... Removed 17 stack frames]]>
    </failure>
  </testcase> <!-- CheckSeatTC8_Selection -->
  <testcase classname="project2_Airline.TC6_Econmy_Buisness_FirstClses" name="SearchTC6_Ecnmy_Business_FirstClses" time="15.146">
    <skipped/>
  </testcase> <!-- SearchTC6_Ecnmy_Business_FirstClses -->
  <testcase classname="project2_Airline.TC6_Econmy_Buisness_FirstClses" name="SearchTC6_Ecnmy_Business_FirstClses" time="323.578">
    <failure type="org.openqa.selenium.NoSuchElementException" message="no such element: Unable to locate element: {&amp;quot;method&amp;quot;:&amp;quot;xpath&amp;quot;,&amp;quot;selector&amp;quot;:&amp;quot;(//button/child::div)[2]&amp;quot;}
  (Session info: MicrosoftEdge=137.0.3296.83)
For documentation on this error, please visit: https://www.selenium.dev/documentation/webdriver/troubleshooting/errors#no-such-element-exception
Build info: version: &amp;apos;4.33.0&amp;apos;, revision: &amp;apos;2c6aaad03a&amp;apos;
System info: os.name: &amp;apos;Windows 11&amp;apos;, os.arch: &amp;apos;amd64&amp;apos;, os.version: &amp;apos;10.0&amp;apos;, java.version: &amp;apos;17.0.11&amp;apos;
Driver info: org.openqa.selenium.edge.EdgeDriver
Command: [ca3fae256b5fd04c41a84e9815f1d68b, findElement {value=(//button/child::div)[2], using=xpath}]
Capabilities {acceptInsecureCerts: false, browserName: MicrosoftEdge, browserVersion: 137.0.3296.83, fedcm:accounts: true, ms:edgeOptions: {debuggerAddress: localhost:60942}, msedge: {msedgedriverVersion: 137.0.3296.83 (24e00e9cccf2..., userDataDir: C:\Users\ajitc\AppData\Loca...}, networkConnectionEnabled: false, pageLoadStrategy: normal, platformName: windows, proxy: Proxy(), se:cdp: ws://localhost:60942/devtoo..., se:cdpVersion: 137.0.3296.83, setWindowRect: true, strictFileInteractability: false, timeouts: {implicit: 0, pageLoad: 300000, script: 30000}, unhandledPromptBehavior: dismiss and notify, webauthn:extension:credBlob: true, webauthn:extension:largeBlob: true, webauthn:extension:minPinLength: true, webauthn:extension:prf: true, webauthn:virtualAuthenticators: true}
Session ID: ca3fae256b5fd04c41a84e9815f1d68b">
      <![CDATA[org.openqa.selenium.NoSuchElementException: no such element: Unable to locate element: {"method":"xpath","selector":"(//button/child::div)[2]"}
  (Session info: MicrosoftEdge=137.0.3296.83)
For documentation on this error, please visit: https://www.selenium.dev/documentation/webdriver/troubleshooting/errors#no-such-element-exception
Build info: version: '4.33.0', revision: '2c6aaad03a'
System info: os.name: 'Windows 11', os.arch: 'amd64', os.version: '10.0', java.version: '17.0.11'
Driver info: org.openqa.selenium.edge.EdgeDriver
Command: [ca3fae256b5fd04c41a84e9815f1d68b, findElement {value=(//button/child::div)[2], using=xpath}]
Capabilities {acceptInsecureCerts: false, browserName: MicrosoftEdge, browserVersion: 137.0.3296.83, fedcm:accounts: true, ms:edgeOptions: {debuggerAddress: localhost:60942}, msedge: {msedgedriverVersion: 137.0.3296.83 (24e00e9cccf2..., userDataDir: C:\Users\ajitc\AppData\Loca...}, networkConnectionEnabled: false, pageLoadStrategy: normal, platformName: windows, proxy: Proxy(), se:cdp: ws://localhost:60942/devtoo..., se:cdpVersion: 137.0.3296.83, setWindowRect: true, strictFileInteractability: false, timeouts: {implicit: 0, pageLoad: 300000, script: 30000}, unhandledPromptBehavior: dismiss and notify, webauthn:extension:credBlob: true, webauthn:extension:largeBlob: true, webauthn:extension:minPinLength: true, webauthn:extension:prf: true, webauthn:virtualAuthenticators: true}
Session ID: ca3fae256b5fd04c41a84e9815f1d68b
at org.openqa.selenium.remote.ErrorCodec.decode(ErrorCodec.java:167)
at org.openqa.selenium.remote.codec.w3c.W3CHttpResponseCodec.decode(W3CHttpResponseCodec.java:138)
at org.openqa.selenium.remote.codec.w3c.W3CHttpResponseCodec.decode(W3CHttpResponseCodec.java:50)
at org.openqa.selenium.remote.HttpCommandExecutor.execute(HttpCommandExecutor.java:215)
at org.openqa.selenium.remote.service.DriverCommandExecutor.invokeExecute(DriverCommandExecutor.java:216)
at org.openqa.selenium.remote.service.DriverCommandExecutor.execute(DriverCommandExecutor.java:174)
at org.openqa.selenium.remote.RemoteWebDriver.execute(RemoteWebDriver.java:544)
at org.openqa.selenium.remote.ElementLocation$ElementFinder$2.findElement(ElementLocation.java:165)
at org.openqa.selenium.remote.ElementLocation.findElement(ElementLocation.java:59)
at org.openqa.selenium.remote.RemoteWebDriver.findElement(RemoteWebDriver.java:367)
at org.openqa.selenium.remote.RemoteWebDriver.findElement(RemoteWebDriver.java:361)
at org.openqa.selenium.support.pagefactory.DefaultElementLocator.findElement(DefaultElementLocator.java:68)
at org.openqa.selenium.support.pagefactory.internal.LocatingElementHandler.invoke(LocatingElementHandler.java:38)
at jdk.proxy2/jdk.proxy2.$Proxy18.isDisplayed(Unknown Source)
at project2_Airline_Src.Airline_EconomyCls_Page.EconomyCls_FLight(Airline_EconomyCls_Page.java:103)
at project2_Airline.TC6_Econmy_Buisness_FirstClses.SearchTC6_Ecnmy_Business_FirstClses(TC6_Econmy_Buisness_FirstClses.java:40)
at java.base/java.util.ArrayList.forEach(ArrayList.java:1511)
at java.base/java.util.concurrent.FutureTask.run(FutureTask.java:264)
at java.base/java.util.concurrent.ThreadPoolExecutor.runWorker(ThreadPoolExecutor.java:1136)
at java.base/java.util.concurrent.ThreadPoolExecutor$Worker.run(ThreadPoolExecutor.java:635)
at java.base/java.lang.Thread.run(Thread.java:840)
... Removed 21 stack frames]]>
    </failure>
  </testcase> <!-- SearchTC6_Ecnmy_Business_FirstClses -->
  <testcase classname="project2_Airline.U_TC10_Flight_Rules_Info" name="RulesTC10_Fare_Baggage_Cancelsn" time="63.444">
    <skipped/>
  </testcase> <!-- RulesTC10_Fare_Baggage_Cancelsn -->
  <testcase classname="project2_Airline.U_TC10_Flight_Rules_Info" name="RulesTC10_Fare_Baggage_Cancelsn" time="477.877">
    <failure type="org.openqa.selenium.NoSuchElementException" message="no such element: Unable to locate element: {&amp;quot;method&amp;quot;:&amp;quot;xpath&amp;quot;,&amp;quot;selector&amp;quot;:&amp;quot;(//button/child::div)[2]&amp;quot;}
  (Session info: MicrosoftEdge=137.0.3296.83)
For documentation on this error, please visit: https://www.selenium.dev/documentation/webdriver/troubleshooting/errors#no-such-element-exception
Build info: version: &amp;apos;4.33.0&amp;apos;, revision: &amp;apos;2c6aaad03a&amp;apos;
System info: os.name: &amp;apos;Windows 11&amp;apos;, os.arch: &amp;apos;amd64&amp;apos;, os.version: &amp;apos;10.0&amp;apos;, java.version: &amp;apos;17.0.11&amp;apos;
Driver info: org.openqa.selenium.edge.EdgeDriver
Command: [1bb49fafd6b0e0f27d0e9953986b0489, findElement {value=(//button/child::div)[2], using=xpath}]
Capabilities {acceptInsecureCerts: false, browserName: MicrosoftEdge, browserVersion: 137.0.3296.83, fedcm:accounts: true, ms:edgeOptions: {debuggerAddress: localhost:62582}, msedge: {msedgedriverVersion: 137.0.3296.83 (24e00e9cccf2..., userDataDir: C:\Users\ajitc\AppData\Loca...}, networkConnectionEnabled: false, pageLoadStrategy: normal, platformName: windows, proxy: Proxy(), se:cdp: ws://localhost:62582/devtoo..., se:cdpVersion: 137.0.3296.83, setWindowRect: true, strictFileInteractability: false, timeouts: {implicit: 0, pageLoad: 300000, script: 30000}, unhandledPromptBehavior: dismiss and notify, webauthn:extension:credBlob: true, webauthn:extension:largeBlob: true, webauthn:extension:minPinLength: true, webauthn:extension:prf: true, webauthn:virtualAuthenticators: true}
Session ID: 1bb49fafd6b0e0f27d0e9953986b0489">
      <![CDATA[org.openqa.selenium.NoSuchElementException: no such element: Unable to locate element: {"method":"xpath","selector":"(//button/child::div)[2]"}
  (Session info: MicrosoftEdge=137.0.3296.83)
For documentation on this error, please visit: https://www.selenium.dev/documentation/webdriver/troubleshooting/errors#no-such-element-exception
Build info: version: '4.33.0', revision: '2c6aaad03a'
System info: os.name: 'Windows 11', os.arch: 'amd64', os.version: '10.0', java.version: '17.0.11'
Driver info: org.openqa.selenium.edge.EdgeDriver
Command: [1bb49fafd6b0e0f27d0e9953986b0489, findElement {value=(//button/child::div)[2], using=xpath}]
Capabilities {acceptInsecureCerts: false, browserName: MicrosoftEdge, browserVersion: 137.0.3296.83, fedcm:accounts: true, ms:edgeOptions: {debuggerAddress: localhost:62582}, msedge: {msedgedriverVersion: 137.0.3296.83 (24e00e9cccf2..., userDataDir: C:\Users\ajitc\AppData\Loca...}, networkConnectionEnabled: false, pageLoadStrategy: normal, platformName: windows, proxy: Proxy(), se:cdp: ws://localhost:62582/devtoo..., se:cdpVersion: 137.0.3296.83, setWindowRect: true, strictFileInteractability: false, timeouts: {implicit: 0, pageLoad: 300000, script: 30000}, unhandledPromptBehavior: dismiss and notify, webauthn:extension:credBlob: true, webauthn:extension:largeBlob: true, webauthn:extension:minPinLength: true, webauthn:extension:prf: true, webauthn:virtualAuthenticators: true}
Session ID: 1bb49fafd6b0e0f27d0e9953986b0489
at org.openqa.selenium.remote.ErrorCodec.decode(ErrorCodec.java:167)
at org.openqa.selenium.remote.codec.w3c.W3CHttpResponseCodec.decode(W3CHttpResponseCodec.java:138)
at org.openqa.selenium.remote.codec.w3c.W3CHttpResponseCodec.decode(W3CHttpResponseCodec.java:50)
at org.openqa.selenium.remote.HttpCommandExecutor.execute(HttpCommandExecutor.java:215)
at org.openqa.selenium.remote.service.DriverCommandExecutor.invokeExecute(DriverCommandExecutor.java:216)
at org.openqa.selenium.remote.service.DriverCommandExecutor.execute(DriverCommandExecutor.java:174)
at org.openqa.selenium.remote.RemoteWebDriver.execute(RemoteWebDriver.java:544)
at org.openqa.selenium.remote.ElementLocation$ElementFinder$2.findElement(ElementLocation.java:165)
at org.openqa.selenium.remote.ElementLocation.findElement(ElementLocation.java:59)
at org.openqa.selenium.remote.RemoteWebDriver.findElement(RemoteWebDriver.java:367)
at org.openqa.selenium.remote.RemoteWebDriver.findElement(RemoteWebDriver.java:361)
at org.openqa.selenium.support.pagefactory.DefaultElementLocator.findElement(DefaultElementLocator.java:68)
at org.openqa.selenium.support.pagefactory.internal.LocatingElementHandler.invoke(LocatingElementHandler.java:38)
at jdk.proxy2/jdk.proxy2.$Proxy18.isDisplayed(Unknown Source)
at project2_Airline_Src.Airline_FareRule_Page.HydTODxb(Airline_FareRule_Page.java:101)
at project2_Airline.U_TC10_Flight_Rules_Info.RulesTC10_Fare_Baggage_Cancelsn(U_TC10_Flight_Rules_Info.java:39)
at java.base/java.util.ArrayList.forEach(ArrayList.java:1511)
at java.base/java.util.concurrent.FutureTask.run(FutureTask.java:264)
at java.base/java.util.concurrent.ThreadPoolExecutor.runWorker(ThreadPoolExecutor.java:1136)
at java.base/java.util.concurrent.ThreadPoolExecutor$Worker.run(ThreadPoolExecutor.java:635)
at java.base/java.lang.Thread.run(Thread.java:840)
... Removed 21 stack frames]]>
    </failure>
  </testcase> <!-- RulesTC10_Fare_Baggage_Cancelsn -->
  <testcase classname="project2_Airline.TC4_OneWay_Flight" name="SearchTC4_OneWayFlight" time="228.233">
    <skipped/>
  </testcase> <!-- SearchTC4_OneWayFlight -->
  <testcase classname="project2_Airline.TC4_OneWay_Flight" name="SearchTC4_OneWayFlight" time="158.878">
    <failure type="java.lang.NullPointerException" message="Cannot invoke &amp;quot;org.openqa.selenium.WebDriver.getClass()&amp;quot; because &amp;quot;exceptionDriver&amp;quot; is null">
      <![CDATA[java.lang.NullPointerException: Cannot invoke "org.openqa.selenium.WebDriver.getClass()" because "exceptionDriver" is null
at org.openqa.selenium.support.ui.WebDriverWait.timeoutException(WebDriverWait.java:85)
at org.openqa.selenium.support.ui.FluentWait.until(FluentWait.java:228)
at project2_Airline_Src.Airline_OneWayTrip_Page.OneWayTrip(Airline_OneWayTrip_Page.java:67)
at project2_Airline.TC4_OneWay_Flight.SearchTC4_OneWayFlight(TC4_OneWay_Flight.java:39)
at java.base/java.util.ArrayList.forEach(ArrayList.java:1511)
at java.base/java.util.concurrent.FutureTask.run(FutureTask.java:264)
at java.base/java.util.concurrent.ThreadPoolExecutor.runWorker(ThreadPoolExecutor.java:1136)
at java.base/java.util.concurrent.ThreadPoolExecutor$Worker.run(ThreadPoolExecutor.java:635)
at java.base/java.lang.Thread.run(Thread.java:840)
... Removed 17 stack frames]]>
    </failure>
  </testcase> <!-- SearchTC4_OneWayFlight -->
  <testcase classname="project2_Airline.Z_TC15_CreditCard_PaymentMethod" name="PaymentPageTC15_Slct_CredtCard" time="0.0">
    <skipped/>
  </testcase> <!-- PaymentPageTC15_Slct_CredtCard -->
  <testcase classname="project2_Airline.V_TC11_EnterEvery_Fields" name="EnterEveryFieldsTC11_inSearchPage" time="0.008">
    <skipped/>
  </testcase> <!-- EnterEveryFieldsTC11_inSearchPage -->
  <testcase classname="project2_Airline.Y_TC14_DomesticFlight_RoundTrip" name="DomesticRoundTC14_TripFlight" time="0.225">
    <skipped/>
  </testcase> <!-- DomesticRoundTC14_TripFlight -->
  <testcase classname="project2_Airline.TC7_MultiCity_Flights" name="SearchTC7_MultiCity_Flights" time="0.003">
    <skipped/>
  </testcase> <!-- SearchTC7_MultiCity_Flights -->
  <testcase classname="project2_Airline.X_TC13_CouponCode_BookingFlight" name="ApplyCouponTC13_Code_FlightBook" time="0.009">
    <skipped/>
  </testcase> <!-- ApplyCouponTC13_Code_FlightBook -->
  <testcase classname="project2_Airline.Airline_BaseClass" name="@BeforeSuite extentreport" time="0.0">
    <ignored/>
  </testcase> <!-- @BeforeSuite extentreport -->
  <testcase classname="project2_Airline.Airline_BaseClass" name="@BeforeSuite extentreport" time="0.0">
    <ignored/>
  </testcase> <!-- @BeforeSuite extentreport -->
  <testcase classname="project2_Airline.Airline_BaseClass" name="@BeforeSuite extentreport" time="0.0">
    <ignored/>
  </testcase> <!-- @BeforeSuite extentreport -->
  <testcase classname="project2_Airline.Airline_BaseClass" name="@BeforeSuite extentreport" time="0.0">
    <ignored/>
  </testcase> <!-- @BeforeSuite extentreport -->
  <testcase classname="project2_Airline.Airline_BaseClass" name="@AfterSuite extentreport1" time="0.0">
    <ignored/>
  </testcase> <!-- @AfterSuite extentreport1 -->
  <testcase classname="project2_Airline.Airline_BaseClass" name="@AfterSuite extentreport1" time="0.0">
    <ignored/>
  </testcase> <!-- @AfterSuite extentreport1 -->
  <testcase classname="project2_Airline.Airline_BaseClass" name="@BeforeSuite extentreport" time="0.0">
    <ignored/>
  </testcase> <!-- @BeforeSuite extentreport -->
  <testcase classname="project2_Airline.Airline_BaseClass" name="@BeforeSuite extentreport" time="0.0">
    <ignored/>
  </testcase> <!-- @BeforeSuite extentreport -->
  <testcase classname="project2_Airline.Airline_BaseClass" name="@AfterSuite extentreport1" time="0.0">
    <ignored/>
  </testcase> <!-- @AfterSuite extentreport1 -->
  <testcase classname="project2_Airline.Airline_BaseClass" name="@BeforeSuite extentreport" time="0.0">
    <ignored/>
  </testcase> <!-- @BeforeSuite extentreport -->
  <testcase classname="project2_Airline.Airline_BaseClass" name="@BeforeSuite extentreport" time="0.0">
    <ignored/>
  </testcase> <!-- @BeforeSuite extentreport -->
  <testcase classname="project2_Airline.Airline_BaseClass" name="@BeforeSuite extentreport" time="0.0">
    <ignored/>
  </testcase> <!-- @BeforeSuite extentreport -->
  <testcase classname="project2_Airline.Airline_BaseClass" name="@AfterSuite extentreport1" time="0.0">
    <ignored/>
  </testcase> <!-- @AfterSuite extentreport1 -->
  <testcase classname="project2_Airline.Airline_BaseClass" name="@BeforeSuite extentreport" time="0.0">
    <ignored/>
  </testcase> <!-- @BeforeSuite extentreport -->
  <testcase classname="project2_Airline.Airline_BaseClass" name="@AfterSuite extentreport1" time="0.0">
    <ignored/>
  </testcase> <!-- @AfterSuite extentreport1 -->
  <testcase classname="project2_Airline.Airline_BaseClass" name="@AfterSuite extentreport1" time="0.0">
    <ignored/>
  </testcase> <!-- @AfterSuite extentreport1 -->
  <testcase classname="project2_Airline.Airline_BaseClass" name="@AfterSuite extentreport1" time="0.0">
    <ignored/>
  </testcase> <!-- @AfterSuite extentreport1 -->
  <testcase classname="project2_Airline.Airline_BaseClass" name="@AfterSuite extentreport1" time="0.0">
    <ignored/>
  </testcase> <!-- @AfterSuite extentreport1 -->
  <testcase classname="project2_Airline.Airline_BaseClass" name="@AfterSuite extentreport1" time="0.0">
    <ignored/>
  </testcase> <!-- @AfterSuite extentreport1 -->
  <testcase classname="project2_Airline.Airline_BaseClass" name="@AfterSuite extentreport1" time="0.0">
    <ignored/>
  </testcase> <!-- @AfterSuite extentreport1 -->
</testsuite> <!-- Airline Project TestCases Parallel Browser Test Edge -->
