<?xml version="1.0" encoding="UTF-8"?>
<!-- Generated by org.testng.reporters.JUnitXMLReporter -->
<testsuite ignored="0" hostname="Ajit_Choudhary" failures="4" tests="20" name="Amazon Project TestCases Cross Browser Test Edge" time="645.963" errors="0" timestamp="2025-06-11T21:11:35 IST">
  <testcase classname="project1_Amazon.TC5_SearchProduct" name="SearchProductTC5_Amazon" time="11.495"/>
  <testcase classname="project1_Amazon.Z_TC15_WithOut_Login_Cart" name="ReachTillTC15_Cart_WithoutLoginAmazon" time="12.216"/>
  <testcase classname="project1_Amazon.Z_TC16_SelectCard_PaymentMthd" name="SelectTC16_CardPaymentAmazon" time="31.344">
    <skipped/>
  </testcase> <!-- SelectTC16_CardPaymentAmazon -->
  <testcase classname="project1_Amazon.Z_TC16_SelectCard_PaymentMthd" name="SelectTC16_CardPaymentAmazon" time="25.315"/>
  <testcase classname="project1_Amazon.TC6_SearchingByFilters" name="SearchProductTC6_FilterAmazon" time="29.605"/>
  <testcase classname="project1_Amazon.TC3_Fail_Login" name="LoginFailTC3_ToAmazon" time="6.13"/>
  <testcase classname="project1_Amazon.TC2_Login" name="LoginTC2_ToAmazon" time="15.139"/>
  <testcase classname="project1_Amazon.TC9_AddToCart" name="ProductTC9_AddToCartAmazon" time="23.126"/>
  <testcase classname="project1_Amazon.V_TC11_BuyCheckout_PaymentReview" name="BuyProductTC11_Checkout_PaymentAmazon" time="38.448">
    <skipped/>
  </testcase> <!-- BuyProductTC11_Checkout_PaymentAmazon -->
  <testcase classname="project1_Amazon.V_TC11_BuyCheckout_PaymentReview" name="BuyProductTC11_Checkout_PaymentAmazon" time="34.931">
    <failure type="java.lang.NullPointerException" message="Cannot invoke &amp;quot;org.openqa.selenium.WebDriver.getClass()&amp;quot; because &amp;quot;exceptionDriver&amp;quot; is null">
      <![CDATA[java.lang.NullPointerException: Cannot invoke "org.openqa.selenium.WebDriver.getClass()" because "exceptionDriver" is null
at org.openqa.selenium.support.ui.WebDriverWait.timeoutException(WebDriverWait.java:85)
at org.openqa.selenium.support.ui.FluentWait.until(FluentWait.java:228)
at project1_Amazon_Src.Amazon_BuyCheckOutPage.CheckOut(Amazon_BuyCheckOutPage.java:128)
at project1_Amazon.V_TC11_BuyCheckout_PaymentReview.BuyProductTC11_Checkout_PaymentAmazon(V_TC11_BuyCheckout_PaymentReview.java:44)
at java.base/java.util.ArrayList.forEach(ArrayList.java:1511)
... Removed 31 stack frames]]>
    </failure>
  </testcase> <!-- BuyProductTC11_Checkout_PaymentAmazon -->
  <testcase classname="project1_Amazon.TC4_EditProfile" name="EditProfileTC4_Amazon" time="14.869"/>
  <testcase classname="project1_Amazon.W_TC12_SelectEach_PaymentMthd" name="SelectTC12_AllPaymentAmazon" time="34.024">
    <skipped/>
  </testcase> <!-- SelectTC12_AllPaymentAmazon -->
  <testcase classname="project1_Amazon.W_TC12_SelectEach_PaymentMthd" name="SelectTC12_AllPaymentAmazon" time="35.032">
    <failure type="java.lang.AssertionError" message="All assertion not passed
	expected [Ajit Choudhary] but found [Credit or debit card]">
      <![CDATA[java.lang.AssertionError: All assertion not passed
expected [Ajit Choudhary] but found [Credit or debit card]
at project1_Amazon_Src.Amazon_PaymentMethodPage.AllPaymentMethods(Amazon_PaymentMethodPage.java:143)
at project1_Amazon.W_TC12_SelectEach_PaymentMthd.SelectTC12_AllPaymentAmazon(W_TC12_SelectEach_PaymentMthd.java:44)
at java.base/java.util.ArrayList.forEach(ArrayList.java:1511)
... Removed 32 stack frames]]>
    </failure>
  </testcase> <!-- SelectTC12_AllPaymentAmazon -->
  <testcase classname="project1_Amazon.TC7_Product_details_Display" name="ProductDetailsTC7_DisplayAmazon" time="23.698"/>
  <testcase classname="project1_Amazon.X_TC13_Apply_CouponCode" name="ApplyCouponCodeTC13_OrderingAmazon" time="28.502">
    <skipped/>
  </testcase> <!-- ApplyCouponCodeTC13_OrderingAmazon -->
  <testcase classname="project1_Amazon.X_TC13_Apply_CouponCode" name="ApplyCouponCodeTC13_OrderingAmazon" time="25.902">
    <failure type="java.lang.AssertionError" message="All assertion not passed
	expected [Ajit Choudhary] but found [Credit or debit card]">
      <![CDATA[java.lang.AssertionError: All assertion not passed
expected [Ajit Choudhary] but found [Credit or debit card]
at project1_Amazon_Src.Amazon_BuyCheckOutPage.ApplyCode(Amazon_BuyCheckOutPage.java:176)
at project1_Amazon.X_TC13_Apply_CouponCode.ApplyCouponCodeTC13_OrderingAmazon(X_TC13_Apply_CouponCode.java:44)
at java.base/java.util.ArrayList.forEach(ArrayList.java:1511)
... Removed 32 stack frames]]>
    </failure>
  </testcase> <!-- ApplyCouponCodeTC13_OrderingAmazon -->
  <testcase classname="project1_Amazon.U_TC10_Add_Update_RemoveCart" name="AddProductTC10_RemoveCartAmazon" time="36.541"/>
  <testcase classname="project1_Amazon.TC8_ProductSort" name="ProductTC8_SortAmazon" time="23.242"/>
  <testcase classname="project1_Amazon.Y_TC14_StarRating" name="Star5TC14_Rating_LastOrder_Amazon" time="26.033">
    <skipped/>
  </testcase> <!-- Star5TC14_Rating_LastOrder_Amazon -->
  <testcase classname="project1_Amazon.Y_TC14_StarRating" name="Star5TC14_Rating_LastOrder_Amazon" time="27.685">
    <failure type="java.lang.NullPointerException" message="Cannot invoke &amp;quot;org.openqa.selenium.WebDriver.getClass()&amp;quot; because &amp;quot;exceptionDriver&amp;quot; is null">
      <![CDATA[java.lang.NullPointerException: Cannot invoke "org.openqa.selenium.WebDriver.getClass()" because "exceptionDriver" is null
at org.openqa.selenium.support.ui.WebDriverWait.timeoutException(WebDriverWait.java:85)
at org.openqa.selenium.support.ui.FluentWait.until(FluentWait.java:228)
at project1_Amazon_Src.Amazon_RatingPage.Rating(Amazon_RatingPage.java:53)
at project1_Amazon.Y_TC14_StarRating.Star5TC14_Rating_LastOrder_Amazon(Y_TC14_StarRating.java:43)
at java.base/java.util.ArrayList.forEach(ArrayList.java:1511)
... Removed 31 stack frames]]>
    </failure>
  </testcase> <!-- Star5TC14_Rating_LastOrder_Amazon -->
</testsuite> <!-- Amazon Project TestCases Cross Browser Test Edge -->
