<?xml version="1.0" encoding="UTF-8"?>
<!-- Generated by org.testng.reporters.JUnitReportReporter -->
<testsuite hostname="Ajit_Choudhary" failures="0" tests="2" name="project2_Airline.TC6_Econmy_Buisness_FirstClses" time="407.339" errors="1" timestamp="2025-06-18T10:55:59 IST" skipped="1">
  <testcase classname="project2_Airline.TC6_Econmy_Buisness_FirstClses" name="SearchTC6_Ecnmy_Business_FirstClses" time="41.606">
    <skipped/>
  </testcase> <!-- SearchTC6_Ecnmy_Business_FirstClses -->
  <testcase classname="project2_Airline.TC6_Econmy_Buisness_FirstClses" name="SearchTC6_Ecnmy_Business_FirstClses" time="365.733">
    <error message="no such element: Unable to locate element: {&quot;method&quot;:&quot;xpath&quot;,&quot;selector&quot;:&quot;(//button/child::div)[2]&quot;}
  (Session info: MicrosoftEdge=137.0.3296.83)
For documentation on this error, please visit: https://www.selenium.dev/documentation/webdriver/troubleshooting/errors#no-such-element-exception
Build info: version: &#039;4.33.0&#039;, revision: &#039;2c6aaad03a&#039;
System info: os.name: &#039;Windows 11&#039;, os.arch: &#039;amd64&#039;, os.version: &#039;10.0&#039;, java.version: &#039;17.0.11&#039;
Driver info: org.openqa.selenium.edge.EdgeDriver
Command: [ca3fae256b5fd04c41a84e9815f1d68b, findElement {value=(//button/child::div)[2], using=xpath}]
Capabilities {acceptInsecureCerts: false, browserName: MicrosoftEdge, browserVersion: 137.0.3296.83, fedcm:accounts: true, ms:edgeOptions: {debuggerAddress: localhost:60942}, msedge: {msedgedriverVersion: 137.0.3296.83 (24e00e9cccf2..., userDataDir: C:\Users\ajitc\AppData\Loca...}, networkConnectionEnabled: false, pageLoadStrategy: normal, platformName: windows, proxy: Proxy(), se:cdp: ws://localhost:60942/devtoo..., se:cdpVersion: 137.0.3296.83, setWindowRect: true, strictFileInteractability: false, timeouts: {implicit: 0, pageLoad: 300000, script: 30000}, unhandledPromptBehavior: dismiss and notify, webauthn:extension:credBlob: true, webauthn:extension:largeBlob: true, webauthn:extension:minPinLength: true, webauthn:extension:prf: true, webauthn:virtualAuthenticators: true}
Session ID: ca3fae256b5fd04c41a84e9815f1d68b" type="org.openqa.selenium.NoSuchElementException">
      <![CDATA[org.openqa.selenium.NoSuchElementException: no such element: Unable to locate element: {"method":"xpath","selector":"(//button/child::div)[2]"}
  (Session info: MicrosoftEdge=137.0.3296.83)
For documentation on this error, please visit: https://www.selenium.dev/documentation/webdriver/troubleshooting/errors#no-such-element-exception
Build info: version: '4.33.0', revision: '2c6aaad03a'
System info: os.name: 'Windows 11', os.arch: 'amd64', os.version: '10.0', java.version: '17.0.11'
Driver info: org.openqa.selenium.edge.EdgeDriver
Command: [ca3fae256b5fd04c41a84e9815f1d68b, findElement {value=(//button/child::div)[2], using=xpath}]
Capabilities {acceptInsecureCerts: false, browserName: MicrosoftEdge, browserVersion: 137.0.3296.83, fedcm:accounts: true, ms:edgeOptions: {debuggerAddress: localhost:60942}, msedge: {msedgedriverVersion: 137.0.3296.83 (24e00e9cccf2..., userDataDir: C:\Users\ajitc\AppData\Loca...}, networkConnectionEnabled: false, pageLoadStrategy: normal, platformName: windows, proxy: Proxy(), se:cdp: ws://localhost:60942/devtoo..., se:cdpVersion: 137.0.3296.83, setWindowRect: true, strictFileInteractability: false, timeouts: {implicit: 0, pageLoad: 300000, script: 30000}, unhandledPromptBehavior: dismiss and notify, webauthn:extension:credBlob: true, webauthn:extension:largeBlob: true, webauthn:extension:minPinLength: true, webauthn:extension:prf: true, webauthn:virtualAuthenticators: true}
Session ID: ca3fae256b5fd04c41a84e9815f1d68b
at jdk.internal.reflect.GeneratedConstructorAccessor14.newInstance(Unknown Source)
at java.base/jdk.internal.reflect.DelegatingConstructorAccessorImpl.newInstance(DelegatingConstructorAccessorImpl.java:45)
at java.base/java.lang.reflect.Constructor.newInstanceWithCaller(Constructor.java:499)
at java.base/java.lang.reflect.Constructor.newInstance(Constructor.java:480)
at org.openqa.selenium.remote.ErrorCodec.decode(ErrorCodec.java:167)
at org.openqa.selenium.remote.codec.w3c.W3CHttpResponseCodec.decode(W3CHttpResponseCodec.java:138)
at org.openqa.selenium.remote.codec.w3c.W3CHttpResponseCodec.decode(W3CHttpResponseCodec.java:50)
at org.openqa.selenium.remote.HttpCommandExecutor.execute(HttpCommandExecutor.java:215)
at org.openqa.selenium.remote.service.DriverCommandExecutor.invokeExecute(DriverCommandExecutor.java:216)
at org.openqa.selenium.remote.service.DriverCommandExecutor.execute(DriverCommandExecutor.java:174)
at org.openqa.selenium.remote.RemoteWebDriver.execute(RemoteWebDriver.java:544)
at org.openqa.selenium.remote.ElementLocation$ElementFinder$2.findElement(ElementLocation.java:165)
at org.openqa.selenium.remote.ElementLocation.findElement(ElementLocation.java:59)
at org.openqa.selenium.remote.RemoteWebDriver.findElement(RemoteWebDriver.java:367)
at org.openqa.selenium.remote.RemoteWebDriver.findElement(RemoteWebDriver.java:361)
at org.openqa.selenium.support.pagefactory.DefaultElementLocator.findElement(DefaultElementLocator.java:68)
at org.openqa.selenium.support.pagefactory.internal.LocatingElementHandler.invoke(LocatingElementHandler.java:38)
at jdk.proxy2/jdk.proxy2.$Proxy18.isDisplayed(Unknown Source)
at project2_Airline_Src.Airline_EconomyCls_Page.EconomyCls_FLight(Airline_EconomyCls_Page.java:103)
at project2_Airline.TC6_Econmy_Buisness_FirstClses.SearchTC6_Ecnmy_Business_FirstClses(TC6_Econmy_Buisness_FirstClses.java:40)
at java.base/jdk.internal.reflect.NativeMethodAccessorImpl.invoke0(Native Method)
at java.base/jdk.internal.reflect.NativeMethodAccessorImpl.invoke(NativeMethodAccessorImpl.java:77)
at java.base/jdk.internal.reflect.DelegatingMethodAccessorImpl.invoke(DelegatingMethodAccessorImpl.java:43)
at java.base/java.lang.reflect.Method.invoke(Method.java:568)
at org.testng.internal.invokers.MethodInvocationHelper.invokeMethod(MethodInvocationHelper.java:141)
at org.testng.internal.invokers.TestInvoker.invokeMethod(TestInvoker.java:687)
at org.testng.internal.invokers.TestInvoker.retryFailed(TestInvoker.java:269)
at org.testng.internal.invokers.MethodRunner.runInSequence(MethodRunner.java:76)
at org.testng.internal.invokers.TestInvoker$MethodInvocationAgent.invoke(TestInvoker.java:995)
at org.testng.internal.invokers.TestInvoker.invokeTestMethods(TestInvoker.java:203)
at org.testng.internal.invokers.TestMethodWorker.invokeTestMethods(TestMethodWorker.java:154)
at org.testng.internal.invokers.TestMethodWorker.run(TestMethodWorker.java:134)
at java.base/java.util.ArrayList.forEach(ArrayList.java:1511)
at org.testng.TestRunner.privateRun(TestRunner.java:741)
at org.testng.TestRunner.run(TestRunner.java:616)
at org.testng.SuiteRunner.runTest(SuiteRunner.java:421)
at org.testng.SuiteRunner$SuiteWorker.run(SuiteRunner.java:463)
at org.testng.internal.thread.ThreadUtil.lambda$execute$0(ThreadUtil.java:64)
at java.base/java.util.concurrent.FutureTask.run(FutureTask.java:264)
at java.base/java.util.concurrent.ThreadPoolExecutor.runWorker(ThreadPoolExecutor.java:1136)
at java.base/java.util.concurrent.ThreadPoolExecutor$Worker.run(ThreadPoolExecutor.java:635)
at java.base/java.lang.Thread.run(Thread.java:840)
]]>
    </error>
    <system-out>
      <![CDATA[Test Case Is Fail]]>
    </system-out>
  </testcase> <!-- SearchTC6_Ecnmy_Business_FirstClses -->
  <system-out>
    <![CDATA[Browser Is Launched Sucessfully
Browser Is Launched Sucessfully
Browser Is Closed Sucessfully
Browser Is Launched Sucessfully
Browser Is Closed Sucessfully
Browser Is Launched Sucessfully
Test Case Is Fail
Browser Is Closed Sucessfully
Browser Is Launched Sucessfully
Browser Is Closed Sucessfully
Test Case Is Fail
Browser Is Closed Sucessfully
Browser Is Launched Sucessfully
Browser Is Launched Sucessfully
Test Case Is Fail
Browser Is Closed Sucessfully
Browser Is Closed Sucessfully
Browser Is Launched Sucessfully
Browser Is Launched Sucessfully
Test Case Is Fail
Browser Is Closed Sucessfully
Browser Is Closed Sucessfully
Browser Is Launched Sucessfully
Browser Is Launched Sucessfully
Browser Is Closed Sucessfully
Browser Is Launched Sucessfully
Test Case Is Fail
Browser Is Closed Sucessfully
Test Case Is Fail
Browser Is Closed Sucessfully
Browser Is Launched Sucessfully
Browser Is Closed Sucessfully
Browser Is Launched Sucessfully
Browser Is Launched Sucessfully
Browser Is Closed Sucessfully
Browser Is Launched Sucessfully
Test Case Is Fail
Browser Is Closed Sucessfully
Browser Is Launched Sucessfully
Browser Is Closed Sucessfully
Browser Is Launched Sucessfully
Test Case Is Fail
Browser Is Closed Sucessfully
Browser Is Launched Sucessfully
Browser Is Closed Sucessfully
Browser Is Launched Sucessfully
Test Case Is Fail
Browser Is Closed Sucessfully
Browser Is Launched Sucessfully
Browser Is Closed Sucessfully
Browser Is Launched Sucessfully
Test Case Is Fail
Browser Is Closed Sucessfully
Browser Is Launched Sucessfully
Test Case Is Fail
Browser Is Closed Sucessfully
Browser Is Closed Sucessfully
Browser Is Launched Sucessfully
Browser Is Launched Sucessfully
Browser Is Closed Sucessfully
Test Case Is Fail
Browser Is Closed Sucessfully]]>
  </system-out>
</testsuite> <!-- project2_Airline.TC6_Econmy_Buisness_FirstClses -->
