<?xml version="1.0" encoding="UTF-8"?>
<!-- Generated by org.testng.reporters.JUnitReportReporter -->
<testsuite hostname="Ajit_Choudhary" failures="0" tests="2" name="project2_Airline.V_TC11_EnterEvery_Fields" time="278.842" errors="1" timestamp="2025-06-18T10:55:59 IST" skipped="1">
  <testcase classname="project2_Airline.V_TC11_EnterEvery_Fields" name="EnterEveryFieldsTC11_inSearchPage" time="0.008">
    <skipped/>
  </testcase> <!-- EnterEveryFieldsTC11_inSearchPage -->
  <testcase classname="project2_Airline.V_TC11_EnterEvery_Fields" name="Launching" time="278.834">
    <error message="Could not start a new session. Response code 500. Message: session not created: DevToolsActivePort file doesn&#039;t exist 
Host info: host: &#039;AJIT_CHOUDHARY&#039;, ip: &#039;192.168.31.33&#039;
Build info: version: &#039;4.33.0&#039;, revision: &#039;2c6aaad03a&#039;
System info: os.name: &#039;Windows 11&#039;, os.arch: &#039;amd64&#039;, os.version: &#039;10.0&#039;, java.version: &#039;17.0.11&#039;
Driver info: org.openqa.selenium.edge.EdgeDriver
Command: [null, newSession {capabilities=[Capabilities {browserName: MicrosoftEdge, ms:edgeOptions: {args: [start-maximized], binary: C:\Program Files (x86)\Micr..., extensions: []}}]}]" type="org.openqa.selenium.SessionNotCreatedException">
      <![CDATA[org.openqa.selenium.SessionNotCreatedException: Could not start a new session. Response code 500. Message: session not created: DevToolsActivePort file doesn't exist 
Host info: host: 'AJIT_CHOUDHARY', ip: '192.168.31.33'
Build info: version: '4.33.0', revision: '2c6aaad03a'
System info: os.name: 'Windows 11', os.arch: 'amd64', os.version: '10.0', java.version: '17.0.11'
Driver info: org.openqa.selenium.edge.EdgeDriver
Command: [null, newSession {capabilities=[Capabilities {browserName: MicrosoftEdge, ms:edgeOptions: {args: [start-maximized], binary: C:\Program Files (x86)\Micr..., extensions: []}}]}]
at org.openqa.selenium.remote.ProtocolHandshake.createSession(ProtocolHandshake.java:114)
at org.openqa.selenium.remote.ProtocolHandshake.createSession(ProtocolHandshake.java:75)
at org.openqa.selenium.remote.ProtocolHandshake.createSession(ProtocolHandshake.java:61)
at org.openqa.selenium.remote.HttpCommandExecutor.execute(HttpCommandExecutor.java:187)
at org.openqa.selenium.remote.service.DriverCommandExecutor.invokeExecute(DriverCommandExecutor.java:216)
at org.openqa.selenium.remote.service.DriverCommandExecutor.execute(DriverCommandExecutor.java:174)
at org.openqa.selenium.remote.RemoteWebDriver.execute(RemoteWebDriver.java:544)
at org.openqa.selenium.remote.RemoteWebDriver.startSession(RemoteWebDriver.java:244)
at org.openqa.selenium.remote.RemoteWebDriver.<init>(RemoteWebDriver.java:173)
at org.openqa.selenium.chromium.ChromiumDriver.<init>(ChromiumDriver.java:110)
at org.openqa.selenium.edge.EdgeDriver.<init>(EdgeDriver.java:60)
at org.openqa.selenium.edge.EdgeDriver.<init>(EdgeDriver.java:56)
at org.openqa.selenium.edge.EdgeDriver.<init>(EdgeDriver.java:48)
at project2_Airline.Airline_BaseClass.Launching(Airline_BaseClass.java:45)
at jdk.internal.reflect.GeneratedMethodAccessor10.invoke(Unknown Source)
at java.base/jdk.internal.reflect.DelegatingMethodAccessorImpl.invoke(DelegatingMethodAccessorImpl.java:43)
at java.base/java.lang.reflect.Method.invoke(Method.java:568)
at org.testng.internal.invokers.MethodInvocationHelper.invokeMethod(MethodInvocationHelper.java:141)
at org.testng.internal.invokers.MethodInvocationHelper.invokeMethodConsideringTimeout(MethodInvocationHelper.java:71)
at org.testng.internal.invokers.ConfigInvoker.invokeConfigurationMethod(ConfigInvoker.java:400)
at org.testng.internal.invokers.ConfigInvoker.invokeConfigurations(ConfigInvoker.java:333)
at org.testng.internal.invokers.TestInvoker.runConfigMethods(TestInvoker.java:836)
at org.testng.internal.invokers.TestInvoker.invokeMethod(TestInvoker.java:601)
at org.testng.internal.invokers.TestInvoker.invokeTestMethod(TestInvoker.java:230)
at org.testng.internal.invokers.MethodRunner.runInSequence(MethodRunner.java:63)
at org.testng.internal.invokers.TestInvoker$MethodInvocationAgent.invoke(TestInvoker.java:995)
at org.testng.internal.invokers.TestInvoker.invokeTestMethods(TestInvoker.java:203)
at org.testng.internal.invokers.TestMethodWorker.invokeTestMethods(TestMethodWorker.java:154)
at org.testng.internal.invokers.TestMethodWorker.run(TestMethodWorker.java:134)
at java.base/java.util.ArrayList.forEach(ArrayList.java:1511)
at org.testng.TestRunner.privateRun(TestRunner.java:741)
at org.testng.TestRunner.run(TestRunner.java:616)
at org.testng.SuiteRunner.runTest(SuiteRunner.java:421)
at org.testng.SuiteRunner$SuiteWorker.run(SuiteRunner.java:463)
at org.testng.internal.thread.ThreadUtil.lambda$execute$0(ThreadUtil.java:64)
at java.base/java.util.concurrent.FutureTask.run(FutureTask.java:264)
at java.base/java.util.concurrent.ThreadPoolExecutor.runWorker(ThreadPoolExecutor.java:1136)
at java.base/java.util.concurrent.ThreadPoolExecutor$Worker.run(ThreadPoolExecutor.java:635)
at java.base/java.lang.Thread.run(Thread.java:840)
]]>
    </error>
  </testcase> <!-- Launching -->
  <system-out>
    <![CDATA[Browser Is Launched Sucessfully
Browser Is Launched Sucessfully
Browser Is Closed Sucessfully
Browser Is Launched Sucessfully
Browser Is Closed Sucessfully
Browser Is Launched Sucessfully
Test Case Is Fail
Browser Is Closed Sucessfully
Browser Is Launched Sucessfully
Browser Is Closed Sucessfully
Test Case Is Fail
Browser Is Closed Sucessfully
Browser Is Launched Sucessfully
Browser Is Launched Sucessfully
Test Case Is Fail
Browser Is Closed Sucessfully
Browser Is Closed Sucessfully
Browser Is Launched Sucessfully
Browser Is Launched Sucessfully
Test Case Is Fail
Browser Is Closed Sucessfully
Browser Is Closed Sucessfully
Browser Is Launched Sucessfully
Browser Is Launched Sucessfully
Browser Is Closed Sucessfully
Browser Is Launched Sucessfully
Test Case Is Fail
Browser Is Closed Sucessfully
Test Case Is Fail
Browser Is Closed Sucessfully
Browser Is Launched Sucessfully
Browser Is Closed Sucessfully
Browser Is Launched Sucessfully
Browser Is Launched Sucessfully
Browser Is Closed Sucessfully
Browser Is Launched Sucessfully
Test Case Is Fail
Browser Is Closed Sucessfully
Browser Is Launched Sucessfully
Browser Is Closed Sucessfully
Browser Is Launched Sucessfully
Test Case Is Fail
Browser Is Closed Sucessfully
Browser Is Launched Sucessfully
Browser Is Closed Sucessfully
Browser Is Launched Sucessfully
Test Case Is Fail
Browser Is Closed Sucessfully
Browser Is Launched Sucessfully
Browser Is Closed Sucessfully
Browser Is Launched Sucessfully
Test Case Is Fail
Browser Is Closed Sucessfully
Browser Is Launched Sucessfully
Test Case Is Fail
Browser Is Closed Sucessfully
Browser Is Closed Sucessfully
Browser Is Launched Sucessfully
Browser Is Launched Sucessfully
Browser Is Closed Sucessfully
Test Case Is Fail
Browser Is Closed Sucessfully]]>
  </system-out>
</testsuite> <!-- project2_Airline.V_TC11_EnterEvery_Fields -->
