<html>
<head>
<title>TestNG:  Amazon Project TestCases Test</title>
<link href="../testng.css" rel="stylesheet" type="text/css" />
<link href="../my-testng.css" rel="stylesheet" type="text/css" />

<style type="text/css">
.log { display: none;} 
.stack-trace { display: none;} 
</style>
<script type="text/javascript">
<!--
function flip(e) {
  current = e.style.display;
  if (current == 'block') {
    e.style.display = 'none';
    return 0;
  }
  else {
    e.style.display = 'block';
    return 1;
  }
}

function toggleBox(szDivId, elem, msg1, msg2)
{
  var res = -1;  if (document.getElementById) {
    res = flip(document.getElementById(szDivId));
  }
  else if (document.all) {
    // this is the way old msie versions work
    res = flip(document.all[szDivId]);
  }
  if(elem) {
    if(res == 0) elem.innerHTML = msg1; else elem.innerHTML = msg2;
  }

}

function toggleAllBoxes() {
  if (document.getElementsByTagName) {
    d = document.getElementsByTagName('div');
    for (i = 0; i < d.length; i++) {
      if (d[i].className == 'log') {
        flip(d[i]);
      }
    }
  }
}

// -->
</script>

</head>
<body>
<h2 align='center'>Amazon Project TestCases Test</h2><table border='1' align="center">
<tr>
<td>Tests passed/Failed/Skipped:</td><td>12/3/4</td>
</tr><tr>
<td>Started on:</td><td>Fri Jun 13 22:59:45 IST 2025</td>
</tr>
<tr><td>Total time:</td><td>632 seconds (632619 ms)</td>
</tr><tr>
<td>Included groups:</td><td></td>
</tr><tr>
<td>Excluded groups:</td><td></td>
</tr>
</table><p/>
<small><i>(Hover the method name to see the test class name)</i></small><p/>
<table width='100%' border='1' class='invocation-failed'>
<tr><td colspan='4' align='center'><b>FAILED TESTS</b></td></tr>
<tr><td><b>Test method</b></td>
<td><b>Attribute(s)</b></td>
<td width="30%"><b>Exception</b></td>
<td width="10%"><b>Time (seconds)</b></td>
<td><b>Instance</b></td>
</tr>
<tr>
<td title='project1_Amazon.Y_TC14_StarRating.Star5TC14_Rating_LastOrder_Amazon()'><b>Star5TC14_Rating_LastOrder_Amazon</b><br>Test class: project1_Amazon.Y_TC14_StarRating<br/>
<a href="#Output-2081868837" onClick='toggleBox("Output-2081868837", this, "Show output", "Hide output");'>Show output</a>

<a href="#Output-2081868837" onClick="toggleAllBoxes();">Show all outputs</a>
<div class='log' id="Output-2081868837">
Test Case Is Fail<br/>
</div>
</td>
<td><div><pre>java.lang.NullPointerException: Cannot invoke &quot;org.openqa.selenium.WebDriver.getClass()&quot; because &quot;exceptionDriver&quot; is null
	at org.openqa.selenium.support.ui.WebDriverWait.timeoutException(WebDriverWait.java:85)
	at org.openqa.selenium.support.ui.FluentWait.until(FluentWait.java:228)
	at project1_Amazon_Src.Amazon_RatingPage.Rating(Amazon_RatingPage.java:53)
	at project1_Amazon.Y_TC14_StarRating.Star5TC14_Rating_LastOrder_Amazon(Y_TC14_StarRating.java:50)
	at java.base/java.util.ArrayList.forEach(ArrayList.java:1511)
... Removed 31 stack frames</pre></div><a href='#' onClick='toggleBox("stack-trace2081868837", this, "Click to show all stack frames", "Click to hide stack frames")'>Click to show all stack frames</a>
<div class='stack-trace' id='stack-trace2081868837'><pre>java.lang.NullPointerException: Cannot invoke &quot;org.openqa.selenium.WebDriver.getClass()&quot; because &quot;exceptionDriver&quot; is null
	at org.openqa.selenium.support.ui.WebDriverWait.timeoutException(WebDriverWait.java:85)
	at org.openqa.selenium.support.ui.FluentWait.until(FluentWait.java:228)
	at project1_Amazon_Src.Amazon_RatingPage.Rating(Amazon_RatingPage.java:53)
	at project1_Amazon.Y_TC14_StarRating.Star5TC14_Rating_LastOrder_Amazon(Y_TC14_StarRating.java:50)
	at java.base/jdk.internal.reflect.NativeMethodAccessorImpl.invoke0(Native Method)
	at java.base/jdk.internal.reflect.NativeMethodAccessorImpl.invoke(NativeMethodAccessorImpl.java:77)
	at java.base/jdk.internal.reflect.DelegatingMethodAccessorImpl.invoke(DelegatingMethodAccessorImpl.java:43)
	at java.base/java.lang.reflect.Method.invoke(Method.java:568)
	at org.testng.internal.invokers.MethodInvocationHelper.invokeMethod(MethodInvocationHelper.java:141)
	at org.testng.internal.invokers.TestInvoker.invokeMethod(TestInvoker.java:687)
	at org.testng.internal.invokers.TestInvoker.retryFailed(TestInvoker.java:269)
	at org.testng.internal.invokers.MethodRunner.runInSequence(MethodRunner.java:76)
	at org.testng.internal.invokers.TestInvoker$MethodInvocationAgent.invoke(TestInvoker.java:995)
	at org.testng.internal.invokers.TestInvoker.invokeTestMethods(TestInvoker.java:203)
	at org.testng.internal.invokers.TestMethodWorker.invokeTestMethods(TestMethodWorker.java:154)
	at org.testng.internal.invokers.TestMethodWorker.run(TestMethodWorker.java:134)
	at java.base/java.util.ArrayList.forEach(ArrayList.java:1511)
	at org.testng.TestRunner.privateRun(TestRunner.java:741)
	at org.testng.TestRunner.run(TestRunner.java:616)
	at org.testng.SuiteRunner.runTest(SuiteRunner.java:421)
	at org.testng.SuiteRunner.runSequentially(SuiteRunner.java:413)
	at org.testng.SuiteRunner.privateRun(SuiteRunner.java:373)
	at org.testng.SuiteRunner.run(SuiteRunner.java:312)
	at org.testng.SuiteRunnerWorker.runSuite(SuiteRunnerWorker.java:52)
	at org.testng.SuiteRunnerWorker.run(SuiteRunnerWorker.java:95)
	at org.testng.TestNG.runSuitesSequentially(TestNG.java:1274)
	at org.testng.TestNG.runSuitesLocally(TestNG.java:1208)
	at org.testng.TestNG.runSuites(TestNG.java:1112)
	at org.testng.TestNG.run(TestNG.java:1079)
	at org.apache.maven.surefire.testng.TestNGExecutor.run(TestNGExecutor.java:308)
	at org.apache.maven.surefire.testng.TestNGXmlTestSuite.execute(TestNGXmlTestSuite.java:71)
	at org.apache.maven.surefire.testng.TestNGProvider.invoke(TestNGProvider.java:113)
	at org.apache.maven.surefire.booter.ForkedBooter.runSuitesInProcess(ForkedBooter.java:385)
	at org.apache.maven.surefire.booter.ForkedBooter.execute(ForkedBooter.java:162)
	at org.apache.maven.surefire.booter.ForkedBooter.run(ForkedBooter.java:507)
	at org.apache.maven.surefire.booter.ForkedBooter.main(ForkedBooter.java:495)
</pre></div></td>
<td>35</td>
<td>project1_Amazon.Y_TC14_StarRating@7ce69770</td></tr>
<tr>
<td title='project1_Amazon.X_TC13_Apply_CouponCode.ApplyCouponCodeTC13_OrderingAmazon()'><b>ApplyCouponCodeTC13_OrderingAmazon</b><br>Test class: project1_Amazon.X_TC13_Apply_CouponCode<br/>
<a href="#Output-13059135" onClick='toggleBox("Output-13059135", this, "Show output", "Hide output");'>Show output</a>

<a href="#Output-13059135" onClick="toggleAllBoxes();">Show all outputs</a>
<div class='log' id="Output-13059135">
Test Case Is Fail<br/>
</div>
</td>
<td><div><pre>java.lang.AssertionError: All assertion not passed
	expected [Ajit Choudhary] but found [Credit or debit card]
	at project1_Amazon_Src.Amazon_BuyCheckOutPage.ApplyCode(Amazon_BuyCheckOutPage.java:176)
	at project1_Amazon.X_TC13_Apply_CouponCode.ApplyCouponCodeTC13_OrderingAmazon(X_TC13_Apply_CouponCode.java:55)
	at java.base/java.util.ArrayList.forEach(ArrayList.java:1511)
... Removed 32 stack frames</pre></div><a href='#' onClick='toggleBox("stack-trace13059135", this, "Click to show all stack frames", "Click to hide stack frames")'>Click to show all stack frames</a>
<div class='stack-trace' id='stack-trace13059135'><pre>java.lang.AssertionError: All assertion not passed
	expected [Ajit Choudhary] but found [Credit or debit card]
	at org.testng.asserts.SoftAssert.assertAll(SoftAssert.java:46)
	at project1_Amazon_Src.Amazon_BuyCheckOutPage.ApplyCode(Amazon_BuyCheckOutPage.java:176)
	at project1_Amazon.X_TC13_Apply_CouponCode.ApplyCouponCodeTC13_OrderingAmazon(X_TC13_Apply_CouponCode.java:55)
	at java.base/jdk.internal.reflect.NativeMethodAccessorImpl.invoke0(Native Method)
	at java.base/jdk.internal.reflect.NativeMethodAccessorImpl.invoke(NativeMethodAccessorImpl.java:77)
	at java.base/jdk.internal.reflect.DelegatingMethodAccessorImpl.invoke(DelegatingMethodAccessorImpl.java:43)
	at java.base/java.lang.reflect.Method.invoke(Method.java:568)
	at org.testng.internal.invokers.MethodInvocationHelper.invokeMethod(MethodInvocationHelper.java:141)
	at org.testng.internal.invokers.TestInvoker.invokeMethod(TestInvoker.java:687)
	at org.testng.internal.invokers.TestInvoker.retryFailed(TestInvoker.java:269)
	at org.testng.internal.invokers.MethodRunner.runInSequence(MethodRunner.java:76)
	at org.testng.internal.invokers.TestInvoker$MethodInvocationAgent.invoke(TestInvoker.java:995)
	at org.testng.internal.invokers.TestInvoker.invokeTestMethods(TestInvoker.java:203)
	at org.testng.internal.invokers.TestMethodWorker.invokeTestMethods(TestMethodWorker.java:154)
	at org.testng.internal.invokers.TestMethodWorker.run(TestMethodWorker.java:134)
	at java.base/java.util.ArrayList.forEach(ArrayList.java:1511)
	at org.testng.TestRunner.privateRun(TestRunner.java:741)
	at org.testng.TestRunner.run(TestRunner.java:616)
	at org.testng.SuiteRunner.runTest(SuiteRunner.java:421)
	at org.testng.SuiteRunner.runSequentially(SuiteRunner.java:413)
	at org.testng.SuiteRunner.privateRun(SuiteRunner.java:373)
	at org.testng.SuiteRunner.run(SuiteRunner.java:312)
	at org.testng.SuiteRunnerWorker.runSuite(SuiteRunnerWorker.java:52)
	at org.testng.SuiteRunnerWorker.run(SuiteRunnerWorker.java:95)
	at org.testng.TestNG.runSuitesSequentially(TestNG.java:1274)
	at org.testng.TestNG.runSuitesLocally(TestNG.java:1208)
	at org.testng.TestNG.runSuites(TestNG.java:1112)
	at org.testng.TestNG.run(TestNG.java:1079)
	at org.apache.maven.surefire.testng.TestNGExecutor.run(TestNGExecutor.java:308)
	at org.apache.maven.surefire.testng.TestNGXmlTestSuite.execute(TestNGXmlTestSuite.java:71)
	at org.apache.maven.surefire.testng.TestNGProvider.invoke(TestNGProvider.java:113)
	at org.apache.maven.surefire.booter.ForkedBooter.runSuitesInProcess(ForkedBooter.java:385)
	at org.apache.maven.surefire.booter.ForkedBooter.execute(ForkedBooter.java:162)
	at org.apache.maven.surefire.booter.ForkedBooter.run(ForkedBooter.java:507)
	at org.apache.maven.surefire.booter.ForkedBooter.main(ForkedBooter.java:495)
</pre></div></td>
<td>33</td>
<td>project1_Amazon.X_TC13_Apply_CouponCode@cecf639</td></tr>
<tr>
<td title='project1_Amazon.W_TC12_SelectEach_PaymentMthd.SelectTC12_AllPaymentAmazon()'><b>SelectTC12_AllPaymentAmazon</b><br>Test class: project1_Amazon.W_TC12_SelectEach_PaymentMthd<br/>
<a href="#Output-1300570879" onClick='toggleBox("Output-1300570879", this, "Show output", "Hide output");'>Show output</a>

<a href="#Output-1300570879" onClick="toggleAllBoxes();">Show all outputs</a>
<div class='log' id="Output-1300570879">
Test Case Is Fail<br/>
</div>
</td>
<td><div><pre>java.lang.AssertionError: All assertion not passed
	expected [Ajit Choudhary] but found [Credit or debit card]
	at project1_Amazon_Src.Amazon_PaymentMethodPage.AllPaymentMethods(Amazon_PaymentMethodPage.java:143)
	at project1_Amazon.W_TC12_SelectEach_PaymentMthd.SelectTC12_AllPaymentAmazon(W_TC12_SelectEach_PaymentMthd.java:55)
	at java.base/java.util.ArrayList.forEach(ArrayList.java:1511)
... Removed 32 stack frames</pre></div><a href='#' onClick='toggleBox("stack-trace1300570879", this, "Click to show all stack frames", "Click to hide stack frames")'>Click to show all stack frames</a>
<div class='stack-trace' id='stack-trace1300570879'><pre>java.lang.AssertionError: All assertion not passed
	expected [Ajit Choudhary] but found [Credit or debit card]
	at org.testng.asserts.SoftAssert.assertAll(SoftAssert.java:46)
	at project1_Amazon_Src.Amazon_PaymentMethodPage.AllPaymentMethods(Amazon_PaymentMethodPage.java:143)
	at project1_Amazon.W_TC12_SelectEach_PaymentMthd.SelectTC12_AllPaymentAmazon(W_TC12_SelectEach_PaymentMthd.java:55)
	at java.base/jdk.internal.reflect.NativeMethodAccessorImpl.invoke0(Native Method)
	at java.base/jdk.internal.reflect.NativeMethodAccessorImpl.invoke(NativeMethodAccessorImpl.java:77)
	at java.base/jdk.internal.reflect.DelegatingMethodAccessorImpl.invoke(DelegatingMethodAccessorImpl.java:43)
	at java.base/java.lang.reflect.Method.invoke(Method.java:568)
	at org.testng.internal.invokers.MethodInvocationHelper.invokeMethod(MethodInvocationHelper.java:141)
	at org.testng.internal.invokers.TestInvoker.invokeMethod(TestInvoker.java:687)
	at org.testng.internal.invokers.TestInvoker.retryFailed(TestInvoker.java:269)
	at org.testng.internal.invokers.MethodRunner.runInSequence(MethodRunner.java:76)
	at org.testng.internal.invokers.TestInvoker$MethodInvocationAgent.invoke(TestInvoker.java:995)
	at org.testng.internal.invokers.TestInvoker.invokeTestMethods(TestInvoker.java:203)
	at org.testng.internal.invokers.TestMethodWorker.invokeTestMethods(TestMethodWorker.java:154)
	at org.testng.internal.invokers.TestMethodWorker.run(TestMethodWorker.java:134)
	at java.base/java.util.ArrayList.forEach(ArrayList.java:1511)
	at org.testng.TestRunner.privateRun(TestRunner.java:741)
	at org.testng.TestRunner.run(TestRunner.java:616)
	at org.testng.SuiteRunner.runTest(SuiteRunner.java:421)
	at org.testng.SuiteRunner.runSequentially(SuiteRunner.java:413)
	at org.testng.SuiteRunner.privateRun(SuiteRunner.java:373)
	at org.testng.SuiteRunner.run(SuiteRunner.java:312)
	at org.testng.SuiteRunnerWorker.runSuite(SuiteRunnerWorker.java:52)
	at org.testng.SuiteRunnerWorker.run(SuiteRunnerWorker.java:95)
	at org.testng.TestNG.runSuitesSequentially(TestNG.java:1274)
	at org.testng.TestNG.runSuitesLocally(TestNG.java:1208)
	at org.testng.TestNG.runSuites(TestNG.java:1112)
	at org.testng.TestNG.run(TestNG.java:1079)
	at org.apache.maven.surefire.testng.TestNGExecutor.run(TestNGExecutor.java:308)
	at org.apache.maven.surefire.testng.TestNGXmlTestSuite.execute(TestNGXmlTestSuite.java:71)
	at org.apache.maven.surefire.testng.TestNGProvider.invoke(TestNGProvider.java:113)
	at org.apache.maven.surefire.booter.ForkedBooter.runSuitesInProcess(ForkedBooter.java:385)
	at org.apache.maven.surefire.booter.ForkedBooter.execute(ForkedBooter.java:162)
	at org.apache.maven.surefire.booter.ForkedBooter.run(ForkedBooter.java:507)
	at org.apache.maven.surefire.booter.ForkedBooter.main(ForkedBooter.java:495)
</pre></div></td>
<td>34</td>
<td>project1_Amazon.W_TC12_SelectEach_PaymentMthd@5386659f</td></tr>
</table><p>
<table width='100%' border='1' class='invocation-passed'>
<tr><td colspan='4' align='center'><b>PASSED TESTS</b></td></tr>
<tr><td><b>Test method</b></td>
<td><b>Attribute(s)</b></td>
<td width="30%"><b>Exception</b></td>
<td width="10%"><b>Time (seconds)</b></td>
<td><b>Instance</b></td>
</tr>
<tr>
<td title='project1_Amazon.TC7_Product_details_Display.ProductDetailsTC7_DisplayAmazon()'><b>ProductDetailsTC7_DisplayAmazon</b><br>Test class: project1_Amazon.TC7_Product_details_Display<br/>
<a href="#Output-1449065853" onClick='toggleBox("Output-1449065853", this, "Show output", "Hide output");'>Show output</a>

<a href="#Output-1449065853" onClick="toggleAllBoxes();">Show all outputs</a>
<div class='log' id="Output-1449065853">
Test Case Is Pass<br/>
</div>
</td>
<td></td>
<td>25</td>
<td>project1_Amazon.TC7_Product_details_Display@14028087</td></tr>
<tr>
<td title='project1_Amazon.V_TC11_BuyCheckout_PaymentReview.BuyProductTC11_Checkout_PaymentAmazon()'><b>BuyProductTC11_Checkout_PaymentAmazon</b><br>Test class: project1_Amazon.V_TC11_BuyCheckout_PaymentReview<br/>
<a href="#Output-1567310543" onClick='toggleBox("Output-1567310543", this, "Show output", "Hide output");'>Show output</a>

<a href="#Output-1567310543" onClick="toggleAllBoxes();">Show all outputs</a>
<div class='log' id="Output-1567310543">
Test Case Is Pass<br/>
</div>
</td>
<td></td>
<td>27</td>
<td>project1_Amazon.V_TC11_BuyCheckout_PaymentReview@2767e23c</td></tr>
<tr>
<td title='project1_Amazon.TC5_SearchProduct.SearchProductTC5_Amazon()'><b>SearchProductTC5_Amazon</b><br>Test class: project1_Amazon.TC5_SearchProduct<br/>
<a href="#Output-768669591" onClick='toggleBox("Output-768669591", this, "Show output", "Hide output");'>Show output</a>

<a href="#Output-768669591" onClick="toggleAllBoxes();">Show all outputs</a>
<div class='log' id="Output-768669591">
Test Case Is Pass<br/>
</div>
</td>
<td></td>
<td>12</td>
<td>project1_Amazon.TC5_SearchProduct@16eb3ea3</td></tr>
<tr>
<td title='project1_Amazon.Z_TC16_SelectCard_PaymentMthd.SelectTC16_CardPaymentAmazon()'><b>SelectTC16_CardPaymentAmazon</b><br>Test class: project1_Amazon.Z_TC16_SelectCard_PaymentMthd<br/>
<a href="#Output-432112141" onClick='toggleBox("Output-432112141", this, "Show output", "Hide output");'>Show output</a>

<a href="#Output-432112141" onClick="toggleAllBoxes();">Show all outputs</a>
<div class='log' id="Output-432112141">
Test Case Is Pass<br/>
</div>
</td>
<td></td>
<td>25</td>
<td>project1_Amazon.Z_TC16_SelectCard_PaymentMthd@353352b6</td></tr>
<tr>
<td title='project1_Amazon.TC4_EditProfile.EditProfileTC4_Amazon()'><b>EditProfileTC4_Amazon</b><br>Test class: project1_Amazon.TC4_EditProfile<br/>
<a href="#Output-560146610" onClick='toggleBox("Output-560146610", this, "Show output", "Hide output");'>Show output</a>

<a href="#Output-560146610" onClick="toggleAllBoxes();">Show all outputs</a>
<div class='log' id="Output-560146610">
Test Case Is Pass<br/>
</div>
</td>
<td></td>
<td>18</td>
<td>project1_Amazon.TC4_EditProfile@710c2b53</td></tr>
<tr>
<td title='project1_Amazon.TC3_Fail_Login.LoginFailTC3_ToAmazon()'><b>LoginFailTC3_ToAmazon</b><br>Test class: project1_Amazon.TC3_Fail_Login<br/>
<a href="#Output-1341975886" onClick='toggleBox("Output-1341975886", this, "Show output", "Hide output");'>Show output</a>

<a href="#Output-1341975886" onClick="toggleAllBoxes();">Show all outputs</a>
<div class='log' id="Output-1341975886">
Test Case Is Pass<br/>
</div>
</td>
<td></td>
<td>7</td>
<td>project1_Amazon.TC3_Fail_Login@57a78e3</td></tr>
<tr>
<td title='project1_Amazon.TC2_Login.LoginTC2_ToAmazon()'><b>LoginTC2_ToAmazon</b><br>Test class: project1_Amazon.TC2_Login<br/>
<a href="#Output-150135782" onClick='toggleBox("Output-150135782", this, "Show output", "Hide output");'>Show output</a>

<a href="#Output-150135782" onClick="toggleAllBoxes();">Show all outputs</a>
<div class='log' id="Output-150135782">
Test Case Is Pass<br/>
</div>
</td>
<td></td>
<td>11</td>
<td>project1_Amazon.TC2_Login@402c4085</td></tr>
<tr>
<td title='project1_Amazon.Z_TC15_WithOut_Login_Cart.ReachTillTC15_Cart_WithoutLoginAmazon()'><b>ReachTillTC15_Cart_WithoutLoginAmazon</b><br>Test class: project1_Amazon.Z_TC15_WithOut_Login_Cart<br/>
<a href="#Output-324701295" onClick='toggleBox("Output-324701295", this, "Show output", "Hide output");'>Show output</a>

<a href="#Output-324701295" onClick="toggleAllBoxes();">Show all outputs</a>
<div class='log' id="Output-324701295">
Test Case Is Pass<br/>
</div>
</td>
<td></td>
<td>13</td>
<td>project1_Amazon.Z_TC15_WithOut_Login_Cart@48bb62</td></tr>
<tr>
<td title='project1_Amazon.TC6_SearchingByFilters.SearchProductTC6_FilterAmazon()'><b>SearchProductTC6_FilterAmazon</b><br>Test class: project1_Amazon.TC6_SearchingByFilters<br/>
<a href="#Output-289592183" onClick='toggleBox("Output-289592183", this, "Show output", "Hide output");'>Show output</a>

<a href="#Output-289592183" onClick="toggleAllBoxes();">Show all outputs</a>
<div class='log' id="Output-289592183">
Test Case Is Pass<br/>
</div>
</td>
<td></td>
<td>22</td>
<td>project1_Amazon.TC6_SearchingByFilters@4681c175</td></tr>
<tr>
<td title='project1_Amazon.TC8_ProductSort.ProductTC8_SortAmazon()'><b>ProductTC8_SortAmazon</b><br>Test class: project1_Amazon.TC8_ProductSort<br/>
<a href="#Output-1090788401" onClick='toggleBox("Output-1090788401", this, "Show output", "Hide output");'>Show output</a>

<a href="#Output-1090788401" onClick="toggleAllBoxes();">Show all outputs</a>
<div class='log' id="Output-1090788401">
Test Case Is Pass<br/>
</div>
</td>
<td></td>
<td>28</td>
<td>project1_Amazon.TC8_ProductSort@7ce026d3</td></tr>
<tr>
<td title='project1_Amazon.TC9_AddToCart.ProductTC9_AddToCartAmazon()'><b>ProductTC9_AddToCartAmazon</b><br>Test class: project1_Amazon.TC9_AddToCart<br/>
<a href="#Output-1553893991" onClick='toggleBox("Output-1553893991", this, "Show output", "Hide output");'>Show output</a>

<a href="#Output-1553893991" onClick="toggleAllBoxes();">Show all outputs</a>
<div class='log' id="Output-1553893991">
Test Case Is Pass<br/>
</div>
</td>
<td></td>
<td>22</td>
<td>project1_Amazon.TC9_AddToCart@6fa51cd4</td></tr>
<tr>
<td title='project1_Amazon.U_TC10_Add_Update_RemoveCart.AddProductTC10_RemoveCartAmazon()'><b>AddProductTC10_RemoveCartAmazon</b><br>Test class: project1_Amazon.U_TC10_Add_Update_RemoveCart<br/>
<a href="#Output-601728931" onClick='toggleBox("Output-601728931", this, "Show output", "Hide output");'>Show output</a>

<a href="#Output-601728931" onClick="toggleAllBoxes();">Show all outputs</a>
<div class='log' id="Output-601728931">
Test Case Is Pass<br/>
</div>
</td>
<td></td>
<td>35</td>
<td>project1_Amazon.U_TC10_Add_Update_RemoveCart@1caa0244</td></tr>
</table><p>
<table width='100%' border='1' class='invocation-skipped'>
<tr><td colspan='4' align='center'><b>SKIPPED TESTS</b></td></tr>
<tr><td><b>Test method</b></td>
<td><b>Attribute(s)</b></td>
<td width="30%"><b>Exception</b></td>
<td width="10%"><b>Time (seconds)</b></td>
<td><b>Instance</b></td>
</tr>
<tr>
<td title='project1_Amazon.X_TC13_Apply_CouponCode.ApplyCouponCodeTC13_OrderingAmazon()'><b>ApplyCouponCodeTC13_OrderingAmazon</b><br>Test class: project1_Amazon.X_TC13_Apply_CouponCode</td>
<td><div><pre>java.lang.AssertionError: All assertion not passed
	expected [Ajit Choudhary] but found [Credit or debit card]
	at project1_Amazon_Src.Amazon_BuyCheckOutPage.ApplyCode(Amazon_BuyCheckOutPage.java:176)
	at project1_Amazon.X_TC13_Apply_CouponCode.ApplyCouponCodeTC13_OrderingAmazon(X_TC13_Apply_CouponCode.java:55)
	at java.base/java.util.ArrayList.forEach(ArrayList.java:1511)
... Removed 32 stack frames</pre></div><a href='#' onClick='toggleBox("stack-trace1964157350", this, "Click to show all stack frames", "Click to hide stack frames")'>Click to show all stack frames</a>
<div class='stack-trace' id='stack-trace1964157350'><pre>java.lang.AssertionError: All assertion not passed
	expected [Ajit Choudhary] but found [Credit or debit card]
	at org.testng.asserts.SoftAssert.assertAll(SoftAssert.java:46)
	at project1_Amazon_Src.Amazon_BuyCheckOutPage.ApplyCode(Amazon_BuyCheckOutPage.java:176)
	at project1_Amazon.X_TC13_Apply_CouponCode.ApplyCouponCodeTC13_OrderingAmazon(X_TC13_Apply_CouponCode.java:55)
	at java.base/jdk.internal.reflect.NativeMethodAccessorImpl.invoke0(Native Method)
	at java.base/jdk.internal.reflect.NativeMethodAccessorImpl.invoke(NativeMethodAccessorImpl.java:77)
	at java.base/jdk.internal.reflect.DelegatingMethodAccessorImpl.invoke(DelegatingMethodAccessorImpl.java:43)
	at java.base/java.lang.reflect.Method.invoke(Method.java:568)
	at org.testng.internal.invokers.MethodInvocationHelper.invokeMethod(MethodInvocationHelper.java:141)
	at org.testng.internal.invokers.TestInvoker.invokeMethod(TestInvoker.java:687)
	at org.testng.internal.invokers.TestInvoker.invokeTestMethod(TestInvoker.java:230)
	at org.testng.internal.invokers.MethodRunner.runInSequence(MethodRunner.java:63)
	at org.testng.internal.invokers.TestInvoker$MethodInvocationAgent.invoke(TestInvoker.java:995)
	at org.testng.internal.invokers.TestInvoker.invokeTestMethods(TestInvoker.java:203)
	at org.testng.internal.invokers.TestMethodWorker.invokeTestMethods(TestMethodWorker.java:154)
	at org.testng.internal.invokers.TestMethodWorker.run(TestMethodWorker.java:134)
	at java.base/java.util.ArrayList.forEach(ArrayList.java:1511)
	at org.testng.TestRunner.privateRun(TestRunner.java:741)
	at org.testng.TestRunner.run(TestRunner.java:616)
	at org.testng.SuiteRunner.runTest(SuiteRunner.java:421)
	at org.testng.SuiteRunner.runSequentially(SuiteRunner.java:413)
	at org.testng.SuiteRunner.privateRun(SuiteRunner.java:373)
	at org.testng.SuiteRunner.run(SuiteRunner.java:312)
	at org.testng.SuiteRunnerWorker.runSuite(SuiteRunnerWorker.java:52)
	at org.testng.SuiteRunnerWorker.run(SuiteRunnerWorker.java:95)
	at org.testng.TestNG.runSuitesSequentially(TestNG.java:1274)
	at org.testng.TestNG.runSuitesLocally(TestNG.java:1208)
	at org.testng.TestNG.runSuites(TestNG.java:1112)
	at org.testng.TestNG.run(TestNG.java:1079)
	at org.apache.maven.surefire.testng.TestNGExecutor.run(TestNGExecutor.java:308)
	at org.apache.maven.surefire.testng.TestNGXmlTestSuite.execute(TestNGXmlTestSuite.java:71)
	at org.apache.maven.surefire.testng.TestNGProvider.invoke(TestNGProvider.java:113)
	at org.apache.maven.surefire.booter.ForkedBooter.runSuitesInProcess(ForkedBooter.java:385)
	at org.apache.maven.surefire.booter.ForkedBooter.execute(ForkedBooter.java:162)
	at org.apache.maven.surefire.booter.ForkedBooter.run(ForkedBooter.java:507)
	at org.apache.maven.surefire.booter.ForkedBooter.main(ForkedBooter.java:495)
</pre></div></td>
<td>28</td>
<td>project1_Amazon.X_TC13_Apply_CouponCode@cecf639</td></tr>
<tr>
<td title='project1_Amazon.TC8_ProductSort.ProductTC8_SortAmazon()'><b>ProductTC8_SortAmazon</b><br>Test class: project1_Amazon.TC8_ProductSort</td>
<td><div><pre>java.lang.AssertionError: All Assertion Not Passed
	expected [true] but found [false]
	at project1_Amazon_Src.Amazon_ProductPage2.sortbyLowToHigh(Amazon_ProductPage2.java:69)
	at project1_Amazon.TC8_ProductSort.ProductTC8_SortAmazon(TC8_ProductSort.java:58)
	at java.base/java.util.ArrayList.forEach(ArrayList.java:1511)
... Removed 32 stack frames</pre></div><a href='#' onClick='toggleBox("stack-trace1243911696", this, "Click to show all stack frames", "Click to hide stack frames")'>Click to show all stack frames</a>
<div class='stack-trace' id='stack-trace1243911696'><pre>java.lang.AssertionError: All Assertion Not Passed
	expected [true] but found [false]
	at org.testng.asserts.SoftAssert.assertAll(SoftAssert.java:46)
	at project1_Amazon_Src.Amazon_ProductPage2.sortbyLowToHigh(Amazon_ProductPage2.java:69)
	at project1_Amazon.TC8_ProductSort.ProductTC8_SortAmazon(TC8_ProductSort.java:58)
	at java.base/jdk.internal.reflect.NativeMethodAccessorImpl.invoke0(Native Method)
	at java.base/jdk.internal.reflect.NativeMethodAccessorImpl.invoke(NativeMethodAccessorImpl.java:77)
	at java.base/jdk.internal.reflect.DelegatingMethodAccessorImpl.invoke(DelegatingMethodAccessorImpl.java:43)
	at java.base/java.lang.reflect.Method.invoke(Method.java:568)
	at org.testng.internal.invokers.MethodInvocationHelper.invokeMethod(MethodInvocationHelper.java:141)
	at org.testng.internal.invokers.TestInvoker.invokeMethod(TestInvoker.java:687)
	at org.testng.internal.invokers.TestInvoker.invokeTestMethod(TestInvoker.java:230)
	at org.testng.internal.invokers.MethodRunner.runInSequence(MethodRunner.java:63)
	at org.testng.internal.invokers.TestInvoker$MethodInvocationAgent.invoke(TestInvoker.java:995)
	at org.testng.internal.invokers.TestInvoker.invokeTestMethods(TestInvoker.java:203)
	at org.testng.internal.invokers.TestMethodWorker.invokeTestMethods(TestMethodWorker.java:154)
	at org.testng.internal.invokers.TestMethodWorker.run(TestMethodWorker.java:134)
	at java.base/java.util.ArrayList.forEach(ArrayList.java:1511)
	at org.testng.TestRunner.privateRun(TestRunner.java:741)
	at org.testng.TestRunner.run(TestRunner.java:616)
	at org.testng.SuiteRunner.runTest(SuiteRunner.java:421)
	at org.testng.SuiteRunner.runSequentially(SuiteRunner.java:413)
	at org.testng.SuiteRunner.privateRun(SuiteRunner.java:373)
	at org.testng.SuiteRunner.run(SuiteRunner.java:312)
	at org.testng.SuiteRunnerWorker.runSuite(SuiteRunnerWorker.java:52)
	at org.testng.SuiteRunnerWorker.run(SuiteRunnerWorker.java:95)
	at org.testng.TestNG.runSuitesSequentially(TestNG.java:1274)
	at org.testng.TestNG.runSuitesLocally(TestNG.java:1208)
	at org.testng.TestNG.runSuites(TestNG.java:1112)
	at org.testng.TestNG.run(TestNG.java:1079)
	at org.apache.maven.surefire.testng.TestNGExecutor.run(TestNGExecutor.java:308)
	at org.apache.maven.surefire.testng.TestNGXmlTestSuite.execute(TestNGXmlTestSuite.java:71)
	at org.apache.maven.surefire.testng.TestNGProvider.invoke(TestNGProvider.java:113)
	at org.apache.maven.surefire.booter.ForkedBooter.runSuitesInProcess(ForkedBooter.java:385)
	at org.apache.maven.surefire.booter.ForkedBooter.execute(ForkedBooter.java:162)
	at org.apache.maven.surefire.booter.ForkedBooter.run(ForkedBooter.java:507)
	at org.apache.maven.surefire.booter.ForkedBooter.main(ForkedBooter.java:495)
</pre></div></td>
<td>22</td>
<td>project1_Amazon.TC8_ProductSort@7ce026d3</td></tr>
<tr>
<td title='project1_Amazon.W_TC12_SelectEach_PaymentMthd.SelectTC12_AllPaymentAmazon()'><b>SelectTC12_AllPaymentAmazon</b><br>Test class: project1_Amazon.W_TC12_SelectEach_PaymentMthd</td>
<td><div><pre>org.openqa.selenium.ElementClickInterceptedException: element click intercepted: Element &lt;input id=&quot;pp-6H3mAF-139&quot; type=&quot;radio&quot; name=&quot;ppw-instrumentRowSelection&quot; value=&quot;instrumentId=EMI&amp;amp;isExpired=false&amp;amp;paymentMethod=CC&amp;amp;tfxEligible=false&quot; disabled=&quot;&quot;&gt; is not clickable at point (91, 481). Other element would receive the click: &lt;span role=&quot;radio&quot;&gt;...&lt;/span&gt;
  (Session info: MicrosoftEdge=137.0.3296.68)
Build info: version: &apos;4.33.0&apos;, revision: &apos;2c6aaad03a&apos;
System info: os.name: &apos;Windows 11&apos;, os.arch: &apos;amd64&apos;, os.version: &apos;10.0&apos;, java.version: &apos;17.0.11&apos;
Driver info: org.openqa.selenium.edge.EdgeDriver
Command: [94462334f6275891e04d5f1efd47a892, clickElement {id=f.3C85F66B02CB64538A67930A5BF2BBF9.d.8F1103B42F4A04ED9C7282AF34D5BD6C.e.339}]
Capabilities {acceptInsecureCerts: false, browserName: MicrosoftEdge, browserVersion: 137.0.3296.68, fedcm:accounts: true, ms:edgeOptions: {debuggerAddress: localhost:57312}, msedge: {msedgedriverVersion: 137.0.3296.68 (f3affdcf267b..., userDataDir: C:\Users\ajitc\AppData\Loca...}, networkConnectionEnabled: false, pageLoadStrategy: normal, platformName: windows, proxy: Proxy(), se:cdp: ws://localhost:57312/devtoo..., se:cdpVersion: 137.0.3296.68, setWindowRect: true, strictFileInteractability: false, timeouts: {implicit: 0, pageLoad: 300000, script: 30000}, unhandledPromptBehavior: dismiss and notify, webauthn:extension:credBlob: true, webauthn:extension:largeBlob: true, webauthn:extension:minPinLength: true, webauthn:extension:prf: true, webauthn:virtualAuthenticators: true}
Element: [[EdgeDriver: MicrosoftEdge on windows (94462334f6275891e04d5f1efd47a892)] -&gt; xpath: (//input[@name=&apos;ppw-instrumentRowSelection&apos;])[5]]
Session ID: 94462334f6275891e04d5f1efd47a892
	at org.openqa.selenium.remote.ErrorCodec.decode(ErrorCodec.java:167)
	at org.openqa.selenium.remote.codec.w3c.W3CHttpResponseCodec.decode(W3CHttpResponseCodec.java:138)
	at org.openqa.selenium.remote.codec.w3c.W3CHttpResponseCodec.decode(W3CHttpResponseCodec.java:50)
	at org.openqa.selenium.remote.HttpCommandExecutor.execute(HttpCommandExecutor.java:215)
	at org.openqa.selenium.remote.service.DriverCommandExecutor.invokeExecute(DriverCommandExecutor.java:216)
	at org.openqa.selenium.remote.service.DriverCommandExecutor.execute(DriverCommandExecutor.java:174)
	at org.openqa.selenium.remote.RemoteWebDriver.execute(RemoteWebDriver.java:544)
	at org.openqa.selenium.remote.RemoteWebElement.execute(RemoteWebElement.java:223)
	at org.openqa.selenium.remote.RemoteWebElement.click(RemoteWebElement.java:76)
	at org.openqa.selenium.support.pagefactory.internal.LocatingElementHandler.invoke(LocatingElementHandler.java:51)
	at jdk.proxy2/jdk.proxy2.$Proxy17.click(Unknown Source)
	at project1_Amazon_Src.Amazon_PaymentMethodPage.AllPaymentMethods(Amazon_PaymentMethodPage.java:138)
	at project1_Amazon.W_TC12_SelectEach_PaymentMthd.SelectTC12_AllPaymentAmazon(W_TC12_SelectEach_PaymentMthd.java:55)
	at java.base/java.util.ArrayList.forEach(ArrayList.java:1511)
... Removed 39 stack frames</pre></div><a href='#' onClick='toggleBox("stack-trace2070199213", this, "Click to show all stack frames", "Click to hide stack frames")'>Click to show all stack frames</a>
<div class='stack-trace' id='stack-trace2070199213'><pre>org.openqa.selenium.ElementClickInterceptedException: element click intercepted: Element &lt;input id=&quot;pp-6H3mAF-139&quot; type=&quot;radio&quot; name=&quot;ppw-instrumentRowSelection&quot; value=&quot;instrumentId=EMI&amp;amp;isExpired=false&amp;amp;paymentMethod=CC&amp;amp;tfxEligible=false&quot; disabled=&quot;&quot;&gt; is not clickable at point (91, 481). Other element would receive the click: &lt;span role=&quot;radio&quot;&gt;...&lt;/span&gt;
  (Session info: MicrosoftEdge=137.0.3296.68)
Build info: version: &apos;4.33.0&apos;, revision: &apos;2c6aaad03a&apos;
System info: os.name: &apos;Windows 11&apos;, os.arch: &apos;amd64&apos;, os.version: &apos;10.0&apos;, java.version: &apos;17.0.11&apos;
Driver info: org.openqa.selenium.edge.EdgeDriver
Command: [94462334f6275891e04d5f1efd47a892, clickElement {id=f.3C85F66B02CB64538A67930A5BF2BBF9.d.8F1103B42F4A04ED9C7282AF34D5BD6C.e.339}]
Capabilities {acceptInsecureCerts: false, browserName: MicrosoftEdge, browserVersion: 137.0.3296.68, fedcm:accounts: true, ms:edgeOptions: {debuggerAddress: localhost:57312}, msedge: {msedgedriverVersion: 137.0.3296.68 (f3affdcf267b..., userDataDir: C:\Users\ajitc\AppData\Loca...}, networkConnectionEnabled: false, pageLoadStrategy: normal, platformName: windows, proxy: Proxy(), se:cdp: ws://localhost:57312/devtoo..., se:cdpVersion: 137.0.3296.68, setWindowRect: true, strictFileInteractability: false, timeouts: {implicit: 0, pageLoad: 300000, script: 30000}, unhandledPromptBehavior: dismiss and notify, webauthn:extension:credBlob: true, webauthn:extension:largeBlob: true, webauthn:extension:minPinLength: true, webauthn:extension:prf: true, webauthn:virtualAuthenticators: true}
Element: [[EdgeDriver: MicrosoftEdge on windows (94462334f6275891e04d5f1efd47a892)] -&gt; xpath: (//input[@name=&apos;ppw-instrumentRowSelection&apos;])[5]]
Session ID: 94462334f6275891e04d5f1efd47a892
	at java.base/jdk.internal.reflect.NativeConstructorAccessorImpl.newInstance0(Native Method)
	at java.base/jdk.internal.reflect.NativeConstructorAccessorImpl.newInstance(NativeConstructorAccessorImpl.java:77)
	at java.base/jdk.internal.reflect.DelegatingConstructorAccessorImpl.newInstance(DelegatingConstructorAccessorImpl.java:45)
	at java.base/java.lang.reflect.Constructor.newInstanceWithCaller(Constructor.java:499)
	at java.base/java.lang.reflect.Constructor.newInstance(Constructor.java:480)
	at org.openqa.selenium.remote.ErrorCodec.decode(ErrorCodec.java:167)
	at org.openqa.selenium.remote.codec.w3c.W3CHttpResponseCodec.decode(W3CHttpResponseCodec.java:138)
	at org.openqa.selenium.remote.codec.w3c.W3CHttpResponseCodec.decode(W3CHttpResponseCodec.java:50)
	at org.openqa.selenium.remote.HttpCommandExecutor.execute(HttpCommandExecutor.java:215)
	at org.openqa.selenium.remote.service.DriverCommandExecutor.invokeExecute(DriverCommandExecutor.java:216)
	at org.openqa.selenium.remote.service.DriverCommandExecutor.execute(DriverCommandExecutor.java:174)
	at org.openqa.selenium.remote.RemoteWebDriver.execute(RemoteWebDriver.java:544)
	at org.openqa.selenium.remote.RemoteWebElement.execute(RemoteWebElement.java:223)
	at org.openqa.selenium.remote.RemoteWebElement.click(RemoteWebElement.java:76)
	at jdk.internal.reflect.GeneratedMethodAccessor2.invoke(Unknown Source)
	at java.base/jdk.internal.reflect.DelegatingMethodAccessorImpl.invoke(DelegatingMethodAccessorImpl.java:43)
	at java.base/java.lang.reflect.Method.invoke(Method.java:568)
	at org.openqa.selenium.support.pagefactory.internal.LocatingElementHandler.invoke(LocatingElementHandler.java:51)
	at jdk.proxy2/jdk.proxy2.$Proxy17.click(Unknown Source)
	at project1_Amazon_Src.Amazon_PaymentMethodPage.AllPaymentMethods(Amazon_PaymentMethodPage.java:138)
	at project1_Amazon.W_TC12_SelectEach_PaymentMthd.SelectTC12_AllPaymentAmazon(W_TC12_SelectEach_PaymentMthd.java:55)
	at java.base/jdk.internal.reflect.NativeMethodAccessorImpl.invoke0(Native Method)
	at java.base/jdk.internal.reflect.NativeMethodAccessorImpl.invoke(NativeMethodAccessorImpl.java:77)
	at java.base/jdk.internal.reflect.DelegatingMethodAccessorImpl.invoke(DelegatingMethodAccessorImpl.java:43)
	at java.base/java.lang.reflect.Method.invoke(Method.java:568)
	at org.testng.internal.invokers.MethodInvocationHelper.invokeMethod(MethodInvocationHelper.java:141)
	at org.testng.internal.invokers.TestInvoker.invokeMethod(TestInvoker.java:687)
	at org.testng.internal.invokers.TestInvoker.invokeTestMethod(TestInvoker.java:230)
	at org.testng.internal.invokers.MethodRunner.runInSequence(MethodRunner.java:63)
	at org.testng.internal.invokers.TestInvoker$MethodInvocationAgent.invoke(TestInvoker.java:995)
	at org.testng.internal.invokers.TestInvoker.invokeTestMethods(TestInvoker.java:203)
	at org.testng.internal.invokers.TestMethodWorker.invokeTestMethods(TestMethodWorker.java:154)
	at org.testng.internal.invokers.TestMethodWorker.run(TestMethodWorker.java:134)
	at java.base/java.util.ArrayList.forEach(ArrayList.java:1511)
	at org.testng.TestRunner.privateRun(TestRunner.java:741)
	at org.testng.TestRunner.run(TestRunner.java:616)
	at org.testng.SuiteRunner.runTest(SuiteRunner.java:421)
	at org.testng.SuiteRunner.runSequentially(SuiteRunner.java:413)
	at org.testng.SuiteRunner.privateRun(SuiteRunner.java:373)
	at org.testng.SuiteRunner.run(SuiteRunner.java:312)
	at org.testng.SuiteRunnerWorker.runSuite(SuiteRunnerWorker.java:52)
	at org.testng.SuiteRunnerWorker.run(SuiteRunnerWorker.java:95)
	at org.testng.TestNG.runSuitesSequentially(TestNG.java:1274)
	at org.testng.TestNG.runSuitesLocally(TestNG.java:1208)
	at org.testng.TestNG.runSuites(TestNG.java:1112)
	at org.testng.TestNG.run(TestNG.java:1079)
	at org.apache.maven.surefire.testng.TestNGExecutor.run(TestNGExecutor.java:308)
	at org.apache.maven.surefire.testng.TestNGXmlTestSuite.execute(TestNGXmlTestSuite.java:71)
	at org.apache.maven.surefire.testng.TestNGProvider.invoke(TestNGProvider.java:113)
	at org.apache.maven.surefire.booter.ForkedBooter.runSuitesInProcess(ForkedBooter.java:385)
	at org.apache.maven.surefire.booter.ForkedBooter.execute(ForkedBooter.java:162)
	at org.apache.maven.surefire.booter.ForkedBooter.run(ForkedBooter.java:507)
	at org.apache.maven.surefire.booter.ForkedBooter.main(ForkedBooter.java:495)
</pre></div></td>
<td>46</td>
<td>project1_Amazon.W_TC12_SelectEach_PaymentMthd@5386659f</td></tr>
<tr>
<td title='project1_Amazon.Y_TC14_StarRating.Star5TC14_Rating_LastOrder_Amazon()'><b>Star5TC14_Rating_LastOrder_Amazon</b><br>Test class: project1_Amazon.Y_TC14_StarRating</td>
<td><div><pre>org.openqa.selenium.NoSuchElementException: no such element: Unable to locate element: {&quot;method&quot;:&quot;xpath&quot;,&quot;selector&quot;:&quot;(//span[@class=&apos;nav-line-1 nav-progressive-content&apos;])[2]&quot;}
  (Session info: MicrosoftEdge=137.0.3296.68)
For documentation on this error, please visit: https://www.selenium.dev/documentation/webdriver/troubleshooting/errors#no-such-element-exception
Build info: version: &apos;4.33.0&apos;, revision: &apos;2c6aaad03a&apos;
System info: os.name: &apos;Windows 11&apos;, os.arch: &apos;amd64&apos;, os.version: &apos;10.0&apos;, java.version: &apos;17.0.11&apos;
Driver info: org.openqa.selenium.edge.EdgeDriver
Command: [b5555739efb72aff6ac72dd061c9fefc, findElement {using=xpath, value=(//span[@class=&apos;nav-line-1 nav-progressive-content&apos;])[2]}]
Capabilities {acceptInsecureCerts: false, browserName: MicrosoftEdge, browserVersion: 137.0.3296.68, fedcm:accounts: true, ms:edgeOptions: {debuggerAddress: localhost:60643}, msedge: {msedgedriverVersion: 137.0.3296.68 (f3affdcf267b..., userDataDir: C:\Users\ajitc\AppData\Loca...}, networkConnectionEnabled: false, pageLoadStrategy: normal, platformName: windows, proxy: Proxy(), se:cdp: ws://localhost:60643/devtoo..., se:cdpVersion: 137.0.3296.68, setWindowRect: true, strictFileInteractability: false, timeouts: {implicit: 0, pageLoad: 300000, script: 30000}, unhandledPromptBehavior: dismiss and notify, webauthn:extension:credBlob: true, webauthn:extension:largeBlob: true, webauthn:extension:minPinLength: true, webauthn:extension:prf: true, webauthn:virtualAuthenticators: true}
Session ID: b5555739efb72aff6ac72dd061c9fefc
	at org.openqa.selenium.remote.ErrorCodec.decode(ErrorCodec.java:167)
	at org.openqa.selenium.remote.codec.w3c.W3CHttpResponseCodec.decode(W3CHttpResponseCodec.java:138)
	at org.openqa.selenium.remote.codec.w3c.W3CHttpResponseCodec.decode(W3CHttpResponseCodec.java:50)
	at org.openqa.selenium.remote.HttpCommandExecutor.execute(HttpCommandExecutor.java:215)
	at org.openqa.selenium.remote.service.DriverCommandExecutor.invokeExecute(DriverCommandExecutor.java:216)
	at org.openqa.selenium.remote.service.DriverCommandExecutor.execute(DriverCommandExecutor.java:174)
	at org.openqa.selenium.remote.RemoteWebDriver.execute(RemoteWebDriver.java:544)
	at org.openqa.selenium.remote.ElementLocation$ElementFinder$2.findElement(ElementLocation.java:165)
	at org.openqa.selenium.remote.ElementLocation.findElement(ElementLocation.java:59)
	at org.openqa.selenium.remote.RemoteWebDriver.findElement(RemoteWebDriver.java:367)
	at org.openqa.selenium.remote.RemoteWebDriver.findElement(RemoteWebDriver.java:361)
	at org.openqa.selenium.support.pagefactory.DefaultElementLocator.findElement(DefaultElementLocator.java:68)
	at org.openqa.selenium.support.pagefactory.internal.LocatingElementHandler.invoke(LocatingElementHandler.java:38)
	at jdk.proxy2/jdk.proxy2.$Proxy17.getText(Unknown Source)
	at project1_Amazon_Src.Amazon_LoginPage.SigninPressTC14(Amazon_LoginPage.java:153)
	at project1_Amazon.Y_TC14_StarRating.Star5TC14_Rating_LastOrder_Amazon(Y_TC14_StarRating.java:45)
	at java.base/java.util.ArrayList.forEach(ArrayList.java:1511)
... Removed 36 stack frames</pre></div><a href='#' onClick='toggleBox("stack-trace1440183980", this, "Click to show all stack frames", "Click to hide stack frames")'>Click to show all stack frames</a>
<div class='stack-trace' id='stack-trace1440183980'><pre>org.openqa.selenium.NoSuchElementException: no such element: Unable to locate element: {&quot;method&quot;:&quot;xpath&quot;,&quot;selector&quot;:&quot;(//span[@class=&apos;nav-line-1 nav-progressive-content&apos;])[2]&quot;}
  (Session info: MicrosoftEdge=137.0.3296.68)
For documentation on this error, please visit: https://www.selenium.dev/documentation/webdriver/troubleshooting/errors#no-such-element-exception
Build info: version: &apos;4.33.0&apos;, revision: &apos;2c6aaad03a&apos;
System info: os.name: &apos;Windows 11&apos;, os.arch: &apos;amd64&apos;, os.version: &apos;10.0&apos;, java.version: &apos;17.0.11&apos;
Driver info: org.openqa.selenium.edge.EdgeDriver
Command: [b5555739efb72aff6ac72dd061c9fefc, findElement {using=xpath, value=(//span[@class=&apos;nav-line-1 nav-progressive-content&apos;])[2]}]
Capabilities {acceptInsecureCerts: false, browserName: MicrosoftEdge, browserVersion: 137.0.3296.68, fedcm:accounts: true, ms:edgeOptions: {debuggerAddress: localhost:60643}, msedge: {msedgedriverVersion: 137.0.3296.68 (f3affdcf267b..., userDataDir: C:\Users\ajitc\AppData\Loca...}, networkConnectionEnabled: false, pageLoadStrategy: normal, platformName: windows, proxy: Proxy(), se:cdp: ws://localhost:60643/devtoo..., se:cdpVersion: 137.0.3296.68, setWindowRect: true, strictFileInteractability: false, timeouts: {implicit: 0, pageLoad: 300000, script: 30000}, unhandledPromptBehavior: dismiss and notify, webauthn:extension:credBlob: true, webauthn:extension:largeBlob: true, webauthn:extension:minPinLength: true, webauthn:extension:prf: true, webauthn:virtualAuthenticators: true}
Session ID: b5555739efb72aff6ac72dd061c9fefc
	at java.base/jdk.internal.reflect.NativeConstructorAccessorImpl.newInstance0(Native Method)
	at java.base/jdk.internal.reflect.NativeConstructorAccessorImpl.newInstance(NativeConstructorAccessorImpl.java:77)
	at java.base/jdk.internal.reflect.DelegatingConstructorAccessorImpl.newInstance(DelegatingConstructorAccessorImpl.java:45)
	at java.base/java.lang.reflect.Constructor.newInstanceWithCaller(Constructor.java:499)
	at java.base/java.lang.reflect.Constructor.newInstance(Constructor.java:480)
	at org.openqa.selenium.remote.ErrorCodec.decode(ErrorCodec.java:167)
	at org.openqa.selenium.remote.codec.w3c.W3CHttpResponseCodec.decode(W3CHttpResponseCodec.java:138)
	at org.openqa.selenium.remote.codec.w3c.W3CHttpResponseCodec.decode(W3CHttpResponseCodec.java:50)
	at org.openqa.selenium.remote.HttpCommandExecutor.execute(HttpCommandExecutor.java:215)
	at org.openqa.selenium.remote.service.DriverCommandExecutor.invokeExecute(DriverCommandExecutor.java:216)
	at org.openqa.selenium.remote.service.DriverCommandExecutor.execute(DriverCommandExecutor.java:174)
	at org.openqa.selenium.remote.RemoteWebDriver.execute(RemoteWebDriver.java:544)
	at org.openqa.selenium.remote.ElementLocation$ElementFinder$2.findElement(ElementLocation.java:165)
	at org.openqa.selenium.remote.ElementLocation.findElement(ElementLocation.java:59)
	at org.openqa.selenium.remote.RemoteWebDriver.findElement(RemoteWebDriver.java:367)
	at org.openqa.selenium.remote.RemoteWebDriver.findElement(RemoteWebDriver.java:361)
	at org.openqa.selenium.support.pagefactory.DefaultElementLocator.findElement(DefaultElementLocator.java:68)
	at org.openqa.selenium.support.pagefactory.internal.LocatingElementHandler.invoke(LocatingElementHandler.java:38)
	at jdk.proxy2/jdk.proxy2.$Proxy17.getText(Unknown Source)
	at project1_Amazon_Src.Amazon_LoginPage.SigninPressTC14(Amazon_LoginPage.java:153)
	at project1_Amazon.Y_TC14_StarRating.Star5TC14_Rating_LastOrder_Amazon(Y_TC14_StarRating.java:45)
	at java.base/jdk.internal.reflect.NativeMethodAccessorImpl.invoke0(Native Method)
	at java.base/jdk.internal.reflect.NativeMethodAccessorImpl.invoke(NativeMethodAccessorImpl.java:77)
	at java.base/jdk.internal.reflect.DelegatingMethodAccessorImpl.invoke(DelegatingMethodAccessorImpl.java:43)
	at java.base/java.lang.reflect.Method.invoke(Method.java:568)
	at org.testng.internal.invokers.MethodInvocationHelper.invokeMethod(MethodInvocationHelper.java:141)
	at org.testng.internal.invokers.TestInvoker.invokeMethod(TestInvoker.java:687)
	at org.testng.internal.invokers.TestInvoker.invokeTestMethod(TestInvoker.java:230)
	at org.testng.internal.invokers.MethodRunner.runInSequence(MethodRunner.java:63)
	at org.testng.internal.invokers.TestInvoker$MethodInvocationAgent.invoke(TestInvoker.java:995)
	at org.testng.internal.invokers.TestInvoker.invokeTestMethods(TestInvoker.java:203)
	at org.testng.internal.invokers.TestMethodWorker.invokeTestMethods(TestMethodWorker.java:154)
	at org.testng.internal.invokers.TestMethodWorker.run(TestMethodWorker.java:134)
	at java.base/java.util.ArrayList.forEach(ArrayList.java:1511)
	at org.testng.TestRunner.privateRun(TestRunner.java:741)
	at org.testng.TestRunner.run(TestRunner.java:616)
	at org.testng.SuiteRunner.runTest(SuiteRunner.java:421)
	at org.testng.SuiteRunner.runSequentially(SuiteRunner.java:413)
	at org.testng.SuiteRunner.privateRun(SuiteRunner.java:373)
	at org.testng.SuiteRunner.run(SuiteRunner.java:312)
	at org.testng.SuiteRunnerWorker.runSuite(SuiteRunnerWorker.java:52)
	at org.testng.SuiteRunnerWorker.run(SuiteRunnerWorker.java:95)
	at org.testng.TestNG.runSuitesSequentially(TestNG.java:1274)
	at org.testng.TestNG.runSuitesLocally(TestNG.java:1208)
	at org.testng.TestNG.runSuites(TestNG.java:1112)
	at org.testng.TestNG.run(TestNG.java:1079)
	at org.apache.maven.surefire.testng.TestNGExecutor.run(TestNGExecutor.java:308)
	at org.apache.maven.surefire.testng.TestNGXmlTestSuite.execute(TestNGXmlTestSuite.java:71)
	at org.apache.maven.surefire.testng.TestNGProvider.invoke(TestNGProvider.java:113)
	at org.apache.maven.surefire.booter.ForkedBooter.runSuitesInProcess(ForkedBooter.java:385)
	at org.apache.maven.surefire.booter.ForkedBooter.execute(ForkedBooter.java:162)
	at org.apache.maven.surefire.booter.ForkedBooter.run(ForkedBooter.java:507)
	at org.apache.maven.surefire.booter.ForkedBooter.main(ForkedBooter.java:495)
</pre></div></td>
<td>11</td>
<td>project1_Amazon.Y_TC14_StarRating@7ce69770</td></tr>
</table><p>
</body>
</html>