<?xml version="1.0" encoding="UTF-8"?>
<!-- Generated by org.testng.reporters.JUnitXMLReporter -->
<testsuite ignored="28" hostname="Ajit_Choudhary" failures="11" tests="26" name="Amazon Project TestCases Test" time="1434.529" errors="0" timestamp="2025-06-26T12:21:34 IST">
  <testcase classname="project1_Amazon.AmazonPr_BaseClass" name="@BeforeMethod Launching" time="25.205">
    <failure type="org.openqa.selenium.SessionNotCreatedException" message="Could not start a new session. Response code 500. Message: session not created: Microsoft Edge failed to start: crashed.
  (chrome not reachable)
  (The process started from msedge location C:\Program Files (x86)\Microsoft\Edge\Application\msedge.exe is no longer running, so msedgedriver is assuming that msedge has crashed.) 
Host info: host: &amp;apos;AJIT_CHOUDHARY&amp;apos;, ip: &amp;apos;192.168.31.33&amp;apos;
Build info: version: &amp;apos;4.33.0&amp;apos;, revision: &amp;apos;2c6aaad03a&amp;apos;
System info: os.name: &amp;apos;Windows 11&amp;apos;, os.arch: &amp;apos;amd64&amp;apos;, os.version: &amp;apos;10.0&amp;apos;, java.version: &amp;apos;21.0.6&amp;apos;
Driver info: org.openqa.selenium.edge.EdgeDriver
Command: [null, newSession {capabilities=[Capabilities {browserName: MicrosoftEdge, ms:edgeOptions: {args: [start-maximized], binary: C:\Program Files (x86)\Micr..., extensions: []}}]}]">
      <![CDATA[org.openqa.selenium.SessionNotCreatedException: Could not start a new session. Response code 500. Message: session not created: Microsoft Edge failed to start: crashed.
  (chrome not reachable)
  (The process started from msedge location C:\Program Files (x86)\Microsoft\Edge\Application\msedge.exe is no longer running, so msedgedriver is assuming that msedge has crashed.) 
Host info: host: 'AJIT_CHOUDHARY', ip: '192.168.31.33'
Build info: version: '4.33.0', revision: '2c6aaad03a'
System info: os.name: 'Windows 11', os.arch: 'amd64', os.version: '10.0', java.version: '21.0.6'
Driver info: org.openqa.selenium.edge.EdgeDriver
Command: [null, newSession {capabilities=[Capabilities {browserName: MicrosoftEdge, ms:edgeOptions: {args: [start-maximized], binary: C:\Program Files (x86)\Micr..., extensions: []}}]}]
at org.openqa.selenium.remote.ProtocolHandshake.createSession(ProtocolHandshake.java:114)
at org.openqa.selenium.remote.ProtocolHandshake.createSession(ProtocolHandshake.java:75)
at org.openqa.selenium.remote.ProtocolHandshake.createSession(ProtocolHandshake.java:61)
at org.openqa.selenium.remote.HttpCommandExecutor.execute(HttpCommandExecutor.java:187)
at org.openqa.selenium.remote.service.DriverCommandExecutor.invokeExecute(DriverCommandExecutor.java:216)
at org.openqa.selenium.remote.service.DriverCommandExecutor.execute(DriverCommandExecutor.java:174)
at org.openqa.selenium.remote.RemoteWebDriver.execute(RemoteWebDriver.java:544)
at org.openqa.selenium.remote.RemoteWebDriver.startSession(RemoteWebDriver.java:244)
at org.openqa.selenium.remote.RemoteWebDriver.<init>(RemoteWebDriver.java:173)
at org.openqa.selenium.chromium.ChromiumDriver.<init>(ChromiumDriver.java:110)
at org.openqa.selenium.edge.EdgeDriver.<init>(EdgeDriver.java:60)
at org.openqa.selenium.edge.EdgeDriver.<init>(EdgeDriver.java:56)
at org.openqa.selenium.edge.EdgeDriver.<init>(EdgeDriver.java:48)
at project1_Amazon.AmazonPr_BaseClass.Launching(AmazonPr_BaseClass.java:48)
at java.base/java.util.ArrayList.forEach(ArrayList.java:1596)
... Removed 33 stack frames]]>
    </failure>
  </testcase> <!-- @BeforeMethod Launching -->
  <testcase classname="project1_Amazon.AmazonPr_BaseClass" name="@AfterMethod Closing" time="0.0">
    <skipped/>
  </testcase> <!-- @AfterMethod Closing -->
  <testcase classname="project1_Amazon.TC5_SearchProduct" name="SearchProductTC5_Amazon" time="16.835"/>
  <testcase classname="project1_Amazon.Z_TC15_WithOut_Login_Cart" name="ReachTillTC15_Cart_WithoutLoginAmazon" time="7.467">
    <skipped/>
  </testcase> <!-- ReachTillTC15_Cart_WithoutLoginAmazon -->
  <testcase classname="project1_Amazon.Z_TC15_WithOut_Login_Cart" name="ReachTillTC15_Cart_WithoutLoginAmazon" time="12.577">
    <failure type="java.util.NoSuchElementException">
      <![CDATA[java.util.NoSuchElementException
at java.base/java.util.LinkedHashMap$LinkedHashIterator.nextNode(LinkedHashMap.java:1025)
at java.base/java.util.LinkedHashMap$LinkedKeyIterator.next(LinkedHashMap.java:1046)
at project1_Amazon_Src.Amazon_ProductPage4.ControlChild(Amazon_ProductPage4.java:78)
at project1_Amazon.Z_TC15_WithOut_Login_Cart.ReachTillTC15_Cart_WithoutLoginAmazon(Z_TC15_WithOut_Login_Cart.java:29)
at java.base/java.util.ArrayList.forEach(ArrayList.java:1596)
... Removed 29 stack frames]]>
    </failure>
  </testcase> <!-- ReachTillTC15_Cart_WithoutLoginAmazon -->
  <testcase classname="project1_Amazon.Z_TC16_SelectCard_PaymentMthd" name="SelectTC16_CardPaymentAmazon" time="22.994">
    <skipped/>
  </testcase> <!-- SelectTC16_CardPaymentAmazon -->
  <testcase classname="project1_Amazon.Z_TC16_SelectCard_PaymentMthd" name="SelectTC16_CardPaymentAmazon" time="53.754">
    <failure type="java.util.NoSuchElementException">
      <![CDATA[java.util.NoSuchElementException
at java.base/java.util.LinkedHashMap$LinkedHashIterator.nextNode(LinkedHashMap.java:1025)
at java.base/java.util.LinkedHashMap$LinkedKeyIterator.next(LinkedHashMap.java:1046)
at project1_Amazon_Src.Amazon_CardPayPage.ControlChild(Amazon_CardPayPage.java:79)
at project1_Amazon.Z_TC16_SelectCard_PaymentMthd.SelectTC16_CardPaymentAmazon(Z_TC16_SelectCard_PaymentMthd.java:52)
at java.base/java.util.ArrayList.forEach(ArrayList.java:1596)
... Removed 29 stack frames]]>
    </failure>
  </testcase> <!-- SelectTC16_CardPaymentAmazon -->
  <testcase classname="project1_Amazon.TC6_SearchingByFilters" name="SearchProductTC6_FilterAmazon" time="56.301">
    <skipped/>
  </testcase> <!-- SearchProductTC6_FilterAmazon -->
  <testcase classname="project1_Amazon.TC6_SearchingByFilters" name="SearchProductTC6_FilterAmazon" time="31.931">
    <failure type="java.lang.AssertionError" message="Assertion Is Got Failed
	expected [Amazon.in: Shoe - 256097 / ₹2,600 - ₹4,000 / 8: Shoes &amp;amp; Handbags] but found [Amazon.in: Shoe - 256097 / ₹2,600 - ₹4,000 / 8 / Shoe / Footwear: Product Types]">
      <![CDATA[java.lang.AssertionError: Assertion Is Got Failed
expected [Amazon.in: Shoe - 256097 / ₹2,600 - ₹4,000 / 8: Shoes & Handbags] but found [Amazon.in: Shoe - 256097 / ₹2,600 - ₹4,000 / 8 / Shoe / Footwear: Product Types]
at project1_Amazon.TC6_SearchingByFilters.SearchProductTC6_FilterAmazon(TC6_SearchingByFilters.java:81)
at java.base/java.util.ArrayList.forEach(ArrayList.java:1596)
... Removed 30 stack frames]]>
    </failure>
  </testcase> <!-- SearchProductTC6_FilterAmazon -->
  <testcase classname="project1_Amazon.TC3_Fail_Login" name="LoginFailTC3_ToAmazon" time="9.742"/>
  <testcase classname="project1_Amazon.TC2_Login" name="LoginTC2_ToAmazon" time="22.306"/>
  <testcase classname="project1_Amazon.TC9_AddToCart" name="ProductTC9_AddToCartAmazon" time="42.297">
    <skipped/>
  </testcase> <!-- ProductTC9_AddToCartAmazon -->
  <testcase classname="project1_Amazon.TC9_AddToCart" name="ProductTC9_AddToCartAmazon" time="23.876">
    <failure type="java.util.NoSuchElementException">
      <![CDATA[java.util.NoSuchElementException
at java.base/java.util.LinkedHashMap$LinkedHashIterator.nextNode(LinkedHashMap.java:1025)
at java.base/java.util.LinkedHashMap$LinkedKeyIterator.next(LinkedHashMap.java:1046)
at project1_Amazon_Src.Amazon_ProductPage1.ControlChild(Amazon_ProductPage1.java:83)
at project1_Amazon.TC9_AddToCart.ProductTC9_AddToCartAmazon(TC9_AddToCart.java:51)
at java.base/java.util.ArrayList.forEach(ArrayList.java:1596)
... Removed 29 stack frames]]>
    </failure>
  </testcase> <!-- ProductTC9_AddToCartAmazon -->
  <testcase classname="project1_Amazon.V_TC11_BuyCheckout_PaymentReview" name="BuyProductTC11_Checkout_PaymentAmazon" time="24.242">
    <skipped/>
  </testcase> <!-- BuyProductTC11_Checkout_PaymentAmazon -->
  <testcase classname="project1_Amazon.V_TC11_BuyCheckout_PaymentReview" name="BuyProductTC11_Checkout_PaymentAmazon" time="22.049">
    <failure type="java.util.NoSuchElementException">
      <![CDATA[java.util.NoSuchElementException
at java.base/java.util.LinkedHashMap$LinkedHashIterator.nextNode(LinkedHashMap.java:1025)
at java.base/java.util.LinkedHashMap$LinkedKeyIterator.next(LinkedHashMap.java:1046)
at project1_Amazon_Src.Amazon_BuyCheckOutPage.ControlChild(Amazon_BuyCheckOutPage.java:99)
at project1_Amazon.V_TC11_BuyCheckout_PaymentReview.BuyProductTC11_Checkout_PaymentAmazon(V_TC11_BuyCheckout_PaymentReview.java:52)
at java.base/java.util.ArrayList.forEach(ArrayList.java:1596)
... Removed 29 stack frames]]>
    </failure>
  </testcase> <!-- BuyProductTC11_Checkout_PaymentAmazon -->
  <testcase classname="project1_Amazon.TC4_EditProfile" name="EditProfileTC4_Amazon" time="23.854"/>
  <testcase classname="project1_Amazon.W_TC12_SelectEach_PaymentMthd" name="SelectTC12_AllPaymentAmazon" time="35.625">
    <skipped/>
  </testcase> <!-- SelectTC12_AllPaymentAmazon -->
  <testcase classname="project1_Amazon.W_TC12_SelectEach_PaymentMthd" name="SelectTC12_AllPaymentAmazon" time="33.509">
    <failure type="java.util.NoSuchElementException">
      <![CDATA[java.util.NoSuchElementException
at java.base/java.util.LinkedHashMap$LinkedHashIterator.nextNode(LinkedHashMap.java:1025)
at java.base/java.util.LinkedHashMap$LinkedKeyIterator.next(LinkedHashMap.java:1046)
at project1_Amazon_Src.Amazon_PaymentMethodPage.ControlChild(Amazon_PaymentMethodPage.java:94)
at project1_Amazon.W_TC12_SelectEach_PaymentMthd.SelectTC12_AllPaymentAmazon(W_TC12_SelectEach_PaymentMthd.java:52)
at java.base/java.util.ArrayList.forEach(ArrayList.java:1596)
... Removed 29 stack frames]]>
    </failure>
  </testcase> <!-- SelectTC12_AllPaymentAmazon -->
  <testcase classname="project1_Amazon.TC7_Product_details_Display" name="ProductDetailsTC7_DisplayAmazon" time="30.164">
    <skipped/>
  </testcase> <!-- ProductDetailsTC7_DisplayAmazon -->
  <testcase classname="project1_Amazon.TC7_Product_details_Display" name="ProductDetailsTC7_DisplayAmazon" time="31.631">
    <failure type="java.util.NoSuchElementException">
      <![CDATA[java.util.NoSuchElementException
at java.base/java.util.LinkedHashMap$LinkedHashIterator.nextNode(LinkedHashMap.java:1025)
at java.base/java.util.LinkedHashMap$LinkedKeyIterator.next(LinkedHashMap.java:1046)
at project1_Amazon_Src.Amazon_ProductPage1.ControlChild(Amazon_ProductPage1.java:83)
at project1_Amazon.TC7_Product_details_Display.ProductDetailsTC7_DisplayAmazon(TC7_Product_details_Display.java:53)
at java.base/java.util.ArrayList.forEach(ArrayList.java:1596)
... Removed 29 stack frames]]>
    </failure>
  </testcase> <!-- ProductDetailsTC7_DisplayAmazon -->
  <testcase classname="project1_Amazon.X_TC13_Apply_CouponCode" name="ApplyCouponCodeTC13_OrderingAmazon" time="30.919">
    <skipped/>
  </testcase> <!-- ApplyCouponCodeTC13_OrderingAmazon -->
  <testcase classname="project1_Amazon.X_TC13_Apply_CouponCode" name="ApplyCouponCodeTC13_OrderingAmazon" time="36.35">
    <failure type="java.util.NoSuchElementException">
      <![CDATA[java.util.NoSuchElementException
at java.base/java.util.LinkedHashMap$LinkedHashIterator.nextNode(LinkedHashMap.java:1025)
at java.base/java.util.LinkedHashMap$LinkedKeyIterator.next(LinkedHashMap.java:1046)
at project1_Amazon_Src.Amazon_BuyCheckOutPage.ControlChild(Amazon_BuyCheckOutPage.java:99)
at project1_Amazon.X_TC13_Apply_CouponCode.ApplyCouponCodeTC13_OrderingAmazon(X_TC13_Apply_CouponCode.java:52)
at java.base/java.util.ArrayList.forEach(ArrayList.java:1596)
... Removed 29 stack frames]]>
    </failure>
  </testcase> <!-- ApplyCouponCodeTC13_OrderingAmazon -->
  <testcase classname="project1_Amazon.U_TC10_Add_Update_RemoveCart" name="AddProductTC10_RemoveCartAmazon" time="30.425">
    <skipped/>
  </testcase> <!-- AddProductTC10_RemoveCartAmazon -->
  <testcase classname="project1_Amazon.U_TC10_Add_Update_RemoveCart" name="AddProductTC10_RemoveCartAmazon" time="37.877">
    <failure type="java.util.NoSuchElementException">
      <![CDATA[java.util.NoSuchElementException
at java.base/java.util.LinkedHashMap$LinkedHashIterator.nextNode(LinkedHashMap.java:1025)
at java.base/java.util.LinkedHashMap$LinkedKeyIterator.next(LinkedHashMap.java:1046)
at project1_Amazon_Src.Amazon_ProductPage3.ControlChild(Amazon_ProductPage3.java:88)
at project1_Amazon.U_TC10_Add_Update_RemoveCart.AddProductTC10_RemoveCartAmazon(U_TC10_Add_Update_RemoveCart.java:51)
at java.base/java.util.ArrayList.forEach(ArrayList.java:1596)
... Removed 29 stack frames]]>
    </failure>
  </testcase> <!-- AddProductTC10_RemoveCartAmazon -->
  <testcase classname="project1_Amazon.TC8_ProductSort" name="ProductTC8_SortAmazon" time="0.004">
    <skipped/>
  </testcase> <!-- ProductTC8_SortAmazon -->
  <testcase classname="project1_Amazon.Y_TC14_StarRating" name="Star5TC14_Rating_LastOrder_Amazon" time="40.751">
    <skipped/>
  </testcase> <!-- Star5TC14_Rating_LastOrder_Amazon -->
  <testcase classname="project1_Amazon.Y_TC14_StarRating" name="Star5TC14_Rating_LastOrder_Amazon" time="28.97">
    <failure type="org.openqa.selenium.WebDriverException" message="target frame detached: received Inspector.detached event
  (Session info: MicrosoftEdge=137.0.3296.93)
Build info: version: &amp;apos;4.33.0&amp;apos;, revision: &amp;apos;2c6aaad03a&amp;apos;
System info: os.name: &amp;apos;Windows 11&amp;apos;, os.arch: &amp;apos;amd64&amp;apos;, os.version: &amp;apos;10.0&amp;apos;, java.version: &amp;apos;21.0.6&amp;apos;
Driver info: org.openqa.selenium.edge.EdgeDriver
Command: [8456db5a84619f11f52bc1c69d0d1b90, actions {actions=[org.openqa.selenium.interactions.Sequence@16e0afab]}]
Capabilities {acceptInsecureCerts: false, browserName: MicrosoftEdge, browserVersion: 137.0.3296.93, fedcm:accounts: true, ms:edgeOptions: {debuggerAddress: localhost:58852}, msedge: {msedgedriverVersion: 137.0.3296.93 (114b4a913acd..., userDataDir: C:\Users\ajitc\AppData\Loca...}, networkConnectionEnabled: false, pageLoadStrategy: normal, platformName: windows, proxy: Proxy(), se:cdp: ws://localhost:58852/devtoo..., se:cdpVersion: 137.0.3296.93, setWindowRect: true, strictFileInteractability: false, timeouts: {implicit: 0, pageLoad: 300000, script: 30000}, unhandledPromptBehavior: dismiss and notify, webauthn:extension:credBlob: true, webauthn:extension:largeBlob: true, webauthn:extension:minPinLength: true, webauthn:extension:prf: true, webauthn:virtualAuthenticators: true}
Session ID: 8456db5a84619f11f52bc1c69d0d1b90">
      <![CDATA[org.openqa.selenium.WebDriverException: target frame detached: received Inspector.detached event
  (Session info: MicrosoftEdge=137.0.3296.93)
Build info: version: '4.33.0', revision: '2c6aaad03a'
System info: os.name: 'Windows 11', os.arch: 'amd64', os.version: '10.0', java.version: '21.0.6'
Driver info: org.openqa.selenium.edge.EdgeDriver
Command: [8456db5a84619f11f52bc1c69d0d1b90, actions {actions=[org.openqa.selenium.interactions.Sequence@16e0afab]}]
Capabilities {acceptInsecureCerts: false, browserName: MicrosoftEdge, browserVersion: 137.0.3296.93, fedcm:accounts: true, ms:edgeOptions: {debuggerAddress: localhost:58852}, msedge: {msedgedriverVersion: 137.0.3296.93 (114b4a913acd..., userDataDir: C:\Users\ajitc\AppData\Loca...}, networkConnectionEnabled: false, pageLoadStrategy: normal, platformName: windows, proxy: Proxy(), se:cdp: ws://localhost:58852/devtoo..., se:cdpVersion: 137.0.3296.93, setWindowRect: true, strictFileInteractability: false, timeouts: {implicit: 0, pageLoad: 300000, script: 30000}, unhandledPromptBehavior: dismiss and notify, webauthn:extension:credBlob: true, webauthn:extension:largeBlob: true, webauthn:extension:minPinLength: true, webauthn:extension:prf: true, webauthn:virtualAuthenticators: true}
Session ID: 8456db5a84619f11f52bc1c69d0d1b90
at org.openqa.selenium.remote.ErrorCodec.decode(ErrorCodec.java:167)
at org.openqa.selenium.remote.codec.w3c.W3CHttpResponseCodec.decode(W3CHttpResponseCodec.java:138)
at org.openqa.selenium.remote.codec.w3c.W3CHttpResponseCodec.decode(W3CHttpResponseCodec.java:50)
at org.openqa.selenium.remote.HttpCommandExecutor.execute(HttpCommandExecutor.java:215)
at org.openqa.selenium.remote.service.DriverCommandExecutor.invokeExecute(DriverCommandExecutor.java:216)
at org.openqa.selenium.remote.service.DriverCommandExecutor.execute(DriverCommandExecutor.java:174)
at org.openqa.selenium.remote.RemoteWebDriver.execute(RemoteWebDriver.java:544)
at org.openqa.selenium.remote.RemoteWebDriver.perform(RemoteWebDriver.java:630)
at org.openqa.selenium.interactions.Actions$BuiltAction.perform(Actions.java:616)
at org.openqa.selenium.interactions.Actions.perform(Actions.java:581)
at project1_Amazon_Src.Amazon_HomePage.HoverOver(Amazon_HomePage.java:45)
at project1_Amazon.Y_TC14_StarRating.Star5TC14_Rating_LastOrder_Amazon(Y_TC14_StarRating.java:32)
at java.base/java.util.ArrayList.forEach(ArrayList.java:1596)
... Removed 32 stack frames]]>
    </failure>
  </testcase> <!-- Star5TC14_Rating_LastOrder_Amazon -->
  <testcase classname="project1_Amazon.Y_TC14_StarRating" name="Star5TC14_Rating_LastOrder_Amazon" time="265.948">
    <failure type="org.openqa.selenium.TimeoutException" message="java.util.concurrent.TimeoutException
Build info: version: &amp;apos;4.33.0&amp;apos;, revision: &amp;apos;2c6aaad03a&amp;apos;
System info: os.name: &amp;apos;Windows 11&amp;apos;, os.arch: &amp;apos;amd64&amp;apos;, os.version: &amp;apos;10.0&amp;apos;, java.version: &amp;apos;21.0.6&amp;apos;
Driver info: org.openqa.selenium.edge.EdgeDriver
Command: [8456db5a84619f11f52bc1c69d0d1b90, screenshot {}]
Capabilities {acceptInsecureCerts: false, browserName: MicrosoftEdge, browserVersion: 137.0.3296.93, fedcm:accounts: true, ms:edgeOptions: {debuggerAddress: localhost:58852}, msedge: {msedgedriverVersion: 137.0.3296.93 (114b4a913acd..., userDataDir: C:\Users\ajitc\AppData\Loca...}, networkConnectionEnabled: false, pageLoadStrategy: normal, platformName: windows, proxy: Proxy(), se:cdp: ws://localhost:58852/devtoo..., se:cdpVersion: 137.0.3296.93, setWindowRect: true, strictFileInteractability: false, timeouts: {implicit: 0, pageLoad: 300000, script: 30000}, unhandledPromptBehavior: dismiss and notify, webauthn:extension:credBlob: true, webauthn:extension:largeBlob: true, webauthn:extension:minPinLength: true, webauthn:extension:prf: true, webauthn:virtualAuthenticators: true}
Session ID: 8456db5a84619f11f52bc1c69d0d1b90">
      <![CDATA[org.openqa.selenium.TimeoutException: java.util.concurrent.TimeoutException
Build info: version: '4.33.0', revision: '2c6aaad03a'
System info: os.name: 'Windows 11', os.arch: 'amd64', os.version: '10.0', java.version: '21.0.6'
Driver info: org.openqa.selenium.edge.EdgeDriver
Command: [8456db5a84619f11f52bc1c69d0d1b90, screenshot {}]
Capabilities {acceptInsecureCerts: false, browserName: MicrosoftEdge, browserVersion: 137.0.3296.93, fedcm:accounts: true, ms:edgeOptions: {debuggerAddress: localhost:58852}, msedge: {msedgedriverVersion: 137.0.3296.93 (114b4a913acd..., userDataDir: C:\Users\ajitc\AppData\Loca...}, networkConnectionEnabled: false, pageLoadStrategy: normal, platformName: windows, proxy: Proxy(), se:cdp: ws://localhost:58852/devtoo..., se:cdpVersion: 137.0.3296.93, setWindowRect: true, strictFileInteractability: false, timeouts: {implicit: 0, pageLoad: 300000, script: 30000}, unhandledPromptBehavior: dismiss and notify, webauthn:extension:credBlob: true, webauthn:extension:largeBlob: true, webauthn:extension:minPinLength: true, webauthn:extension:prf: true, webauthn:virtualAuthenticators: true}
Session ID: 8456db5a84619f11f52bc1c69d0d1b90
at org.openqa.selenium.remote.http.jdk.JdkHttpClient.execute(JdkHttpClient.java:427)
at org.openqa.selenium.remote.HttpCommandExecutor.execute(HttpCommandExecutor.java:212)
at org.openqa.selenium.remote.service.DriverCommandExecutor.invokeExecute(DriverCommandExecutor.java:216)
at org.openqa.selenium.remote.service.DriverCommandExecutor.execute(DriverCommandExecutor.java:174)
at org.openqa.selenium.remote.RemoteWebDriver.execute(RemoteWebDriver.java:544)
at org.openqa.selenium.remote.RemoteWebDriver.execute(RemoteWebDriver.java:617)
at org.openqa.selenium.remote.RemoteWebDriver.execute(RemoteWebDriver.java:621)
at org.openqa.selenium.remote.RemoteWebDriver.getScreenshotAs(RemoteWebDriver.java:333)
at project1_Amazon.Amazon_ITestListener.onTestFailure(Amazon_ITestListener.java:69)
at java.base/java.util.ArrayList.forEach(ArrayList.java:1596)
Caused by: java.util.concurrent.TimeoutException
at java.base/java.util.concurrent.CompletableFuture$Timeout.run(CompletableFuture.java:2920)
at java.base/java.util.concurrent.Executors$RunnableAdapter.call(Executors.java:572)
at java.base/java.util.concurrent.FutureTask.run(FutureTask.java:317)
at java.base/java.util.concurrent.ScheduledThreadPoolExecutor$ScheduledFutureTask.run(ScheduledThreadPoolExecutor.java:304)
at java.base/java.util.concurrent.ThreadPoolExecutor.runWorker(ThreadPoolExecutor.java:1144)
at java.base/java.util.concurrent.ThreadPoolExecutor$Worker.run(ThreadPoolExecutor.java:642)
at java.base/java.lang.Thread.run(Thread.java:1583)
... Removed 28 stack frames]]>
    </failure>
  </testcase> <!-- Star5TC14_Rating_LastOrder_Amazon -->
  <testcase classname="project1_Amazon.AmazonPr_BaseClass" name="@BeforeSuite extentreport" time="0.0">
    <ignored/>
  </testcase> <!-- @BeforeSuite extentreport -->
  <testcase classname="project1_Amazon.AmazonPr_BaseClass" name="@BeforeSuite extentreport" time="0.0">
    <ignored/>
  </testcase> <!-- @BeforeSuite extentreport -->
  <testcase classname="project1_Amazon.AmazonPr_BaseClass" name="@AfterSuite extentreport1" time="0.0">
    <ignored/>
  </testcase> <!-- @AfterSuite extentreport1 -->
  <testcase classname="project1_Amazon.AmazonPr_BaseClass" name="@AfterSuite extentreport1" time="0.0">
    <ignored/>
  </testcase> <!-- @AfterSuite extentreport1 -->
  <testcase classname="project1_Amazon.AmazonPr_BaseClass" name="@AfterSuite extentreport1" time="0.0">
    <ignored/>
  </testcase> <!-- @AfterSuite extentreport1 -->
  <testcase classname="project1_Amazon.AmazonPr_BaseClass" name="@BeforeSuite extentreport" time="0.0">
    <ignored/>
  </testcase> <!-- @BeforeSuite extentreport -->
  <testcase classname="project1_Amazon.AmazonPr_BaseClass" name="@BeforeSuite extentreport" time="0.0">
    <ignored/>
  </testcase> <!-- @BeforeSuite extentreport -->
  <testcase classname="project1_Amazon.AmazonPr_BaseClass" name="@BeforeSuite extentreport" time="0.0">
    <ignored/>
  </testcase> <!-- @BeforeSuite extentreport -->
  <testcase classname="project1_Amazon.AmazonPr_BaseClass" name="@AfterSuite extentreport1" time="0.0">
    <ignored/>
  </testcase> <!-- @AfterSuite extentreport1 -->
  <testcase classname="project1_Amazon.AmazonPr_BaseClass" name="@BeforeSuite extentreport" time="0.0">
    <ignored/>
  </testcase> <!-- @BeforeSuite extentreport -->
  <testcase classname="project1_Amazon.AmazonPr_BaseClass" name="@BeforeSuite extentreport" time="0.0">
    <ignored/>
  </testcase> <!-- @BeforeSuite extentreport -->
  <testcase classname="project1_Amazon.AmazonPr_BaseClass" name="@BeforeSuite extentreport" time="0.0">
    <ignored/>
  </testcase> <!-- @BeforeSuite extentreport -->
  <testcase classname="project1_Amazon.AmazonPr_BaseClass" name="@AfterSuite extentreport1" time="0.0">
    <ignored/>
  </testcase> <!-- @AfterSuite extentreport1 -->
  <testcase classname="project1_Amazon.AmazonPr_BaseClass" name="@AfterSuite extentreport1" time="0.0">
    <ignored/>
  </testcase> <!-- @AfterSuite extentreport1 -->
  <testcase classname="project1_Amazon.AmazonPr_BaseClass" name="@BeforeSuite extentreport" time="0.0">
    <ignored/>
  </testcase> <!-- @BeforeSuite extentreport -->
  <testcase classname="project1_Amazon.AmazonPr_BaseClass" name="@BeforeSuite extentreport" time="0.0">
    <ignored/>
  </testcase> <!-- @BeforeSuite extentreport -->
  <testcase classname="project1_Amazon.AmazonPr_BaseClass" name="@AfterSuite extentreport1" time="0.0">
    <ignored/>
  </testcase> <!-- @AfterSuite extentreport1 -->
  <testcase classname="project1_Amazon.AmazonPr_BaseClass" name="@AfterSuite extentreport1" time="0.0">
    <ignored/>
  </testcase> <!-- @AfterSuite extentreport1 -->
  <testcase classname="project1_Amazon.AmazonPr_BaseClass" name="@AfterSuite extentreport1" time="0.0">
    <ignored/>
  </testcase> <!-- @AfterSuite extentreport1 -->
  <testcase classname="project1_Amazon.AmazonPr_BaseClass" name="@AfterSuite extentreport1" time="0.0">
    <ignored/>
  </testcase> <!-- @AfterSuite extentreport1 -->
  <testcase classname="project1_Amazon.AmazonPr_BaseClass" name="@AfterSuite extentreport1" time="0.0">
    <ignored/>
  </testcase> <!-- @AfterSuite extentreport1 -->
  <testcase classname="project1_Amazon.AmazonPr_BaseClass" name="@AfterSuite extentreport1" time="0.0">
    <ignored/>
  </testcase> <!-- @AfterSuite extentreport1 -->
  <testcase classname="project1_Amazon.AmazonPr_BaseClass" name="@BeforeSuite extentreport" time="0.0">
    <ignored/>
  </testcase> <!-- @BeforeSuite extentreport -->
  <testcase classname="project1_Amazon.AmazonPr_BaseClass" name="@BeforeSuite extentreport" time="0.0">
    <ignored/>
  </testcase> <!-- @BeforeSuite extentreport -->
  <testcase classname="project1_Amazon.AmazonPr_BaseClass" name="@BeforeSuite extentreport" time="0.0">
    <ignored/>
  </testcase> <!-- @BeforeSuite extentreport -->
  <testcase classname="project1_Amazon.AmazonPr_BaseClass" name="@AfterSuite extentreport1" time="0.0">
    <ignored/>
  </testcase> <!-- @AfterSuite extentreport1 -->
  <testcase classname="project1_Amazon.AmazonPr_BaseClass" name="@BeforeSuite extentreport" time="0.0">
    <ignored/>
  </testcase> <!-- @BeforeSuite extentreport -->
  <testcase classname="project1_Amazon.AmazonPr_BaseClass" name="@AfterSuite extentreport1" time="0.0">
    <ignored/>
  </testcase> <!-- @AfterSuite extentreport1 -->
</testsuite> <!-- Amazon Project TestCases Test -->
